<?xml version="1.0" encoding="UTF-8"?>
<robot generator="Robot 7.0 (Python 3.11.4 on win32)" generated="2024-03-06T18:34:49.058868" rpa="false" schemaversion="5">
<suite id="s1" name="AU Dealer Check" source="C:\Users\Tyron.Demate\PycharmProjects\pythonProject2\Resource\testsuites\Dealer\AU_TC\P1\AU_Dealer_Check.robot">
<test id="s1-t1" name="Test Setup" line="14">
<kw name="Run Keywords" owner="BuiltIn">
<kw name="Open Chrome Browser AU" owner="AU_P1_Config">
<kw name="Open Browser" owner="SeleniumLibrary">
<msg time="2024-03-06T18:34:49.295904" level="INFO">Opening browser 'Chrome' to base url 'https://dealer.partslane.com.au/dppdealer'.</msg>
<arg>${p1Dealer}</arg>
<arg>Chrome</arg>
<arg>executable_path=${driver_path}</arg>
<doc>Opens a new browser instance to the optional ``url``.</doc>
<status status="PASS" start="2024-03-06T18:34:49.294919" elapsed="10.883627"/>
</kw>
<kw name="Maximize Browser Window" owner="SeleniumLibrary">
<doc>Maximizes current browser window.</doc>
<status status="PASS" start="2024-03-06T18:35:00.178546" elapsed="0.144042"/>
</kw>
<status status="PASS" start="2024-03-06T18:34:49.294919" elapsed="11.027669"/>
</kw>
<arg>Open Chrome Browser AU</arg>
<doc>Executes all the given keywords in a sequence.</doc>
<status status="PASS" start="2024-03-06T18:34:49.294919" elapsed="11.028664"/>
</kw>
<status status="PASS" start="2024-03-06T18:34:49.292903" elapsed="11.030680"/>
</test>
<test id="s1-t2" name="Screen Shot DIR" line="15">
<kw name="Run Keywords" owner="BuiltIn">
<kw name="Dealer Screent Shot DIR AU" owner="AU_P1_Config">
<kw name="Get Current Date" owner="DateTime">
<msg time="2024-03-06T18:35:00.328593" level="INFO">${currentdate} = 03-06-24 18-35</msg>
<var>${currentdate}</var>
<arg>result_format=%m-%d-%y %H-%M</arg>
<doc>Returns current local or UTC time with an optional increment.</doc>
<status status="PASS" start="2024-03-06T18:35:00.327586" elapsed="0.001007"/>
</kw>
<kw name="Create Directory" owner="OperatingSystem">
<msg time="2024-03-06T18:35:00.331117" level="INFO" html="true">Created directory '&lt;a href="file://C:\Users\Tyron.Demate\PycharmProjects\pythonProject2\Resource\testsuites\Dealer\Screenshots\AU\P1\AU_03-06-24 18-35"&gt;C:\Users\Tyron.Demate\PycharmProjects\pythonProject2\Resource\testsuites\Dealer\Screenshots\AU\P1\AU_03-06-24 18-35&lt;/a&gt;'.</msg>
<arg>${Dealer_screenshot_path}/AU_${currentdate}</arg>
<doc>Creates the specified directory.</doc>
<status status="PASS" start="2024-03-06T18:35:00.329585" elapsed="0.002542"/>
</kw>
<kw name="Convert To String" owner="BuiltIn">
<msg time="2024-03-06T18:35:00.333132" level="INFO">${LogDIR} = C:\Users\Tyron.Demate\PycharmProjects\pythonProject2\Resource\testsuites\Dealer\Screenshots\AU\P1/AU_03-06-24 18-35</msg>
<var>${LogDIR}</var>
<arg>${Dealer_screenshot_path}/AU_${currentdate}</arg>
<doc>Converts the given item to a Unicode string.</doc>
<status status="PASS" start="2024-03-06T18:35:00.333132" elapsed="0.000000"/>
</kw>
<kw name="Set Screenshot Directory" owner="SeleniumLibrary">
<arg>${LogDIR}</arg>
<doc>Sets the directory for captured screenshots.</doc>
<status status="PASS" start="2024-03-06T18:35:00.334131" elapsed="0.001000"/>
</kw>
<kw name="Set Global Variable" owner="BuiltIn">
<msg time="2024-03-06T18:35:00.337133" level="INFO">${LogDIR} = C:\Users\Tyron.Demate\PycharmProjects\pythonProject2\Resource\testsuites\Dealer\Screenshots\AU\P1/AU_03-06-24 18-35</msg>
<arg>${LogDIR}</arg>
<doc>Makes a variable available globally in all tests and suites.</doc>
<status status="PASS" start="2024-03-06T18:35:00.336129" elapsed="0.001004"/>
</kw>
<status status="PASS" start="2024-03-06T18:35:00.326585" elapsed="0.011540"/>
</kw>
<arg>Dealer Screent Shot DIR AU</arg>
<doc>Executes all the given keywords in a sequence.</doc>
<status status="PASS" start="2024-03-06T18:35:00.326585" elapsed="0.011540"/>
</kw>
<status status="PASS" start="2024-03-06T18:35:00.325584" elapsed="0.014055"/>
</test>
<test id="s1-t3" name="TC Sleep" line="17">
<kw name="Run Keyword And Continue On Failure" owner="BuiltIn">
<kw name="TC Sleep AU" owner="AU_P1_Config">
<kw name="Sleep" owner="BuiltIn">
<msg time="2024-03-06T18:35:10.343429" level="INFO">Slept 10 seconds.</msg>
<arg>10</arg>
<doc>Pauses the test executed for the given time.</doc>
<status status="PASS" start="2024-03-06T18:35:00.341768" elapsed="10.001661"/>
</kw>
<status status="PASS" start="2024-03-06T18:35:00.341768" elapsed="10.001661"/>
</kw>
<arg>TC Sleep AU</arg>
<doc>Runs the keyword and continues execution even if a failure occurs.</doc>
<status status="PASS" start="2024-03-06T18:35:00.341768" elapsed="10.001661"/>
</kw>
<tag>Sleep</tag>
<tag>TC Sleep AU</tag>
<status status="PASS" start="2024-03-06T18:35:00.340651" elapsed="10.004300"/>
</test>
<test id="s1-t4" name="TC-001 - Input Valid Email" line="21">
<kw name="Run Keyword And Continue On Failure" owner="BuiltIn">
<kw name="Input Valid Username" owner="Login_Page_Keywords">
<kw name="Clear Element Text" owner="SeleniumLibrary">
<arg>${Email}</arg>
<doc>Clears the value of the text-input-element identified by ``locator``.</doc>
<status status="PASS" start="2024-03-06T18:35:10.346958" elapsed="0.061872"/>
</kw>
<kw name="Input Text" owner="SeleniumLibrary">
<msg time="2024-03-06T18:35:10.409829" level="INFO">Typing text 'seller1.admin@test.com' into text field '//*[@type='email']'.</msg>
<arg>${Email}</arg>
<arg>${Username}</arg>
<doc>Types the given ``text`` into the text field identified by ``locator``.</doc>
<status status="PASS" start="2024-03-06T18:35:10.408830" elapsed="0.147405"/>
</kw>
<kw name="Capture Element Screenshot" owner="SeleniumLibrary">
<msg time="2024-03-06T18:35:10.652560" level="INFO" html="true">&lt;/td&gt;&lt;/tr&gt;&lt;tr&gt;&lt;td colspan="3"&gt;&lt;a href="../../Screenshots/AU/P1/AU_03-06-24%2018-35/selenium-element-screenshot-1.png"&gt;&lt;img src="../../Screenshots/AU/P1/AU_03-06-24%2018-35/selenium-element-screenshot-1.png" width="400px"&gt;&lt;/a&gt;</msg>
<arg>${Email}</arg>
<doc>Captures a screenshot from the element identified by ``locator`` and embeds it into log file.</doc>
<status status="PASS" start="2024-03-06T18:35:10.556235" elapsed="0.097326"/>
</kw>
<kw name="Sleep" owner="BuiltIn">
<msg time="2024-03-06T18:35:11.653825" level="INFO">Slept 1 second.</msg>
<arg>1</arg>
<doc>Pauses the test executed for the given time.</doc>
<status status="PASS" start="2024-03-06T18:35:10.653561" elapsed="1.000264"/>
</kw>
<status status="PASS" start="2024-03-06T18:35:10.346958" elapsed="1.306867"/>
</kw>
<arg>Input Valid Username</arg>
<doc>Runs the keyword and continues execution even if a failure occurs.</doc>
<status status="PASS" start="2024-03-06T18:35:10.346958" elapsed="1.306867"/>
</kw>
<tag>TC006</tag>
<tag>Valid Account</tag>
<status status="PASS" start="2024-03-06T18:35:10.345959" elapsed="1.308907"/>
</test>
<test id="s1-t5" name="TC-002 - Input Valid Password" line="26">
<kw name="Run Keyword And Continue On Failure" owner="BuiltIn">
<kw name="Input Valid Password" owner="Login_Page_Keywords">
<kw name="Clear Element Text" owner="SeleniumLibrary">
<arg>${Pass}</arg>
<doc>Clears the value of the text-input-element identified by ``locator``.</doc>
<status status="PASS" start="2024-03-06T18:35:11.657187" elapsed="0.038741"/>
</kw>
<kw name="Input Text" owner="SeleniumLibrary">
<msg time="2024-03-06T18:35:11.696871" level="INFO">Typing text 'sellEr@dm!n1' into text field '//*[@type='password']'.</msg>
<arg>${Pass}</arg>
<arg>${Password}</arg>
<doc>Types the given ``text`` into the text field identified by ``locator``.</doc>
<status status="PASS" start="2024-03-06T18:35:11.695928" elapsed="0.078881"/>
</kw>
<kw name="Capture Element Screenshot" owner="SeleniumLibrary">
<msg time="2024-03-06T18:35:11.873063" level="INFO" html="true">&lt;/td&gt;&lt;/tr&gt;&lt;tr&gt;&lt;td colspan="3"&gt;&lt;a href="../../Screenshots/AU/P1/AU_03-06-24%2018-35/selenium-element-screenshot-2.png"&gt;&lt;img src="../../Screenshots/AU/P1/AU_03-06-24%2018-35/selenium-element-screenshot-2.png" width="400px"&gt;&lt;/a&gt;</msg>
<arg>${Pass}</arg>
<doc>Captures a screenshot from the element identified by ``locator`` and embeds it into log file.</doc>
<status status="PASS" start="2024-03-06T18:35:11.775813" elapsed="0.098283"/>
</kw>
<kw name="Sleep" owner="BuiltIn">
<msg time="2024-03-06T18:35:12.874312" level="INFO">Slept 1 second.</msg>
<arg>1</arg>
<doc>Pauses the test executed for the given time.</doc>
<status status="PASS" start="2024-03-06T18:35:11.874096" elapsed="1.000216"/>
</kw>
<status status="PASS" start="2024-03-06T18:35:11.657187" elapsed="1.217125"/>
</kw>
<arg>Input Valid Password</arg>
<doc>Runs the keyword and continues execution even if a failure occurs.</doc>
<status status="PASS" start="2024-03-06T18:35:11.655835" elapsed="1.218477"/>
</kw>
<tag>TC007</tag>
<tag>Valid Account</tag>
<status status="PASS" start="2024-03-06T18:35:11.655835" elapsed="1.218477"/>
</test>
<test id="s1-t6" name="TC-003 - User should be able to click Login Button" line="30">
<kw name="Run Keyword And Continue On Failure" owner="BuiltIn">
<kw name="User should be able to click Login Button" owner="Login_Page_Keywords">
<kw name="Capture Element Screenshot" owner="SeleniumLibrary">
<msg time="2024-03-06T18:35:12.964304" level="INFO" html="true">&lt;/td&gt;&lt;/tr&gt;&lt;tr&gt;&lt;td colspan="3"&gt;&lt;a href="../../Screenshots/AU/P1/AU_03-06-24%2018-35/selenium-element-screenshot-3.png"&gt;&lt;img src="../../Screenshots/AU/P1/AU_03-06-24%2018-35/selenium-element-screenshot-3.png" width="400px"&gt;&lt;/a&gt;</msg>
<arg>${LoginButton}</arg>
<doc>Captures a screenshot from the element identified by ``locator`` and embeds it into log file.</doc>
<status status="PASS" start="2024-03-06T18:35:12.876938" elapsed="0.087366"/>
</kw>
<kw name="Click Element" owner="SeleniumLibrary">
<msg time="2024-03-06T18:35:12.965902" level="INFO">Clicking element '//button[@type='submit']'.</msg>
<arg>${LoginButton}</arg>
<doc>Click the element identified by ``locator``.</doc>
<status status="PASS" start="2024-03-06T18:35:12.964304" elapsed="0.058326"/>
</kw>
<kw name="Sleep" owner="BuiltIn">
<msg time="2024-03-06T18:35:15.023135" level="INFO">Slept 2 seconds.</msg>
<arg>2</arg>
<doc>Pauses the test executed for the given time.</doc>
<status status="PASS" start="2024-03-06T18:35:13.022630" elapsed="2.000505"/>
</kw>
<status status="PASS" start="2024-03-06T18:35:12.876938" elapsed="2.146197"/>
</kw>
<arg>User should be able to click Login Button</arg>
<doc>Runs the keyword and continues execution even if a failure occurs.</doc>
<status status="PASS" start="2024-03-06T18:35:12.876938" elapsed="2.146197"/>
</kw>
<kw name="Run Keyword And Continue On Failure" owner="BuiltIn">
<kw name="TC Sleep AU" owner="AU_P1_Config">
<kw name="Sleep" owner="BuiltIn">
<msg time="2024-03-06T18:35:25.028246" level="INFO">Slept 10 seconds.</msg>
<arg>10</arg>
<doc>Pauses the test executed for the given time.</doc>
<status status="PASS" start="2024-03-06T18:35:15.028020" elapsed="10.000226"/>
</kw>
<status status="PASS" start="2024-03-06T18:35:15.024270" elapsed="10.003976"/>
</kw>
<arg>TC Sleep AU</arg>
<doc>Runs the keyword and continues execution even if a failure occurs.</doc>
<status status="PASS" start="2024-03-06T18:35:15.024270" elapsed="10.003976"/>
</kw>
<tag>Login Button</tag>
<tag>TC008</tag>
<status status="PASS" start="2024-03-06T18:35:12.876065" elapsed="12.152697"/>
</test>
<test id="s1-t7" name="TC-004 - User should be able to view top navigation" line="35">
<kw name="Run Keyword And Continue On Failure" owner="BuiltIn">
<kw name="User should be able to view top navigation" owner="Home_Page_Keywords">
<kw name="Wait Until Element Is Visible" owner="SeleniumLibrary">
<arg>${HomepageUserAccount}</arg>
<arg>10</arg>
<doc>Waits until the element ``locator`` is visible.</doc>
<status status="PASS" start="2024-03-06T18:35:25.032786" elapsed="0.025983"/>
</kw>
<kw name="Wait Until Element Is Visible" owner="SeleniumLibrary">
<arg>${HomepageOrders}</arg>
<arg>10</arg>
<doc>Waits until the element ``locator`` is visible.</doc>
<status status="PASS" start="2024-03-06T18:35:25.058769" elapsed="0.018000"/>
</kw>
<kw name="Wait Until Element Is Visible" owner="SeleniumLibrary">
<arg>${HomepageReturn}</arg>
<arg>10</arg>
<doc>Waits until the element ``locator`` is visible.</doc>
<status status="PASS" start="2024-03-06T18:35:25.076769" elapsed="0.016001"/>
</kw>
<kw name="Wait Until Element Is Visible" owner="SeleniumLibrary">
<arg>${HomepageNewBuyer}</arg>
<arg>10</arg>
<doc>Waits until the element ``locator`` is visible.</doc>
<status status="PASS" start="2024-03-06T18:35:25.093773" elapsed="0.015005"/>
</kw>
<kw name="Wait Until Element Is Visible" owner="SeleniumLibrary">
<arg>${HomepageMessage}</arg>
<arg>10</arg>
<doc>Waits until the element ``locator`` is visible.</doc>
<status status="PASS" start="2024-03-06T18:35:25.108778" elapsed="0.015512"/>
</kw>
<kw name="Capture Element Screenshot" owner="SeleniumLibrary">
<msg time="2024-03-06T18:35:25.225557" level="INFO" html="true">&lt;/td&gt;&lt;/tr&gt;&lt;tr&gt;&lt;td colspan="3"&gt;&lt;a href="../../Screenshots/AU/P1/AU_03-06-24%2018-35/selenium-element-screenshot-4.png"&gt;&lt;img src="../../Screenshots/AU/P1/AU_03-06-24%2018-35/selenium-element-screenshot-4.png" width="400px"&gt;&lt;/a&gt;</msg>
<arg>${HomepageLogo}</arg>
<doc>Captures a screenshot from the element identified by ``locator`` and embeds it into log file.</doc>
<status status="PASS" start="2024-03-06T18:35:25.124290" elapsed="0.101267"/>
</kw>
<kw name="Capture Element Screenshot" owner="SeleniumLibrary">
<msg time="2024-03-06T18:35:25.319735" level="INFO" html="true">&lt;/td&gt;&lt;/tr&gt;&lt;tr&gt;&lt;td colspan="3"&gt;&lt;a href="../../Screenshots/AU/P1/AU_03-06-24%2018-35/selenium-element-screenshot-5.png"&gt;&lt;img src="../../Screenshots/AU/P1/AU_03-06-24%2018-35/selenium-element-screenshot-5.png" width="400px"&gt;&lt;/a&gt;</msg>
<arg>${HomepageUserAccount}</arg>
<doc>Captures a screenshot from the element identified by ``locator`` and embeds it into log file.</doc>
<status status="PASS" start="2024-03-06T18:35:25.225557" elapsed="0.094178"/>
</kw>
<kw name="Capture Element Screenshot" owner="SeleniumLibrary">
<msg time="2024-03-06T18:35:25.409040" level="INFO" html="true">&lt;/td&gt;&lt;/tr&gt;&lt;tr&gt;&lt;td colspan="3"&gt;&lt;a href="../../Screenshots/AU/P1/AU_03-06-24%2018-35/selenium-element-screenshot-6.png"&gt;&lt;img src="../../Screenshots/AU/P1/AU_03-06-24%2018-35/selenium-element-screenshot-6.png" width="400px"&gt;&lt;/a&gt;</msg>
<arg>${HomepageOrders}</arg>
<doc>Captures a screenshot from the element identified by ``locator`` and embeds it into log file.</doc>
<status status="PASS" start="2024-03-06T18:35:25.319735" elapsed="0.089305"/>
</kw>
<kw name="Capture Element Screenshot" owner="SeleniumLibrary">
<msg time="2024-03-06T18:35:25.505013" level="INFO" html="true">&lt;/td&gt;&lt;/tr&gt;&lt;tr&gt;&lt;td colspan="3"&gt;&lt;a href="../../Screenshots/AU/P1/AU_03-06-24%2018-35/selenium-element-screenshot-7.png"&gt;&lt;img src="../../Screenshots/AU/P1/AU_03-06-24%2018-35/selenium-element-screenshot-7.png" width="400px"&gt;&lt;/a&gt;</msg>
<arg>${HomepageReturn}</arg>
<doc>Captures a screenshot from the element identified by ``locator`` and embeds it into log file.</doc>
<status status="PASS" start="2024-03-06T18:35:25.410020" elapsed="0.094993"/>
</kw>
<kw name="Capture Element Screenshot" owner="SeleniumLibrary">
<msg time="2024-03-06T18:35:25.596380" level="INFO" html="true">&lt;/td&gt;&lt;/tr&gt;&lt;tr&gt;&lt;td colspan="3"&gt;&lt;a href="../../Screenshots/AU/P1/AU_03-06-24%2018-35/selenium-element-screenshot-8.png"&gt;&lt;img src="../../Screenshots/AU/P1/AU_03-06-24%2018-35/selenium-element-screenshot-8.png" width="400px"&gt;&lt;/a&gt;</msg>
<arg>${HomepageNewBuyer}</arg>
<doc>Captures a screenshot from the element identified by ``locator`` and embeds it into log file.</doc>
<status status="PASS" start="2024-03-06T18:35:25.505013" elapsed="0.091367"/>
</kw>
<kw name="Capture Element Screenshot" owner="SeleniumLibrary">
<msg time="2024-03-06T18:35:25.688562" level="INFO" html="true">&lt;/td&gt;&lt;/tr&gt;&lt;tr&gt;&lt;td colspan="3"&gt;&lt;a href="../../Screenshots/AU/P1/AU_03-06-24%2018-35/selenium-element-screenshot-9.png"&gt;&lt;img src="../../Screenshots/AU/P1/AU_03-06-24%2018-35/selenium-element-screenshot-9.png" width="400px"&gt;&lt;/a&gt;</msg>
<arg>${HomepageMessage}</arg>
<doc>Captures a screenshot from the element identified by ``locator`` and embeds it into log file.</doc>
<status status="PASS" start="2024-03-06T18:35:25.596380" elapsed="0.092182"/>
</kw>
<status status="PASS" start="2024-03-06T18:35:25.031771" elapsed="0.656791"/>
</kw>
<arg>User should be able to view top navigation</arg>
<doc>Runs the keyword and continues execution even if a failure occurs.</doc>
<status status="PASS" start="2024-03-06T18:35:25.031771" elapsed="0.656791"/>
</kw>
<tag>TC014</tag>
<tag>Top Navigation</tag>
<status status="PASS" start="2024-03-06T18:35:25.030771" elapsed="0.658830"/>
</test>
<test id="s1-t8" name="TC-005 - User should be able to click account from top navigation" line="39">
<kw name="Run Keyword And Continue On Failure" owner="BuiltIn">
<kw name="User should be able to click account from top navigation" owner="Home_Page_Keywords">
<kw name="Click Element" owner="SeleniumLibrary">
<msg time="2024-03-06T18:35:25.692320" level="INFO">Clicking element '//dpp-login//button|(//dpp-login//button)[1]'.</msg>
<arg>${HomepageUserAccount}</arg>
<doc>Click the element identified by ``locator``.</doc>
<status status="PASS" start="2024-03-06T18:35:25.692320" elapsed="0.045877"/>
</kw>
<kw name="Sleep" owner="BuiltIn">
<msg time="2024-03-06T18:35:30.739596" level="INFO">Slept 5 seconds.</msg>
<arg>5</arg>
<doc>Pauses the test executed for the given time.</doc>
<status status="PASS" start="2024-03-06T18:35:25.738197" elapsed="5.001399"/>
</kw>
<kw name="Capture Page Screenshot" owner="SeleniumLibrary">
<msg time="2024-03-06T18:35:30.852037" level="INFO" html="true">&lt;/td&gt;&lt;/tr&gt;&lt;tr&gt;&lt;td colspan="3"&gt;&lt;a href="../../Screenshots/AU/P1/AU_03-06-24%2018-35/selenium-screenshot-1.png"&gt;&lt;img src="../../Screenshots/AU/P1/AU_03-06-24%2018-35/selenium-screenshot-1.png" width="800px"&gt;&lt;/a&gt;</msg>
<doc>Takes a screenshot of the current page and embeds it into a log file.</doc>
<status status="PASS" start="2024-03-06T18:35:30.739596" elapsed="0.112441"/>
</kw>
<status status="PASS" start="2024-03-06T18:35:25.692320" elapsed="5.159717"/>
</kw>
<arg>User should be able to click account from top navigation</arg>
<doc>Runs the keyword and continues execution even if a failure occurs.</doc>
<status status="PASS" start="2024-03-06T18:35:25.691321" elapsed="5.160716"/>
</kw>
<tag>TC015</tag>
<tag>Top Navigation</tag>
<status status="PASS" start="2024-03-06T18:35:25.691321" elapsed="5.161913"/>
</test>
<test id="s1-t9" name="TC-006 - User should be able to click orders from top navigation" line="43">
<kw name="Run Keyword And Continue On Failure" owner="BuiltIn">
<kw name="User should be able to click orders from top navigation" owner="Home_Page_Keywords">
<kw name="Click Element" owner="SeleniumLibrary">
<msg time="2024-03-06T18:35:30.856243" level="INFO">Clicking element '//dpp-order-notification//cx-icon[@class='cx-icon dpp-icons__header-orders']'.</msg>
<arg>${HomepageOrders}</arg>
<doc>Click the element identified by ``locator``.</doc>
<status status="PASS" start="2024-03-06T18:35:30.855241" elapsed="0.048003"/>
</kw>
<kw name="Sleep" owner="BuiltIn">
<msg time="2024-03-06T18:35:35.903557" level="INFO">Slept 5 seconds.</msg>
<arg>5</arg>
<doc>Pauses the test executed for the given time.</doc>
<status status="PASS" start="2024-03-06T18:35:30.903244" elapsed="5.000313"/>
</kw>
<kw name="Capture Page Screenshot" owner="SeleniumLibrary">
<msg time="2024-03-06T18:35:36.019382" level="INFO" html="true">&lt;/td&gt;&lt;/tr&gt;&lt;tr&gt;&lt;td colspan="3"&gt;&lt;a href="../../Screenshots/AU/P1/AU_03-06-24%2018-35/selenium-screenshot-2.png"&gt;&lt;img src="../../Screenshots/AU/P1/AU_03-06-24%2018-35/selenium-screenshot-2.png" width="800px"&gt;&lt;/a&gt;</msg>
<doc>Takes a screenshot of the current page and embeds it into a log file.</doc>
<status status="PASS" start="2024-03-06T18:35:35.904474" elapsed="0.114908"/>
</kw>
<status status="PASS" start="2024-03-06T18:35:30.855241" elapsed="5.164141"/>
</kw>
<arg>User should be able to click orders from top navigation</arg>
<doc>Runs the keyword and continues execution even if a failure occurs.</doc>
<status status="PASS" start="2024-03-06T18:35:30.855241" elapsed="5.164141"/>
</kw>
<tag>TC016</tag>
<tag>Top Navigation</tag>
<status status="PASS" start="2024-03-06T18:35:30.854242" elapsed="5.166143"/>
</test>
<test id="s1-t10" name="TC-007 - User should be able to click return from top navigation" line="47">
<kw name="Run Keyword And Continue On Failure" owner="BuiltIn">
<kw name="User should be able to click return from top navigation" owner="Home_Page_Keywords">
<kw name="Wait Until Element Is Visible" owner="SeleniumLibrary">
<arg>${HomepageReturn}</arg>
<doc>Waits until the element ``locator`` is visible.</doc>
<status status="PASS" start="2024-03-06T18:35:36.022897" elapsed="0.013015"/>
</kw>
<kw name="Click Element" owner="SeleniumLibrary">
<msg time="2024-03-06T18:35:36.036975" level="INFO">Clicking element '//dpp-return-notification//cx-icon[@class='cx-icon dpp-icons__header-returns']'.</msg>
<arg>${HomepageReturn}</arg>
<doc>Click the element identified by ``locator``.</doc>
<status status="PASS" start="2024-03-06T18:35:36.035912" elapsed="0.040065"/>
</kw>
<kw name="Sleep" owner="BuiltIn">
<msg time="2024-03-06T18:35:41.076609" level="INFO">Slept 5 seconds.</msg>
<arg>5</arg>
<doc>Pauses the test executed for the given time.</doc>
<status status="PASS" start="2024-03-06T18:35:36.075977" elapsed="5.000632"/>
</kw>
<kw name="Capture Page Screenshot" owner="SeleniumLibrary">
<msg time="2024-03-06T18:35:41.254818" level="INFO" html="true">&lt;/td&gt;&lt;/tr&gt;&lt;tr&gt;&lt;td colspan="3"&gt;&lt;a href="../../Screenshots/AU/P1/AU_03-06-24%2018-35/selenium-screenshot-3.png"&gt;&lt;img src="../../Screenshots/AU/P1/AU_03-06-24%2018-35/selenium-screenshot-3.png" width="800px"&gt;&lt;/a&gt;</msg>
<doc>Takes a screenshot of the current page and embeds it into a log file.</doc>
<status status="PASS" start="2024-03-06T18:35:41.076609" elapsed="0.178209"/>
</kw>
<status status="PASS" start="2024-03-06T18:35:36.021891" elapsed="5.232927"/>
</kw>
<arg>User should be able to click return from top navigation</arg>
<doc>Runs the keyword and continues execution even if a failure occurs.</doc>
<status status="PASS" start="2024-03-06T18:35:36.021891" elapsed="5.232927"/>
</kw>
<tag>TC017</tag>
<tag>Top Navigation</tag>
<status status="PASS" start="2024-03-06T18:35:36.021891" elapsed="5.233927"/>
</test>
<test id="s1-t11" name="TC-008 - User should be able to click new buyer from top navigation" line="51">
<kw name="Run Keyword And Continue On Failure" owner="BuiltIn">
<kw name="User should be able to click new buyer from top navigation" owner="Home_Page_Keywords">
<kw name="Click Element" owner="SeleniumLibrary">
<msg time="2024-03-06T18:35:41.258920" level="INFO">Clicking element '//dpp-new-buyer-notification//cx-icon[@class='cx-icon dpp-icons__header-new-buyer']'.</msg>
<arg>${HomepageNewBuyer}</arg>
<doc>Click the element identified by ``locator``.</doc>
<status status="PASS" start="2024-03-06T18:35:41.257823" elapsed="0.042178"/>
</kw>
<kw name="Sleep" owner="BuiltIn">
<msg time="2024-03-06T18:35:46.301389" level="INFO">Slept 5 seconds.</msg>
<arg>5</arg>
<doc>Pauses the test executed for the given time.</doc>
<status status="PASS" start="2024-03-06T18:35:41.300001" elapsed="5.001388"/>
</kw>
<kw name="Capture Page Screenshot" owner="SeleniumLibrary">
<msg time="2024-03-06T18:35:46.412211" level="INFO" html="true">&lt;/td&gt;&lt;/tr&gt;&lt;tr&gt;&lt;td colspan="3"&gt;&lt;a href="../../Screenshots/AU/P1/AU_03-06-24%2018-35/selenium-screenshot-4.png"&gt;&lt;img src="../../Screenshots/AU/P1/AU_03-06-24%2018-35/selenium-screenshot-4.png" width="800px"&gt;&lt;/a&gt;</msg>
<doc>Takes a screenshot of the current page and embeds it into a log file.</doc>
<status status="PASS" start="2024-03-06T18:35:46.301389" elapsed="0.110822"/>
</kw>
<status status="PASS" start="2024-03-06T18:35:41.257823" elapsed="5.154388"/>
</kw>
<arg>User should be able to click new buyer from top navigation</arg>
<doc>Runs the keyword and continues execution even if a failure occurs.</doc>
<status status="PASS" start="2024-03-06T18:35:41.257823" elapsed="5.154388"/>
</kw>
<tag>TC018</tag>
<tag>Top Navigation</tag>
<status status="PASS" start="2024-03-06T18:35:41.256819" elapsed="5.156431"/>
</test>
<test id="s1-t12" name="TC-009 - User should be able to click messages from top navigation" line="55">
<kw name="Run Keyword And Continue On Failure" owner="BuiltIn">
<kw name="User should be able to click messages from top navigation" owner="Home_Page_Keywords">
<kw name="Wait Until Element Is Visible" owner="SeleniumLibrary">
<arg>${HomepageMessage}</arg>
<arg>10</arg>
<doc>Waits until the element ``locator`` is visible.</doc>
<status status="PASS" start="2024-03-06T18:35:46.415217" elapsed="0.014671"/>
</kw>
<kw name="Click Element" owner="SeleniumLibrary">
<msg time="2024-03-06T18:35:46.430919" level="INFO">Clicking element '//dpp-message-notification//cx-icon[@class='cx-icon dpp-icons__message-header']'.</msg>
<arg>${HomepageMessage}</arg>
<doc>Click the element identified by ``locator``.</doc>
<status status="PASS" start="2024-03-06T18:35:46.429888" elapsed="0.042927"/>
</kw>
<kw name="Sleep" owner="BuiltIn">
<msg time="2024-03-06T18:35:51.473182" level="INFO">Slept 5 seconds.</msg>
<arg>5</arg>
<doc>Pauses the test executed for the given time.</doc>
<status status="PASS" start="2024-03-06T18:35:46.472815" elapsed="5.000367"/>
</kw>
<kw name="Capture Page Screenshot" owner="SeleniumLibrary">
<msg time="2024-03-06T18:35:51.582771" level="INFO" html="true">&lt;/td&gt;&lt;/tr&gt;&lt;tr&gt;&lt;td colspan="3"&gt;&lt;a href="../../Screenshots/AU/P1/AU_03-06-24%2018-35/selenium-screenshot-5.png"&gt;&lt;img src="../../Screenshots/AU/P1/AU_03-06-24%2018-35/selenium-screenshot-5.png" width="800px"&gt;&lt;/a&gt;</msg>
<doc>Takes a screenshot of the current page and embeds it into a log file.</doc>
<status status="PASS" start="2024-03-06T18:35:51.473182" elapsed="0.109589"/>
</kw>
<status status="PASS" start="2024-03-06T18:35:46.415217" elapsed="5.167554"/>
</kw>
<arg>User should be able to click messages from top navigation</arg>
<doc>Runs the keyword and continues execution even if a failure occurs.</doc>
<status status="PASS" start="2024-03-06T18:35:46.414202" elapsed="5.168569"/>
</kw>
<tag>TC019</tag>
<tag>Top Navigation</tag>
<status status="PASS" start="2024-03-06T18:35:46.414202" elapsed="5.168569"/>
</test>
<test id="s1-t13" name="TC-010 - User should be able to click orders from left navigation" line="59">
<kw name="Run Keyword And Continue On Failure" owner="BuiltIn">
<kw name="User should be able to click orders from left navigation" owner="Home_Page_Keywords">
<kw name="Wait Until Element Is Visible" owner="SeleniumLibrary">
<arg>${HomepageOrdersMenu}</arg>
<arg>10</arg>
<doc>Waits until the element ``locator`` is visible.</doc>
<status status="PASS" start="2024-03-06T18:35:51.585770" elapsed="0.017003"/>
</kw>
<kw name="Scroll Element Into View" owner="SeleniumLibrary">
<arg>${HomepageOrdersMenu}</arg>
<doc>Scrolls the element identified by ``locator`` into view.</doc>
<status status="PASS" start="2024-03-06T18:35:51.602773" elapsed="0.279623"/>
</kw>
<kw name="Click Element" owner="SeleniumLibrary">
<msg time="2024-03-06T18:35:51.882396" level="INFO">Clicking element '//ul[@class='vertical-menu tab-level']//*[contains(text(),' Orders ')]'.</msg>
<arg>${HomepageOrdersMenu}</arg>
<doc>Click the element identified by ``locator``.</doc>
<status status="PASS" start="2024-03-06T18:35:51.882396" elapsed="0.041417"/>
</kw>
<kw name="Sleep" owner="BuiltIn">
<msg time="2024-03-06T18:35:56.925313" level="INFO">Slept 5 seconds.</msg>
<arg>5</arg>
<doc>Pauses the test executed for the given time.</doc>
<status status="PASS" start="2024-03-06T18:35:51.924832" elapsed="5.000481"/>
</kw>
<kw name="Capture Page Screenshot" owner="SeleniumLibrary">
<msg time="2024-03-06T18:35:57.031205" level="INFO" html="true">&lt;/td&gt;&lt;/tr&gt;&lt;tr&gt;&lt;td colspan="3"&gt;&lt;a href="../../Screenshots/AU/P1/AU_03-06-24%2018-35/selenium-screenshot-6.png"&gt;&lt;img src="../../Screenshots/AU/P1/AU_03-06-24%2018-35/selenium-screenshot-6.png" width="800px"&gt;&lt;/a&gt;</msg>
<doc>Takes a screenshot of the current page and embeds it into a log file.</doc>
<status status="PASS" start="2024-03-06T18:35:56.925313" elapsed="0.105892"/>
</kw>
<status status="PASS" start="2024-03-06T18:35:51.585770" elapsed="5.445435"/>
</kw>
<arg>User should be able to click orders from left navigation</arg>
<doc>Runs the keyword and continues execution even if a failure occurs.</doc>
<status status="PASS" start="2024-03-06T18:35:51.585770" elapsed="5.445435"/>
</kw>
<tag>Left Navigation</tag>
<tag>TC020</tag>
<status status="PASS" start="2024-03-06T18:35:51.584770" elapsed="5.447436"/>
</test>
<test id="s1-t14" name="TC-011 - User should be able to view Cutomer Orders Panel" line="63">
<kw name="Run Keyword And Continue On Failure" owner="BuiltIn">
<kw name="User should be able to view Cutomer Orders Panel" owner="Orders_Page_Keywords">
<kw name="Wait Until Element Is Visible" owner="SeleniumLibrary">
<arg>${HomepageOrdersMenu}</arg>
<arg>10</arg>
<doc>Waits until the element ``locator`` is visible.</doc>
<status status="PASS" start="2024-03-06T18:35:57.034231" elapsed="0.015890"/>
</kw>
<kw name="Click Element" owner="SeleniumLibrary">
<msg time="2024-03-06T18:35:57.050121" level="INFO">Clicking element '//ul[@class='vertical-menu tab-level']//*[contains(text(),' Orders ')]'.</msg>
<arg>${HomepageOrdersMenu}</arg>
<doc>Click the element identified by ``locator``.</doc>
<status status="PASS" start="2024-03-06T18:35:57.050121" elapsed="0.033179"/>
</kw>
<kw name="Wait Until Element Is Visible" owner="SeleniumLibrary">
<arg>${OrderPagePanelContainer}</arg>
<arg>10</arg>
<doc>Waits until the element ``locator`` is visible.</doc>
<status status="PASS" start="2024-03-06T18:35:57.083300" elapsed="0.016696"/>
</kw>
<kw name="Capture Page Screenshot" owner="SeleniumLibrary">
<msg time="2024-03-06T18:35:57.214848" level="INFO" html="true">&lt;/td&gt;&lt;/tr&gt;&lt;tr&gt;&lt;td colspan="3"&gt;&lt;a href="../../Screenshots/AU/P1/AU_03-06-24%2018-35/selenium-screenshot-7.png"&gt;&lt;img src="../../Screenshots/AU/P1/AU_03-06-24%2018-35/selenium-screenshot-7.png" width="800px"&gt;&lt;/a&gt;</msg>
<doc>Takes a screenshot of the current page and embeds it into a log file.</doc>
<status status="PASS" start="2024-03-06T18:35:57.099996" elapsed="0.114852"/>
</kw>
<kw name="Wait Until Element Is Visible" owner="SeleniumLibrary">
<arg>${HomepageOrdersMenu}</arg>
<arg>10</arg>
<doc>Waits until the element ``locator`` is visible.</doc>
<status status="PASS" start="2024-03-06T18:35:57.214848" elapsed="0.014924"/>
</kw>
<kw name="Wait Until Element Is Visible" owner="SeleniumLibrary">
<arg>${OrderPageTotalOrders}</arg>
<arg>10</arg>
<doc>Waits until the element ``locator`` is visible.</doc>
<status status="PASS" start="2024-03-06T18:35:57.229772" elapsed="0.015003"/>
</kw>
<kw name="Wait Until Element Is Visible" owner="SeleniumLibrary">
<arg>${OrderPageSortBar}</arg>
<arg>10</arg>
<doc>Waits until the element ``locator`` is visible.</doc>
<status status="PASS" start="2024-03-06T18:35:57.244775" elapsed="0.018007"/>
</kw>
<kw name="Wait Until Element Is Visible" owner="SeleniumLibrary">
<arg>${OrderPageStatusFilter}</arg>
<arg>10</arg>
<doc>Waits until the element ``locator`` is visible.</doc>
<status status="PASS" start="2024-03-06T18:35:57.262782" elapsed="0.017737"/>
</kw>
<kw name="Wait Until Element Is Visible" owner="SeleniumLibrary">
<arg>${OrderPageDateFilter}</arg>
<arg>10</arg>
<doc>Waits until the element ``locator`` is visible.</doc>
<status status="PASS" start="2024-03-06T18:35:57.280519" elapsed="0.015655"/>
</kw>
<kw name="Wait Until Element Is Visible" owner="SeleniumLibrary">
<arg>${OrderPageSearchBox}</arg>
<arg>10</arg>
<doc>Waits until the element ``locator`` is visible.</doc>
<status status="PASS" start="2024-03-06T18:35:57.296174" elapsed="0.017355"/>
</kw>
<kw name="Wait Until Element Is Visible" owner="SeleniumLibrary">
<arg>${OrderPageSearchButton}</arg>
<arg>10</arg>
<doc>Waits until the element ``locator`` is visible.</doc>
<status status="PASS" start="2024-03-06T18:35:57.313529" elapsed="0.015360"/>
</kw>
<kw name="Wait Until Element Is Visible" owner="SeleniumLibrary">
<arg>${OrderPageArrangeFilter}</arg>
<arg>10</arg>
<doc>Waits until the element ``locator`` is visible.</doc>
<status status="PASS" start="2024-03-06T18:35:57.328889" elapsed="0.017528"/>
</kw>
<kw name="Wait Until Element Is Visible" owner="SeleniumLibrary">
<arg>${OrderPageDetailsColumn}</arg>
<arg>10</arg>
<doc>Waits until the element ``locator`` is visible.</doc>
<status status="PASS" start="2024-03-06T18:35:57.346417" elapsed="0.017892"/>
</kw>
<kw name="Capture Element Screenshot" owner="SeleniumLibrary">
<msg time="2024-03-06T18:35:57.460943" level="INFO" html="true">&lt;/td&gt;&lt;/tr&gt;&lt;tr&gt;&lt;td colspan="3"&gt;&lt;a href="../../Screenshots/AU/P1/AU_03-06-24%2018-35/selenium-element-screenshot-10.png"&gt;&lt;img src="../../Screenshots/AU/P1/AU_03-06-24%2018-35/selenium-element-screenshot-10.png" width="400px"&gt;&lt;/a&gt;</msg>
<arg>${HomepageOrdersMenu}</arg>
<doc>Captures a screenshot from the element identified by ``locator`` and embeds it into log file.</doc>
<status status="PASS" start="2024-03-06T18:35:57.364309" elapsed="0.096634"/>
</kw>
<kw name="Capture Element Screenshot" owner="SeleniumLibrary">
<msg time="2024-03-06T18:35:57.563137" level="INFO" html="true">&lt;/td&gt;&lt;/tr&gt;&lt;tr&gt;&lt;td colspan="3"&gt;&lt;a href="../../Screenshots/AU/P1/AU_03-06-24%2018-35/selenium-element-screenshot-11.png"&gt;&lt;img src="../../Screenshots/AU/P1/AU_03-06-24%2018-35/selenium-element-screenshot-11.png" width="400px"&gt;&lt;/a&gt;</msg>
<arg>${OrderPageTotalOrders}</arg>
<doc>Captures a screenshot from the element identified by ``locator`` and embeds it into log file.</doc>
<status status="PASS" start="2024-03-06T18:35:57.460943" elapsed="0.102194"/>
</kw>
<kw name="Capture Element Screenshot" owner="SeleniumLibrary">
<msg time="2024-03-06T18:35:57.661376" level="INFO" html="true">&lt;/td&gt;&lt;/tr&gt;&lt;tr&gt;&lt;td colspan="3"&gt;&lt;a href="../../Screenshots/AU/P1/AU_03-06-24%2018-35/selenium-element-screenshot-12.png"&gt;&lt;img src="../../Screenshots/AU/P1/AU_03-06-24%2018-35/selenium-element-screenshot-12.png" width="400px"&gt;&lt;/a&gt;</msg>
<arg>${OrderPageSortBar}</arg>
<doc>Captures a screenshot from the element identified by ``locator`` and embeds it into log file.</doc>
<status status="PASS" start="2024-03-06T18:35:57.563137" elapsed="0.098239"/>
</kw>
<kw name="Capture Element Screenshot" owner="SeleniumLibrary">
<msg time="2024-03-06T18:35:57.752962" level="INFO" html="true">&lt;/td&gt;&lt;/tr&gt;&lt;tr&gt;&lt;td colspan="3"&gt;&lt;a href="../../Screenshots/AU/P1/AU_03-06-24%2018-35/selenium-element-screenshot-13.png"&gt;&lt;img src="../../Screenshots/AU/P1/AU_03-06-24%2018-35/selenium-element-screenshot-13.png" width="400px"&gt;&lt;/a&gt;</msg>
<arg>${OrderPageStatusFilter}</arg>
<doc>Captures a screenshot from the element identified by ``locator`` and embeds it into log file.</doc>
<status status="PASS" start="2024-03-06T18:35:57.662343" elapsed="0.090619"/>
</kw>
<kw name="Capture Element Screenshot" owner="SeleniumLibrary">
<msg time="2024-03-06T18:35:57.846305" level="INFO" html="true">&lt;/td&gt;&lt;/tr&gt;&lt;tr&gt;&lt;td colspan="3"&gt;&lt;a href="../../Screenshots/AU/P1/AU_03-06-24%2018-35/selenium-element-screenshot-14.png"&gt;&lt;img src="../../Screenshots/AU/P1/AU_03-06-24%2018-35/selenium-element-screenshot-14.png" width="400px"&gt;&lt;/a&gt;</msg>
<arg>${OrderPageDateFilter}</arg>
<doc>Captures a screenshot from the element identified by ``locator`` and embeds it into log file.</doc>
<status status="PASS" start="2024-03-06T18:35:57.753987" elapsed="0.092318"/>
</kw>
<kw name="Capture Element Screenshot" owner="SeleniumLibrary">
<msg time="2024-03-06T18:35:57.934844" level="INFO" html="true">&lt;/td&gt;&lt;/tr&gt;&lt;tr&gt;&lt;td colspan="3"&gt;&lt;a href="../../Screenshots/AU/P1/AU_03-06-24%2018-35/selenium-element-screenshot-15.png"&gt;&lt;img src="../../Screenshots/AU/P1/AU_03-06-24%2018-35/selenium-element-screenshot-15.png" width="400px"&gt;&lt;/a&gt;</msg>
<arg>${OrderPageSearchBox}</arg>
<doc>Captures a screenshot from the element identified by ``locator`` and embeds it into log file.</doc>
<status status="PASS" start="2024-03-06T18:35:57.846305" elapsed="0.088539"/>
</kw>
<kw name="Capture Element Screenshot" owner="SeleniumLibrary">
<msg time="2024-03-06T18:35:58.030892" level="INFO" html="true">&lt;/td&gt;&lt;/tr&gt;&lt;tr&gt;&lt;td colspan="3"&gt;&lt;a href="../../Screenshots/AU/P1/AU_03-06-24%2018-35/selenium-element-screenshot-16.png"&gt;&lt;img src="../../Screenshots/AU/P1/AU_03-06-24%2018-35/selenium-element-screenshot-16.png" width="400px"&gt;&lt;/a&gt;</msg>
<arg>${OrderPageSearchButton}</arg>
<doc>Captures a screenshot from the element identified by ``locator`` and embeds it into log file.</doc>
<status status="PASS" start="2024-03-06T18:35:57.934844" elapsed="0.096048"/>
</kw>
<kw name="Capture Element Screenshot" owner="SeleniumLibrary">
<msg time="2024-03-06T18:35:58.124200" level="INFO" html="true">&lt;/td&gt;&lt;/tr&gt;&lt;tr&gt;&lt;td colspan="3"&gt;&lt;a href="../../Screenshots/AU/P1/AU_03-06-24%2018-35/selenium-element-screenshot-17.png"&gt;&lt;img src="../../Screenshots/AU/P1/AU_03-06-24%2018-35/selenium-element-screenshot-17.png" width="400px"&gt;&lt;/a&gt;</msg>
<arg>${OrderPageArrangeFilter}</arg>
<doc>Captures a screenshot from the element identified by ``locator`` and embeds it into log file.</doc>
<status status="PASS" start="2024-03-06T18:35:58.030892" elapsed="0.094348"/>
</kw>
<kw name="Capture Element Screenshot" owner="SeleniumLibrary">
<msg time="2024-03-06T18:35:58.201061" level="INFO" html="true">&lt;/td&gt;&lt;/tr&gt;&lt;tr&gt;&lt;td colspan="3"&gt;&lt;a href="../../Screenshots/AU/P1/AU_03-06-24%2018-35/selenium-element-screenshot-18.png"&gt;&lt;img src="../../Screenshots/AU/P1/AU_03-06-24%2018-35/selenium-element-screenshot-18.png" width="400px"&gt;&lt;/a&gt;</msg>
<arg>${OrderPageDetailsColumn}</arg>
<doc>Captures a screenshot from the element identified by ``locator`` and embeds it into log file.</doc>
<status status="PASS" start="2024-03-06T18:35:58.125240" elapsed="0.075821"/>
</kw>
<kw name="Scroll Element Into View" owner="SeleniumLibrary">
<arg>${OrderPageDetailsPreviousPageButton}</arg>
<doc>Scrolls the element identified by ``locator`` into view.</doc>
<status status="PASS" start="2024-03-06T18:35:58.201061" elapsed="0.292502"/>
</kw>
<kw name="Capture Element Screenshot" owner="SeleniumLibrary">
<msg time="2024-03-06T18:35:58.580606" level="INFO" html="true">&lt;/td&gt;&lt;/tr&gt;&lt;tr&gt;&lt;td colspan="3"&gt;&lt;a href="../../Screenshots/AU/P1/AU_03-06-24%2018-35/selenium-element-screenshot-19.png"&gt;&lt;img src="../../Screenshots/AU/P1/AU_03-06-24%2018-35/selenium-element-screenshot-19.png" width="400px"&gt;&lt;/a&gt;</msg>
<arg>${OrderPageDetailsPreviousPageButton}</arg>
<doc>Captures a screenshot from the element identified by ``locator`` and embeds it into log file.</doc>
<status status="PASS" start="2024-03-06T18:35:58.494203" elapsed="0.087403"/>
</kw>
<kw name="Capture Element Screenshot" owner="SeleniumLibrary">
<msg time="2024-03-06T18:35:58.663196" level="INFO" html="true">&lt;/td&gt;&lt;/tr&gt;&lt;tr&gt;&lt;td colspan="3"&gt;&lt;a href="../../Screenshots/AU/P1/AU_03-06-24%2018-35/selenium-element-screenshot-20.png"&gt;&lt;img src="../../Screenshots/AU/P1/AU_03-06-24%2018-35/selenium-element-screenshot-20.png" width="400px"&gt;&lt;/a&gt;</msg>
<arg>${OrderPageDetailsNextPageButton}</arg>
<doc>Captures a screenshot from the element identified by ``locator`` and embeds it into log file.</doc>
<status status="PASS" start="2024-03-06T18:35:58.581606" elapsed="0.081590"/>
</kw>
<kw name="Capture Element Screenshot" owner="SeleniumLibrary">
<msg time="2024-03-06T18:35:58.753491" level="INFO" html="true">&lt;/td&gt;&lt;/tr&gt;&lt;tr&gt;&lt;td colspan="3"&gt;&lt;a href="../../Screenshots/AU/P1/AU_03-06-24%2018-35/selenium-element-screenshot-21.png"&gt;&lt;img src="../../Screenshots/AU/P1/AU_03-06-24%2018-35/selenium-element-screenshot-21.png" width="400px"&gt;&lt;/a&gt;</msg>
<arg>${OrderPageDetailsPage1Button}</arg>
<doc>Captures a screenshot from the element identified by ``locator`` and embeds it into log file.</doc>
<status status="PASS" start="2024-03-06T18:35:58.663196" elapsed="0.090295"/>
</kw>
<kw name="Sleep" owner="BuiltIn">
<msg time="2024-03-06T18:36:00.753947" level="INFO">Slept 2 seconds.</msg>
<arg>2</arg>
<doc>Pauses the test executed for the given time.</doc>
<status status="PASS" start="2024-03-06T18:35:58.753491" elapsed="2.000456"/>
</kw>
<status status="PASS" start="2024-03-06T18:35:57.034231" elapsed="3.719716"/>
</kw>
<arg>User should be able to view Cutomer Orders Panel</arg>
<doc>Runs the keyword and continues execution even if a failure occurs.</doc>
<status status="PASS" start="2024-03-06T18:35:57.033207" elapsed="3.720740"/>
</kw>
<tag>Order Page</tag>
<tag>TC033</tag>
<status status="PASS" start="2024-03-06T18:35:57.033207" elapsed="3.721817"/>
</test>
<test id="s1-t15" name="TC-012 - User should be able to select one order from the list" line="67">
<kw name="Run Keyword And Continue On Failure" owner="BuiltIn">
<kw name="User should be able to select one order from the list" owner="Orders_Page_Keywords">
<kw name="Wait Until Element Is Visible" owner="SeleniumLibrary">
<arg>${OrderPageHistory1}</arg>
<arg>10</arg>
<doc>Waits until the element ``locator`` is visible.</doc>
<status status="PASS" start="2024-03-06T18:36:00.757992" elapsed="0.032645"/>
</kw>
<kw name="Scroll Element Into View" owner="SeleniumLibrary">
<arg>${OrderPageHistory1}</arg>
<doc>Scrolls the element identified by ``locator`` into view.</doc>
<status status="PASS" start="2024-03-06T18:36:00.790637" elapsed="0.274947"/>
</kw>
<kw name="Click Element" owner="SeleniumLibrary">
<msg time="2024-03-06T18:36:01.065584" level="INFO">Clicking element '(//tr//td[@class='cx-order-history-code']//a[@class='cx-order-history-value'])[1]|(//tr//td[@class='cx-order-history-code'])[1]'.</msg>
<arg>${OrderPageHistory1}</arg>
<doc>Click the element identified by ``locator``.</doc>
<status status="PASS" start="2024-03-06T18:36:01.065584" elapsed="0.043449"/>
</kw>
<kw name="Sleep" owner="BuiltIn">
<msg time="2024-03-06T18:36:03.109736" level="INFO">Slept 2 seconds.</msg>
<arg>2</arg>
<doc>Pauses the test executed for the given time.</doc>
<status status="PASS" start="2024-03-06T18:36:01.109033" elapsed="2.000703"/>
</kw>
<kw name="Capture Page Screenshot" owner="SeleniumLibrary">
<msg time="2024-03-06T18:36:03.208408" level="INFO" html="true">&lt;/td&gt;&lt;/tr&gt;&lt;tr&gt;&lt;td colspan="3"&gt;&lt;a href="../../Screenshots/AU/P1/AU_03-06-24%2018-35/selenium-screenshot-8.png"&gt;&lt;img src="../../Screenshots/AU/P1/AU_03-06-24%2018-35/selenium-screenshot-8.png" width="800px"&gt;&lt;/a&gt;</msg>
<doc>Takes a screenshot of the current page and embeds it into a log file.</doc>
<status status="PASS" start="2024-03-06T18:36:03.109736" elapsed="0.098672"/>
</kw>
<status status="PASS" start="2024-03-06T18:36:00.757992" elapsed="2.450416"/>
</kw>
<arg>User should be able to select one order from the list</arg>
<doc>Runs the keyword and continues execution even if a failure occurs.</doc>
<status status="PASS" start="2024-03-06T18:36:00.757992" elapsed="2.450416"/>
</kw>
<tag>Order Page</tag>
<tag>TC034</tag>
<status status="PASS" start="2024-03-06T18:36:00.757001" elapsed="2.452408"/>
</test>
<test id="s1-t16" name="TC-013 - User should be able to view order details" line="71">
<kw name="Run Keyword And Continue On Failure" owner="BuiltIn">
<kw name="User should be able to view order details" owner="Orders_Page_Keywords">
<kw name="Wait Until Element Is Visible" owner="SeleniumLibrary">
<arg>${OrderDetailsOrderHeader}</arg>
<arg>20</arg>
<doc>Waits until the element ``locator`` is visible.</doc>
<status status="PASS" start="2024-03-06T18:36:03.211408" elapsed="4.673495"/>
</kw>
<kw name="Wait Until Element Is Visible" owner="SeleniumLibrary">
<arg>${OrderDetailsOrderStatus}</arg>
<arg>10</arg>
<doc>Waits until the element ``locator`` is visible.</doc>
<status status="PASS" start="2024-03-06T18:36:07.884903" elapsed="0.020807"/>
</kw>
<kw name="Wait Until Element Is Visible" owner="SeleniumLibrary">
<arg>${OrderDetailsContainer}</arg>
<arg>10</arg>
<doc>Waits until the element ``locator`` is visible.</doc>
<status status="PASS" start="2024-03-06T18:36:07.905710" elapsed="0.016887"/>
</kw>
<kw name="Capture Element Screenshot" owner="SeleniumLibrary">
<msg time="2024-03-06T18:36:08.003683" level="INFO" html="true">&lt;/td&gt;&lt;/tr&gt;&lt;tr&gt;&lt;td colspan="3"&gt;&lt;a href="../../Screenshots/AU/P1/AU_03-06-24%2018-35/selenium-element-screenshot-22.png"&gt;&lt;img src="../../Screenshots/AU/P1/AU_03-06-24%2018-35/selenium-element-screenshot-22.png" width="400px"&gt;&lt;/a&gt;</msg>
<arg>${OrderDetailsContainer}</arg>
<doc>Captures a screenshot from the element identified by ``locator`` and embeds it into log file.</doc>
<status status="PASS" start="2024-03-06T18:36:07.922597" elapsed="0.081086"/>
</kw>
<kw name="Wait Until Element Is Visible" owner="SeleniumLibrary">
<arg>${OrderDetailsContainerRefNumLabel}</arg>
<arg>10</arg>
<doc>Waits until the element ``locator`` is visible.</doc>
<status status="PASS" start="2024-03-06T18:36:08.004676" elapsed="0.025812"/>
</kw>
<kw name="Wait Until Element Is Visible" owner="SeleniumLibrary">
<arg>${OrderDetailsContainerCustNameLabel}</arg>
<arg>10</arg>
<doc>Waits until the element ``locator`` is visible.</doc>
<status status="PASS" start="2024-03-06T18:36:08.030488" elapsed="0.014623"/>
</kw>
<kw name="Wait Until Element Is Visible" owner="SeleniumLibrary">
<arg>${OrderDetailsContainerCustAccLabel}</arg>
<arg>10</arg>
<doc>Waits until the element ``locator`` is visible.</doc>
<status status="PASS" start="2024-03-06T18:36:08.045111" elapsed="0.015310"/>
</kw>
<kw name="Wait Until Element Is Visible" owner="SeleniumLibrary">
<arg>${OrderDetailsContainerCustOrderNumLabel}</arg>
<arg>10</arg>
<doc>Waits until the element ``locator`` is visible.</doc>
<status status="PASS" start="2024-03-06T18:36:08.060421" elapsed="0.015960"/>
</kw>
<kw name="Wait Until Element Is Visible" owner="SeleniumLibrary">
<arg>${OrderDetailsContainerYourRefLabel}</arg>
<arg>10</arg>
<doc>Waits until the element ``locator`` is visible.</doc>
<status status="PASS" start="2024-03-06T18:36:08.076381" elapsed="0.017037"/>
</kw>
<kw name="Wait Until Element Is Visible" owner="SeleniumLibrary">
<arg>${OrderDetailsContainerOrderDateLabel}</arg>
<arg>10</arg>
<doc>Waits until the element ``locator`` is visible.</doc>
<status status="PASS" start="2024-03-06T18:36:08.093418" elapsed="0.017075"/>
</kw>
<kw name="Capture Element Screenshot" owner="SeleniumLibrary">
<msg time="2024-03-06T18:36:08.198097" level="INFO" html="true">&lt;/td&gt;&lt;/tr&gt;&lt;tr&gt;&lt;td colspan="3"&gt;&lt;a href="../../Screenshots/AU/P1/AU_03-06-24%2018-35/selenium-element-screenshot-23.png"&gt;&lt;img src="../../Screenshots/AU/P1/AU_03-06-24%2018-35/selenium-element-screenshot-23.png" width="400px"&gt;&lt;/a&gt;</msg>
<arg>${OrderDetailsContainerRefNumLabel}</arg>
<doc>Captures a screenshot from the element identified by ``locator`` and embeds it into log file.</doc>
<status status="PASS" start="2024-03-06T18:36:08.110493" elapsed="0.087604"/>
</kw>
<kw name="Capture Element Screenshot" owner="SeleniumLibrary">
<msg time="2024-03-06T18:36:08.312250" level="INFO" html="true">&lt;/td&gt;&lt;/tr&gt;&lt;tr&gt;&lt;td colspan="3"&gt;&lt;a href="../../Screenshots/AU/P1/AU_03-06-24%2018-35/selenium-element-screenshot-24.png"&gt;&lt;img src="../../Screenshots/AU/P1/AU_03-06-24%2018-35/selenium-element-screenshot-24.png" width="400px"&gt;&lt;/a&gt;</msg>
<arg>${OrderDetailsContainerCustNameLabel}</arg>
<doc>Captures a screenshot from the element identified by ``locator`` and embeds it into log file.</doc>
<status status="PASS" start="2024-03-06T18:36:08.198097" elapsed="0.114153"/>
</kw>
<kw name="Capture Element Screenshot" owner="SeleniumLibrary">
<msg time="2024-03-06T18:36:08.403674" level="INFO" html="true">&lt;/td&gt;&lt;/tr&gt;&lt;tr&gt;&lt;td colspan="3"&gt;&lt;a href="../../Screenshots/AU/P1/AU_03-06-24%2018-35/selenium-element-screenshot-25.png"&gt;&lt;img src="../../Screenshots/AU/P1/AU_03-06-24%2018-35/selenium-element-screenshot-25.png" width="400px"&gt;&lt;/a&gt;</msg>
<arg>${OrderDetailsContainerCustAccLabel}</arg>
<doc>Captures a screenshot from the element identified by ``locator`` and embeds it into log file.</doc>
<status status="PASS" start="2024-03-06T18:36:08.312250" elapsed="0.091424"/>
</kw>
<kw name="Capture Element Screenshot" owner="SeleniumLibrary">
<msg time="2024-03-06T18:36:08.496133" level="INFO" html="true">&lt;/td&gt;&lt;/tr&gt;&lt;tr&gt;&lt;td colspan="3"&gt;&lt;a href="../../Screenshots/AU/P1/AU_03-06-24%2018-35/selenium-element-screenshot-26.png"&gt;&lt;img src="../../Screenshots/AU/P1/AU_03-06-24%2018-35/selenium-element-screenshot-26.png" width="400px"&gt;&lt;/a&gt;</msg>
<arg>${OrderDetailsContainerCustOrderNumLabel}</arg>
<doc>Captures a screenshot from the element identified by ``locator`` and embeds it into log file.</doc>
<status status="PASS" start="2024-03-06T18:36:08.404682" elapsed="0.091451"/>
</kw>
<kw name="Capture Element Screenshot" owner="SeleniumLibrary">
<msg time="2024-03-06T18:36:08.590840" level="INFO" html="true">&lt;/td&gt;&lt;/tr&gt;&lt;tr&gt;&lt;td colspan="3"&gt;&lt;a href="../../Screenshots/AU/P1/AU_03-06-24%2018-35/selenium-element-screenshot-27.png"&gt;&lt;img src="../../Screenshots/AU/P1/AU_03-06-24%2018-35/selenium-element-screenshot-27.png" width="400px"&gt;&lt;/a&gt;</msg>
<arg>${OrderDetailsContainerYourRefLabel}</arg>
<doc>Captures a screenshot from the element identified by ``locator`` and embeds it into log file.</doc>
<status status="PASS" start="2024-03-06T18:36:08.496133" elapsed="0.094707"/>
</kw>
<kw name="Capture Element Screenshot" owner="SeleniumLibrary">
<msg time="2024-03-06T18:36:08.679418" level="INFO" html="true">&lt;/td&gt;&lt;/tr&gt;&lt;tr&gt;&lt;td colspan="3"&gt;&lt;a href="../../Screenshots/AU/P1/AU_03-06-24%2018-35/selenium-element-screenshot-28.png"&gt;&lt;img src="../../Screenshots/AU/P1/AU_03-06-24%2018-35/selenium-element-screenshot-28.png" width="400px"&gt;&lt;/a&gt;</msg>
<arg>${OrderDetailsContainerOrderDateLabel}</arg>
<doc>Captures a screenshot from the element identified by ``locator`` and embeds it into log file.</doc>
<status status="PASS" start="2024-03-06T18:36:08.590840" elapsed="0.088578"/>
</kw>
<kw name="Wait Until Element Is Visible" owner="SeleniumLibrary">
<arg>${OrderDetailsContainerRefNumValue}</arg>
<arg>10</arg>
<doc>Waits until the element ``locator`` is visible.</doc>
<status status="PASS" start="2024-03-06T18:36:08.679418" elapsed="0.017800"/>
</kw>
<kw name="Wait Until Element Is Visible" owner="SeleniumLibrary">
<arg>${OrderDetailsContainerCustNameValue}</arg>
<arg>10</arg>
<doc>Waits until the element ``locator`` is visible.</doc>
<status status="PASS" start="2024-03-06T18:36:08.697218" elapsed="0.020165"/>
</kw>
<kw name="Wait Until Element Is Visible" owner="SeleniumLibrary">
<arg>${OrderDetailsContainerCustAccValue}</arg>
<arg>10</arg>
<doc>Waits until the element ``locator`` is visible.</doc>
<status status="PASS" start="2024-03-06T18:36:08.718383" elapsed="0.019034"/>
</kw>
<kw name="Wait Until Element Is Visible" owner="SeleniumLibrary">
<arg>${OrderDetailsContainerCustOrderNumValue}</arg>
<arg>10</arg>
<doc>Waits until the element ``locator`` is visible.</doc>
<status status="PASS" start="2024-03-06T18:36:08.737417" elapsed="0.017969"/>
</kw>
<kw name="Wait Until Element Is Visible" owner="SeleniumLibrary">
<arg>${OrderDetailsContainerYourRefValue}</arg>
<arg>10</arg>
<doc>Waits until the element ``locator`` is visible.</doc>
<status status="PASS" start="2024-03-06T18:36:08.756412" elapsed="0.020019"/>
</kw>
<kw name="Wait Until Element Is Visible" owner="SeleniumLibrary">
<arg>${OrderDetailsContainerOrderDateValue}</arg>
<arg>10</arg>
<doc>Waits until the element ``locator`` is visible.</doc>
<status status="PASS" start="2024-03-06T18:36:08.776431" elapsed="0.019983"/>
</kw>
<kw name="Capture Element Screenshot" owner="SeleniumLibrary">
<msg time="2024-03-06T18:36:08.887528" level="INFO" html="true">&lt;/td&gt;&lt;/tr&gt;&lt;tr&gt;&lt;td colspan="3"&gt;&lt;a href="../../Screenshots/AU/P1/AU_03-06-24%2018-35/selenium-element-screenshot-29.png"&gt;&lt;img src="../../Screenshots/AU/P1/AU_03-06-24%2018-35/selenium-element-screenshot-29.png" width="400px"&gt;&lt;/a&gt;</msg>
<arg>${OrderDetailsContainerRefNumValue}</arg>
<doc>Captures a screenshot from the element identified by ``locator`` and embeds it into log file.</doc>
<status status="PASS" start="2024-03-06T18:36:08.796414" elapsed="0.091114"/>
</kw>
<kw name="Capture Element Screenshot" owner="SeleniumLibrary">
<msg time="2024-03-06T18:36:08.979133" level="INFO" html="true">&lt;/td&gt;&lt;/tr&gt;&lt;tr&gt;&lt;td colspan="3"&gt;&lt;a href="../../Screenshots/AU/P1/AU_03-06-24%2018-35/selenium-element-screenshot-30.png"&gt;&lt;img src="../../Screenshots/AU/P1/AU_03-06-24%2018-35/selenium-element-screenshot-30.png" width="400px"&gt;&lt;/a&gt;</msg>
<arg>${OrderDetailsContainerCustNameValue}</arg>
<doc>Captures a screenshot from the element identified by ``locator`` and embeds it into log file.</doc>
<status status="PASS" start="2024-03-06T18:36:08.887528" elapsed="0.091605"/>
</kw>
<kw name="Capture Element Screenshot" owner="SeleniumLibrary">
<msg time="2024-03-06T18:36:09.072409" level="INFO" html="true">&lt;/td&gt;&lt;/tr&gt;&lt;tr&gt;&lt;td colspan="3"&gt;&lt;a href="../../Screenshots/AU/P1/AU_03-06-24%2018-35/selenium-element-screenshot-31.png"&gt;&lt;img src="../../Screenshots/AU/P1/AU_03-06-24%2018-35/selenium-element-screenshot-31.png" width="400px"&gt;&lt;/a&gt;</msg>
<arg>${OrderDetailsContainerCustAccValue}</arg>
<doc>Captures a screenshot from the element identified by ``locator`` and embeds it into log file.</doc>
<status status="PASS" start="2024-03-06T18:36:08.980190" elapsed="0.092219"/>
</kw>
<kw name="Capture Element Screenshot" owner="SeleniumLibrary">
<msg time="2024-03-06T18:36:09.163507" level="INFO" html="true">&lt;/td&gt;&lt;/tr&gt;&lt;tr&gt;&lt;td colspan="3"&gt;&lt;a href="../../Screenshots/AU/P1/AU_03-06-24%2018-35/selenium-element-screenshot-32.png"&gt;&lt;img src="../../Screenshots/AU/P1/AU_03-06-24%2018-35/selenium-element-screenshot-32.png" width="400px"&gt;&lt;/a&gt;</msg>
<arg>${OrderDetailsContainerCustOrderNumValue}</arg>
<doc>Captures a screenshot from the element identified by ``locator`` and embeds it into log file.</doc>
<status status="PASS" start="2024-03-06T18:36:09.072409" elapsed="0.091098"/>
</kw>
<kw name="Capture Element Screenshot" owner="SeleniumLibrary">
<msg time="2024-03-06T18:36:09.257743" level="INFO" html="true">&lt;/td&gt;&lt;/tr&gt;&lt;tr&gt;&lt;td colspan="3"&gt;&lt;a href="../../Screenshots/AU/P1/AU_03-06-24%2018-35/selenium-element-screenshot-33.png"&gt;&lt;img src="../../Screenshots/AU/P1/AU_03-06-24%2018-35/selenium-element-screenshot-33.png" width="400px"&gt;&lt;/a&gt;</msg>
<arg>${OrderDetailsContainerYourRefValue}</arg>
<doc>Captures a screenshot from the element identified by ``locator`` and embeds it into log file.</doc>
<status status="PASS" start="2024-03-06T18:36:09.163507" elapsed="0.095201"/>
</kw>
<kw name="Capture Element Screenshot" owner="SeleniumLibrary">
<msg time="2024-03-06T18:36:09.350866" level="INFO" html="true">&lt;/td&gt;&lt;/tr&gt;&lt;tr&gt;&lt;td colspan="3"&gt;&lt;a href="../../Screenshots/AU/P1/AU_03-06-24%2018-35/selenium-element-screenshot-34.png"&gt;&lt;img src="../../Screenshots/AU/P1/AU_03-06-24%2018-35/selenium-element-screenshot-34.png" width="400px"&gt;&lt;/a&gt;</msg>
<arg>${OrderDetailsContainerOrderDateValue}</arg>
<doc>Captures a screenshot from the element identified by ``locator`` and embeds it into log file.</doc>
<status status="PASS" start="2024-03-06T18:36:09.258708" elapsed="0.092158"/>
</kw>
<kw name="Scroll Element Into View" owner="SeleniumLibrary">
<arg>${OrderDetailsReturnContainer}</arg>
<doc>Scrolls the element identified by ``locator`` into view.</doc>
<status status="PASS" start="2024-03-06T18:36:09.350866" elapsed="0.290928"/>
</kw>
<kw name="Capture Element Screenshot" owner="SeleniumLibrary">
<msg time="2024-03-06T18:36:09.761336" level="INFO" html="true">&lt;/td&gt;&lt;/tr&gt;&lt;tr&gt;&lt;td colspan="3"&gt;&lt;a href="../../Screenshots/AU/P1/AU_03-06-24%2018-35/selenium-element-screenshot-35.png"&gt;&lt;img src="../../Screenshots/AU/P1/AU_03-06-24%2018-35/selenium-element-screenshot-35.png" width="400px"&gt;&lt;/a&gt;</msg>
<arg>${OrderDetailsReturnContainer}</arg>
<doc>Captures a screenshot from the element identified by ``locator`` and embeds it into log file.</doc>
<status status="PASS" start="2024-03-06T18:36:09.641794" elapsed="0.119542"/>
</kw>
<kw name="Wait Until Element Is Visible" owner="SeleniumLibrary">
<arg>${OrderDetailsReturnHeader}</arg>
<arg>10</arg>
<doc>Waits until the element ``locator`` is visible.</doc>
<status status="PASS" start="2024-03-06T18:36:09.761336" elapsed="0.017934"/>
</kw>
<kw name="Wait Until Element Is Visible" owner="SeleniumLibrary">
<arg>${OrderDetailsReturnDescription}</arg>
<arg>10</arg>
<doc>Waits until the element ``locator`` is visible.</doc>
<status status="PASS" start="2024-03-06T18:36:09.780271" elapsed="0.017036"/>
</kw>
<kw name="Wait Until Element Is Visible" owner="SeleniumLibrary">
<arg>${OrderDetailsReturnPrice}</arg>
<arg>10</arg>
<doc>Waits until the element ``locator`` is visible.</doc>
<status status="PASS" start="2024-03-06T18:36:09.797307" elapsed="0.017517"/>
</kw>
<kw name="Wait Until Element Is Visible" owner="SeleniumLibrary">
<arg>${OrderDetailsReturnRRP}</arg>
<arg>10</arg>
<doc>Waits until the element ``locator`` is visible.</doc>
<status status="PASS" start="2024-03-06T18:36:09.815913" elapsed="0.016490"/>
</kw>
<kw name="Wait Until Element Is Visible" owner="SeleniumLibrary">
<arg>${OrderDetailsReturnOrder}</arg>
<arg>10</arg>
<doc>Waits until the element ``locator`` is visible.</doc>
<status status="PASS" start="2024-03-06T18:36:09.832403" elapsed="0.016217"/>
</kw>
<kw name="Wait Until Element Is Visible" owner="SeleniumLibrary">
<arg>${OrderDetailsReturnShipped}</arg>
<arg>10</arg>
<doc>Waits until the element ``locator`` is visible.</doc>
<status status="PASS" start="2024-03-06T18:36:09.848620" elapsed="0.015328"/>
</kw>
<kw name="Wait Until Element Is Visible" owner="SeleniumLibrary">
<arg>${OrderDetailsReturnPending}</arg>
<arg>10</arg>
<doc>Waits until the element ``locator`` is visible.</doc>
<status status="PASS" start="2024-03-06T18:36:09.863948" elapsed="0.014919"/>
</kw>
<kw name="Wait Until Element Is Visible" owner="SeleniumLibrary">
<arg>${OrderDetailsReturnTotal}</arg>
<arg>10</arg>
<doc>Waits until the element ``locator`` is visible.</doc>
<status status="PASS" start="2024-03-06T18:36:09.878867" elapsed="0.013919"/>
</kw>
<kw name="Capture Element Screenshot" owner="SeleniumLibrary">
<msg time="2024-03-06T18:36:10.006046" level="INFO" html="true">&lt;/td&gt;&lt;/tr&gt;&lt;tr&gt;&lt;td colspan="3"&gt;&lt;a href="../../Screenshots/AU/P1/AU_03-06-24%2018-35/selenium-element-screenshot-36.png"&gt;&lt;img src="../../Screenshots/AU/P1/AU_03-06-24%2018-35/selenium-element-screenshot-36.png" width="400px"&gt;&lt;/a&gt;</msg>
<arg>${OrderDetailsReturnHeader}</arg>
<doc>Captures a screenshot from the element identified by ``locator`` and embeds it into log file.</doc>
<status status="PASS" start="2024-03-06T18:36:09.892786" elapsed="0.114199"/>
</kw>
<kw name="Capture Element Screenshot" owner="SeleniumLibrary">
<msg time="2024-03-06T18:36:10.097585" level="INFO" html="true">&lt;/td&gt;&lt;/tr&gt;&lt;tr&gt;&lt;td colspan="3"&gt;&lt;a href="../../Screenshots/AU/P1/AU_03-06-24%2018-35/selenium-element-screenshot-37.png"&gt;&lt;img src="../../Screenshots/AU/P1/AU_03-06-24%2018-35/selenium-element-screenshot-37.png" width="400px"&gt;&lt;/a&gt;</msg>
<arg>${OrderDetailsReturnDescription}</arg>
<doc>Captures a screenshot from the element identified by ``locator`` and embeds it into log file.</doc>
<status status="PASS" start="2024-03-06T18:36:10.006985" elapsed="0.090600"/>
</kw>
<kw name="Capture Element Screenshot" owner="SeleniumLibrary">
<msg time="2024-03-06T18:36:10.190016" level="INFO" html="true">&lt;/td&gt;&lt;/tr&gt;&lt;tr&gt;&lt;td colspan="3"&gt;&lt;a href="../../Screenshots/AU/P1/AU_03-06-24%2018-35/selenium-element-screenshot-38.png"&gt;&lt;img src="../../Screenshots/AU/P1/AU_03-06-24%2018-35/selenium-element-screenshot-38.png" width="400px"&gt;&lt;/a&gt;</msg>
<arg>${OrderDetailsReturnPrice}</arg>
<doc>Captures a screenshot from the element identified by ``locator`` and embeds it into log file.</doc>
<status status="PASS" start="2024-03-06T18:36:10.097585" elapsed="0.093393"/>
</kw>
<kw name="Capture Element Screenshot" owner="SeleniumLibrary">
<msg time="2024-03-06T18:36:10.281884" level="INFO" html="true">&lt;/td&gt;&lt;/tr&gt;&lt;tr&gt;&lt;td colspan="3"&gt;&lt;a href="../../Screenshots/AU/P1/AU_03-06-24%2018-35/selenium-element-screenshot-39.png"&gt;&lt;img src="../../Screenshots/AU/P1/AU_03-06-24%2018-35/selenium-element-screenshot-39.png" width="400px"&gt;&lt;/a&gt;</msg>
<arg>${OrderDetailsReturnRRP}</arg>
<doc>Captures a screenshot from the element identified by ``locator`` and embeds it into log file.</doc>
<status status="PASS" start="2024-03-06T18:36:10.190978" elapsed="0.090906"/>
</kw>
<kw name="Capture Element Screenshot" owner="SeleniumLibrary">
<msg time="2024-03-06T18:36:10.373101" level="INFO" html="true">&lt;/td&gt;&lt;/tr&gt;&lt;tr&gt;&lt;td colspan="3"&gt;&lt;a href="../../Screenshots/AU/P1/AU_03-06-24%2018-35/selenium-element-screenshot-40.png"&gt;&lt;img src="../../Screenshots/AU/P1/AU_03-06-24%2018-35/selenium-element-screenshot-40.png" width="400px"&gt;&lt;/a&gt;</msg>
<arg>${OrderDetailsReturnOrder}</arg>
<doc>Captures a screenshot from the element identified by ``locator`` and embeds it into log file.</doc>
<status status="PASS" start="2024-03-06T18:36:10.281884" elapsed="0.091217"/>
</kw>
<kw name="Capture Element Screenshot" owner="SeleniumLibrary">
<msg time="2024-03-06T18:36:10.468395" level="INFO" html="true">&lt;/td&gt;&lt;/tr&gt;&lt;tr&gt;&lt;td colspan="3"&gt;&lt;a href="../../Screenshots/AU/P1/AU_03-06-24%2018-35/selenium-element-screenshot-41.png"&gt;&lt;img src="../../Screenshots/AU/P1/AU_03-06-24%2018-35/selenium-element-screenshot-41.png" width="400px"&gt;&lt;/a&gt;</msg>
<arg>${OrderDetailsReturnShipped}</arg>
<doc>Captures a screenshot from the element identified by ``locator`` and embeds it into log file.</doc>
<status status="PASS" start="2024-03-06T18:36:10.373101" elapsed="0.095294"/>
</kw>
<kw name="Capture Element Screenshot" owner="SeleniumLibrary">
<msg time="2024-03-06T18:36:10.544189" level="INFO" html="true">&lt;/td&gt;&lt;/tr&gt;&lt;tr&gt;&lt;td colspan="3"&gt;&lt;a href="../../Screenshots/AU/P1/AU_03-06-24%2018-35/selenium-element-screenshot-42.png"&gt;&lt;img src="../../Screenshots/AU/P1/AU_03-06-24%2018-35/selenium-element-screenshot-42.png" width="400px"&gt;&lt;/a&gt;</msg>
<arg>${OrderDetailsReturnPending}</arg>
<doc>Captures a screenshot from the element identified by ``locator`` and embeds it into log file.</doc>
<status status="PASS" start="2024-03-06T18:36:10.468395" elapsed="0.075794"/>
</kw>
<kw name="Capture Element Screenshot" owner="SeleniumLibrary">
<msg time="2024-03-06T18:36:10.638907" level="INFO" html="true">&lt;/td&gt;&lt;/tr&gt;&lt;tr&gt;&lt;td colspan="3"&gt;&lt;a href="../../Screenshots/AU/P1/AU_03-06-24%2018-35/selenium-element-screenshot-43.png"&gt;&lt;img src="../../Screenshots/AU/P1/AU_03-06-24%2018-35/selenium-element-screenshot-43.png" width="400px"&gt;&lt;/a&gt;</msg>
<arg>${OrderDetailsReturnTotal}</arg>
<doc>Captures a screenshot from the element identified by ``locator`` and embeds it into log file.</doc>
<status status="PASS" start="2024-03-06T18:36:10.544189" elapsed="0.094718"/>
</kw>
<kw name="Scroll Element Into View" owner="SeleniumLibrary">
<arg>${OrderDetailsBillingContainer}</arg>
<doc>Scrolls the element identified by ``locator`` into view.</doc>
<status status="PASS" start="2024-03-06T18:36:10.638907" elapsed="0.289054"/>
</kw>
<kw name="Capture Element Screenshot" owner="SeleniumLibrary">
<msg time="2024-03-06T18:36:11.011123" level="INFO" html="true">&lt;/td&gt;&lt;/tr&gt;&lt;tr&gt;&lt;td colspan="3"&gt;&lt;a href="../../Screenshots/AU/P1/AU_03-06-24%2018-35/selenium-element-screenshot-44.png"&gt;&lt;img src="../../Screenshots/AU/P1/AU_03-06-24%2018-35/selenium-element-screenshot-44.png" width="400px"&gt;&lt;/a&gt;</msg>
<arg>${OrderDetailsBillingContainer}</arg>
<doc>Captures a screenshot from the element identified by ``locator`` and embeds it into log file.</doc>
<status status="PASS" start="2024-03-06T18:36:10.927961" elapsed="0.083162"/>
</kw>
<kw name="Wait Until Element Is Visible" owner="SeleniumLibrary">
<arg>${OrderDetailsBillingLabel}</arg>
<arg>10</arg>
<doc>Waits until the element ``locator`` is visible.</doc>
<status status="PASS" start="2024-03-06T18:36:11.011123" elapsed="0.021167"/>
</kw>
<kw name="Wait Until Element Is Visible" owner="SeleniumLibrary">
<arg>${OrderDetailsOrderSummaryLabel}</arg>
<arg>10</arg>
<doc>Waits until the element ``locator`` is visible.</doc>
<status status="PASS" start="2024-03-06T18:36:11.033289" elapsed="0.020259"/>
</kw>
<kw name="Wait Until Element Is Visible" owner="SeleniumLibrary">
<arg>${OrderDetailsBillingDetailsAndTotal}</arg>
<arg>10</arg>
<doc>Waits until the element ``locator`` is visible.</doc>
<status status="PASS" start="2024-03-06T18:36:11.053548" elapsed="0.017535"/>
</kw>
<kw name="Wait Until Element Is Visible" owner="SeleniumLibrary">
<arg>${OrderDetailsAddressField}</arg>
<arg>10</arg>
<doc>Waits until the element ``locator`` is visible.</doc>
<status status="PASS" start="2024-03-06T18:36:11.071083" elapsed="0.016576"/>
</kw>
<kw name="Wait Until Element Is Visible" owner="SeleniumLibrary">
<msg time="2024-03-06T18:36:21.282133" level="INFO" html="true">&lt;/td&gt;&lt;/tr&gt;&lt;tr&gt;&lt;td colspan="3"&gt;&lt;a href="../../Screenshots/AU/P1/AU_03-06-24%2018-35/selenium-screenshot-9.png"&gt;&lt;img src="../../Screenshots/AU/P1/AU_03-06-24%2018-35/selenium-screenshot-9.png" width="800px"&gt;&lt;/a&gt;</msg>
<msg time="2024-03-06T18:36:21.282133" level="FAIL">Element '//div[@class='col-md-4 col-sm-12 px-0 px-md-3' or @class='col-md-4 col-sm-12']' not visible after 10 seconds.</msg>
<arg>${OrderDetailsPriceField}</arg>
<arg>10</arg>
<doc>Waits until the element ``locator`` is visible.</doc>
<status status="FAIL" start="2024-03-06T18:36:11.087659" elapsed="10.199439">Element '//div[@class='col-md-4 col-sm-12 px-0 px-md-3' or @class='col-md-4 col-sm-12']' not visible after 10 seconds.</status>
</kw>
<kw name="Capture Element Screenshot" owner="SeleniumLibrary">
<arg>${OrderDetailsBillingLabel}</arg>
<doc>Captures a screenshot from the element identified by ``locator`` and embeds it into log file.</doc>
<status status="NOT RUN" start="2024-03-06T18:36:21.287098" elapsed="0.000000"/>
</kw>
<kw name="Capture Element Screenshot" owner="SeleniumLibrary">
<arg>${OrderDetailsOrderSummaryLabel}</arg>
<doc>Captures a screenshot from the element identified by ``locator`` and embeds it into log file.</doc>
<status status="NOT RUN" start="2024-03-06T18:36:21.287098" elapsed="0.000000"/>
</kw>
<kw name="Capture Element Screenshot" owner="SeleniumLibrary">
<arg>${OrderDetailsBillingDetailsAndTotal}</arg>
<doc>Captures a screenshot from the element identified by ``locator`` and embeds it into log file.</doc>
<status status="NOT RUN" start="2024-03-06T18:36:21.287098" elapsed="0.000000"/>
</kw>
<kw name="Capture Element Screenshot" owner="SeleniumLibrary">
<arg>${OrderDetailsAddressField}</arg>
<doc>Captures a screenshot from the element identified by ``locator`` and embeds it into log file.</doc>
<status status="NOT RUN" start="2024-03-06T18:36:21.288119" elapsed="0.000000"/>
</kw>
<kw name="Capture Element Screenshot" owner="SeleniumLibrary">
<arg>${OrderDetailsPriceField}</arg>
<doc>Captures a screenshot from the element identified by ``locator`` and embeds it into log file.</doc>
<status status="NOT RUN" start="2024-03-06T18:36:21.288119" elapsed="0.000000"/>
</kw>
<kw name="Sleep" owner="BuiltIn">
<arg>3</arg>
<doc>Pauses the test executed for the given time.</doc>
<status status="NOT RUN" start="2024-03-06T18:36:21.288119" elapsed="0.000000"/>
</kw>
<status status="FAIL" start="2024-03-06T18:36:03.211408" elapsed="18.076711">Element '//div[@class='col-md-4 col-sm-12 px-0 px-md-3' or @class='col-md-4 col-sm-12']' not visible after 10 seconds.</status>
</kw>
<arg>User should be able to view order details</arg>
<doc>Runs the keyword and continues execution even if a failure occurs.</doc>
<status status="FAIL" start="2024-03-06T18:36:03.211408" elapsed="18.076711">Element '//div[@class='col-md-4 col-sm-12 px-0 px-md-3' or @class='col-md-4 col-sm-12']' not visible after 10 seconds.</status>
</kw>
<kw name="Run Keyword And Continue On Failure" owner="BuiltIn">
<kw name="TC Move to Top" owner="Home_Page_Keywords">
<kw name="Scroll Element Into View" owner="SeleniumLibrary">
<arg>${HomepageMyAccountLabel}</arg>
<doc>Scrolls the element identified by ``locator`` into view.</doc>
<status status="PASS" start="2024-03-06T18:36:21.289098" elapsed="0.285435"/>
</kw>
<kw name="Sleep" owner="BuiltIn">
<msg time="2024-03-06T18:36:24.575905" level="INFO">Slept 3 seconds.</msg>
<arg>3</arg>
<doc>Pauses the test executed for the given time.</doc>
<status status="PASS" start="2024-03-06T18:36:21.574533" elapsed="3.001372"/>
</kw>
<status status="PASS" start="2024-03-06T18:36:21.289098" elapsed="3.286807"/>
</kw>
<arg>TC Move to Top</arg>
<doc>Runs the keyword and continues execution even if a failure occurs.</doc>
<status status="PASS" start="2024-03-06T18:36:21.289098" elapsed="3.287447"/>
</kw>
<tag>Order Page</tag>
<tag>TC035</tag>
<status status="FAIL" start="2024-03-06T18:36:03.210407" elapsed="21.367151">Element '//div[@class='col-md-4 col-sm-12 px-0 px-md-3' or @class='col-md-4 col-sm-12']' not visible after 10 seconds.</status>
</test>
<test id="s1-t17" name="TC-014 - User should be able to click Return from left navigation" line="76">
<kw name="Run Keyword And Continue On Failure" owner="BuiltIn">
<kw name="User should be able to click Return from left navigation" owner="Home_Page_Keywords">
<kw name="Wait Until Element Is Visible" owner="SeleniumLibrary">
<arg>${HomepageReturnMenu}</arg>
<arg>10</arg>
<doc>Waits until the element ``locator`` is visible.</doc>
<status status="PASS" start="2024-03-06T18:36:24.582659" elapsed="0.022226"/>
</kw>
<kw name="Scroll Element Into View" owner="SeleniumLibrary">
<arg>${HomepageReturnMenu}</arg>
<doc>Scrolls the element identified by ``locator`` into view.</doc>
<status status="PASS" start="2024-03-06T18:36:24.604885" elapsed="0.275759"/>
</kw>
<kw name="Click Element" owner="SeleniumLibrary">
<msg time="2024-03-06T18:36:24.881636" level="INFO">Clicking element '//ul[@class='vertical-menu tab-level']//*[contains(text(),' Return ')]'.</msg>
<arg>${HomepageReturnMenu}</arg>
<doc>Click the element identified by ``locator``.</doc>
<status status="PASS" start="2024-03-06T18:36:24.881636" elapsed="0.063809"/>
</kw>
<kw name="Sleep" owner="BuiltIn">
<msg time="2024-03-06T18:36:29.945841" level="INFO">Slept 5 seconds.</msg>
<arg>5</arg>
<doc>Pauses the test executed for the given time.</doc>
<status status="PASS" start="2024-03-06T18:36:24.945445" elapsed="5.000396"/>
</kw>
<kw name="Capture Page Screenshot" owner="SeleniumLibrary">
<msg time="2024-03-06T18:36:30.051848" level="INFO" html="true">&lt;/td&gt;&lt;/tr&gt;&lt;tr&gt;&lt;td colspan="3"&gt;&lt;a href="../../Screenshots/AU/P1/AU_03-06-24%2018-35/selenium-screenshot-10.png"&gt;&lt;img src="../../Screenshots/AU/P1/AU_03-06-24%2018-35/selenium-screenshot-10.png" width="800px"&gt;&lt;/a&gt;</msg>
<doc>Takes a screenshot of the current page and embeds it into a log file.</doc>
<status status="PASS" start="2024-03-06T18:36:29.947314" elapsed="0.104534"/>
</kw>
<status status="PASS" start="2024-03-06T18:36:24.582659" elapsed="5.469189"/>
</kw>
<arg>User should be able to click Return from left navigation</arg>
<doc>Runs the keyword and continues execution even if a failure occurs.</doc>
<status status="PASS" start="2024-03-06T18:36:24.581556" elapsed="5.470292"/>
</kw>
<tag>Left Navigation</tag>
<tag>TC021</tag>
<status status="PASS" start="2024-03-06T18:36:24.580560" elapsed="5.471288"/>
</test>
<test id="s1-t18" name="TC-015 - User should be able to select one return from the list" line="80">
<kw name="Run Keyword And Continue On Failure" owner="BuiltIn">
<kw name="User should be able to select one return from the list" owner="Return_Page_Keywords">
<kw name="Wait Until Element Is Visible" owner="SeleniumLibrary">
<arg>${ReturnPageHistory1}</arg>
<arg>10</arg>
<doc>Waits until the element ``locator`` is visible.</doc>
<status status="PASS" start="2024-03-06T18:36:30.054892" elapsed="0.015823"/>
</kw>
<kw name="Click Element" owner="SeleniumLibrary">
<msg time="2024-03-06T18:36:30.070715" level="INFO">Clicking element '(//td//a[@class='cx-return-requests-value'])[1]|(//div//a[@class='cx-return-requests-value'])[1]'.</msg>
<arg>${ReturnPageHistory1}</arg>
<doc>Click the element identified by ``locator``.</doc>
<status status="PASS" start="2024-03-06T18:36:30.070715" elapsed="0.041366"/>
</kw>
<kw name="Sleep" owner="BuiltIn">
<msg time="2024-03-06T18:36:33.112550" level="INFO">Slept 3 seconds.</msg>
<arg>3</arg>
<doc>Pauses the test executed for the given time.</doc>
<status status="PASS" start="2024-03-06T18:36:30.112081" elapsed="3.000469"/>
</kw>
<kw name="Capture Page Screenshot" owner="SeleniumLibrary">
<msg time="2024-03-06T18:36:33.374522" level="INFO" html="true">&lt;/td&gt;&lt;/tr&gt;&lt;tr&gt;&lt;td colspan="3"&gt;&lt;a href="../../Screenshots/AU/P1/AU_03-06-24%2018-35/selenium-screenshot-11.png"&gt;&lt;img src="../../Screenshots/AU/P1/AU_03-06-24%2018-35/selenium-screenshot-11.png" width="800px"&gt;&lt;/a&gt;</msg>
<doc>Takes a screenshot of the current page and embeds it into a log file.</doc>
<status status="PASS" start="2024-03-06T18:36:33.112550" elapsed="0.261972"/>
</kw>
<status status="PASS" start="2024-03-06T18:36:30.053891" elapsed="3.320631"/>
</kw>
<arg>User should be able to select one return from the list</arg>
<doc>Runs the keyword and continues execution even if a failure occurs.</doc>
<status status="PASS" start="2024-03-06T18:36:30.053891" elapsed="3.320631"/>
</kw>
<tag>Return Page</tag>
<tag>TC037</tag>
<status status="PASS" start="2024-03-06T18:36:30.052884" elapsed="3.322314"/>
</test>
<test id="s1-t19" name="TC-016 - User should be able to view Return details" line="84">
<kw name="Run Keyword And Continue On Failure" owner="BuiltIn">
<kw name="User should be able to view Return details" owner="Return_Page_Keywords">
<kw name="Wait Until Element Is Visible" owner="SeleniumLibrary">
<arg>${ReturnPageOrderDetailsHeader}</arg>
<arg>20</arg>
<doc>Waits until the element ``locator`` is visible.</doc>
<status status="PASS" start="2024-03-06T18:36:33.377206" elapsed="0.017428"/>
</kw>
<kw name="Wait Until Element Is Visible" owner="SeleniumLibrary">
<arg>${ReturnPageOrderDetailsStatus}</arg>
<arg>10</arg>
<doc>Waits until the element ``locator`` is visible.</doc>
<status status="PASS" start="2024-03-06T18:36:33.395637" elapsed="0.015941"/>
</kw>
<kw name="Capture Element Screenshot" owner="SeleniumLibrary">
<msg time="2024-03-06T18:36:33.499974" level="INFO" html="true">&lt;/td&gt;&lt;/tr&gt;&lt;tr&gt;&lt;td colspan="3"&gt;&lt;a href="../../Screenshots/AU/P1/AU_03-06-24%2018-35/selenium-element-screenshot-45.png"&gt;&lt;img src="../../Screenshots/AU/P1/AU_03-06-24%2018-35/selenium-element-screenshot-45.png" width="400px"&gt;&lt;/a&gt;</msg>
<arg>${ReturnPageOrderDetailsHeader}</arg>
<doc>Captures a screenshot from the element identified by ``locator`` and embeds it into log file.</doc>
<status status="PASS" start="2024-03-06T18:36:33.411578" elapsed="0.088396"/>
</kw>
<kw name="Capture Element Screenshot" owner="SeleniumLibrary">
<msg time="2024-03-06T18:36:33.589827" level="INFO" html="true">&lt;/td&gt;&lt;/tr&gt;&lt;tr&gt;&lt;td colspan="3"&gt;&lt;a href="../../Screenshots/AU/P1/AU_03-06-24%2018-35/selenium-element-screenshot-46.png"&gt;&lt;img src="../../Screenshots/AU/P1/AU_03-06-24%2018-35/selenium-element-screenshot-46.png" width="400px"&gt;&lt;/a&gt;</msg>
<arg>${ReturnPageOrderDetailsStatus}</arg>
<doc>Captures a screenshot from the element identified by ``locator`` and embeds it into log file.</doc>
<status status="PASS" start="2024-03-06T18:36:33.499974" elapsed="0.089853"/>
</kw>
<kw name="Wait Until Element Is Visible" owner="SeleniumLibrary">
<arg>${ReturnPageOrderDetailsContainer}</arg>
<arg>10</arg>
<doc>Waits until the element ``locator`` is visible.</doc>
<status status="PASS" start="2024-03-06T18:36:33.589827" elapsed="0.021539"/>
</kw>
<kw name="Wait Until Element Is Visible" owner="SeleniumLibrary">
<arg>${ReturnPageOrderDetailsPartsRefLabel}</arg>
<arg>20</arg>
<doc>Waits until the element ``locator`` is visible.</doc>
<status status="PASS" start="2024-03-06T18:36:33.612394" elapsed="0.015334"/>
</kw>
<kw name="Wait Until Element Is Visible" owner="SeleniumLibrary">
<arg>${ReturnPageOrderDetailsCustOrderNumLabel}</arg>
<arg>10</arg>
<doc>Waits until the element ``locator`` is visible.</doc>
<status status="PASS" start="2024-03-06T18:36:33.627728" elapsed="0.015039"/>
</kw>
<kw name="Wait Until Element Is Visible" owner="SeleniumLibrary">
<arg>${ReturnPageOrderDetailsCustNameLabel}</arg>
<arg>10</arg>
<doc>Waits until the element ``locator`` is visible.</doc>
<status status="PASS" start="2024-03-06T18:36:33.642767" elapsed="0.014613"/>
</kw>
<kw name="Wait Until Element Is Visible" owner="SeleniumLibrary">
<arg>${ReturnPageOrderDetailsSupRefLabel}</arg>
<arg>10</arg>
<doc>Waits until the element ``locator`` is visible.</doc>
<status status="PASS" start="2024-03-06T18:36:33.657380" elapsed="0.016386"/>
</kw>
<kw name="Wait Until Element Is Visible" owner="SeleniumLibrary">
<arg>${ReturnPageOrderDetailsSupLabel}</arg>
<arg>10</arg>
<doc>Waits until the element ``locator`` is visible.</doc>
<status status="PASS" start="2024-03-06T18:36:33.674796" elapsed="0.014086"/>
</kw>
<kw name="Wait Until Element Is Visible" owner="SeleniumLibrary">
<arg>${ReturnPageOrderDetailsOrderDateLabel}</arg>
<arg>10</arg>
<doc>Waits until the element ``locator`` is visible.</doc>
<status status="PASS" start="2024-03-06T18:36:33.689919" elapsed="0.014002"/>
</kw>
<kw name="Wait Until Element Is Visible" owner="SeleniumLibrary">
<arg>${ReturnPageOrderDetailsRetReqDateLabel}</arg>
<arg>10</arg>
<doc>Waits until the element ``locator`` is visible.</doc>
<status status="PASS" start="2024-03-06T18:36:33.704536" elapsed="0.014391"/>
</kw>
[...]
<status status="PASS" start="2024-03-06T18:38:09.157958" elapsed="0.093100"/>
</kw>
<kw name="Capture Element Screenshot" owner="SeleniumLibrary">
<msg time="2024-03-06T18:38:09.346298" level="INFO" html="true">&lt;/td&gt;&lt;/tr&gt;&lt;tr&gt;&lt;td colspan="3"&gt;&lt;a href="../../Screenshots/AU/P1/AU_03-06-24%2018-35/selenium-element-screenshot-149.png"&gt;&lt;img src="../../Screenshots/AU/P1/AU_03-06-24%2018-35/selenium-element-screenshot-149.png" width="400px"&gt;&lt;/a&gt;</msg>
<arg>${CompanyDetailsPageContFNLabel}</arg>
<doc>Captures a screenshot from the element identified by ``locator`` and embeds it into log file.</doc>
<status status="PASS" start="2024-03-06T18:38:09.251058" elapsed="0.095240"/>
</kw>
<kw name="Capture Element Screenshot" owner="SeleniumLibrary">
<msg time="2024-03-06T18:38:09.422125" level="INFO" html="true">&lt;/td&gt;&lt;/tr&gt;&lt;tr&gt;&lt;td colspan="3"&gt;&lt;a href="../../Screenshots/AU/P1/AU_03-06-24%2018-35/selenium-element-screenshot-150.png"&gt;&lt;img src="../../Screenshots/AU/P1/AU_03-06-24%2018-35/selenium-element-screenshot-150.png" width="400px"&gt;&lt;/a&gt;</msg>
<arg>${CompanyDetailsPageContLNLabel}</arg>
<doc>Captures a screenshot from the element identified by ``locator`` and embeds it into log file.</doc>
<status status="PASS" start="2024-03-06T18:38:09.347300" elapsed="0.074825"/>
</kw>
<kw name="Capture Element Screenshot" owner="SeleniumLibrary">
<msg time="2024-03-06T18:38:09.517153" level="INFO" html="true">&lt;/td&gt;&lt;/tr&gt;&lt;tr&gt;&lt;td colspan="3"&gt;&lt;a href="../../Screenshots/AU/P1/AU_03-06-24%2018-35/selenium-element-screenshot-151.png"&gt;&lt;img src="../../Screenshots/AU/P1/AU_03-06-24%2018-35/selenium-element-screenshot-151.png" width="400px"&gt;&lt;/a&gt;</msg>
<arg>${CompanyDetailsPageRadioABNLabel}</arg>
<doc>Captures a screenshot from the element identified by ``locator`` and embeds it into log file.</doc>
<status status="PASS" start="2024-03-06T18:38:09.422125" elapsed="0.095028"/>
</kw>
<kw name="Capture Element Screenshot" owner="SeleniumLibrary">
<msg time="2024-03-06T18:38:09.612786" level="INFO" html="true">&lt;/td&gt;&lt;/tr&gt;&lt;tr&gt;&lt;td colspan="3"&gt;&lt;a href="../../Screenshots/AU/P1/AU_03-06-24%2018-35/selenium-element-screenshot-152.png"&gt;&lt;img src="../../Screenshots/AU/P1/AU_03-06-24%2018-35/selenium-element-screenshot-152.png" width="400px"&gt;&lt;/a&gt;</msg>
<arg>${CompanyDetailsPageRadioACNLabel}</arg>
<doc>Captures a screenshot from the element identified by ``locator`` and embeds it into log file.</doc>
<status status="PASS" start="2024-03-06T18:38:09.517153" elapsed="0.095633"/>
</kw>
<kw name="Capture Element Screenshot" owner="SeleniumLibrary">
<msg time="2024-03-06T18:38:09.701678" level="INFO" html="true">&lt;/td&gt;&lt;/tr&gt;&lt;tr&gt;&lt;td colspan="3"&gt;&lt;a href="../../Screenshots/AU/P1/AU_03-06-24%2018-35/selenium-element-screenshot-153.png"&gt;&lt;img src="../../Screenshots/AU/P1/AU_03-06-24%2018-35/selenium-element-screenshot-153.png" width="400px"&gt;&lt;/a&gt;</msg>
<arg>${CompanyDetailsPageABNLabel}</arg>
<doc>Captures a screenshot from the element identified by ``locator`` and embeds it into log file.</doc>
<status status="PASS" start="2024-03-06T18:38:09.612786" elapsed="0.088892"/>
</kw>
<kw name="Capture Element Screenshot" owner="SeleniumLibrary">
<msg time="2024-03-06T18:38:09.803353" level="INFO" html="true">&lt;/td&gt;&lt;/tr&gt;&lt;tr&gt;&lt;td colspan="3"&gt;&lt;a href="../../Screenshots/AU/P1/AU_03-06-24%2018-35/selenium-element-screenshot-154.png"&gt;&lt;img src="../../Screenshots/AU/P1/AU_03-06-24%2018-35/selenium-element-screenshot-154.png" width="400px"&gt;&lt;/a&gt;</msg>
<arg>${CompanyDetailsPageOpeningLabel}</arg>
<doc>Captures a screenshot from the element identified by ``locator`` and embeds it into log file.</doc>
<status status="PASS" start="2024-03-06T18:38:09.701678" elapsed="0.101675"/>
</kw>
<kw name="Capture Element Screenshot" owner="SeleniumLibrary">
<msg time="2024-03-06T18:38:09.891669" level="INFO" html="true">&lt;/td&gt;&lt;/tr&gt;&lt;tr&gt;&lt;td colspan="3"&gt;&lt;a href="../../Screenshots/AU/P1/AU_03-06-24%2018-35/selenium-element-screenshot-155.png"&gt;&lt;img src="../../Screenshots/AU/P1/AU_03-06-24%2018-35/selenium-element-screenshot-155.png" width="400px"&gt;&lt;/a&gt;</msg>
<arg>${CompanyDetailsPageClosingLabel}</arg>
<doc>Captures a screenshot from the element identified by ``locator`` and embeds it into log file.</doc>
<status status="PASS" start="2024-03-06T18:38:09.803353" elapsed="0.088316"/>
</kw>
<kw name="Capture Element Screenshot" owner="SeleniumLibrary">
<msg time="2024-03-06T18:38:09.986008" level="INFO" html="true">&lt;/td&gt;&lt;/tr&gt;&lt;tr&gt;&lt;td colspan="3"&gt;&lt;a href="../../Screenshots/AU/P1/AU_03-06-24%2018-35/selenium-element-screenshot-156.png"&gt;&lt;img src="../../Screenshots/AU/P1/AU_03-06-24%2018-35/selenium-element-screenshot-156.png" width="400px"&gt;&lt;/a&gt;</msg>
<arg>${CompanyDetailsPageEmailAddTextBox}</arg>
<doc>Captures a screenshot from the element identified by ``locator`` and embeds it into log file.</doc>
<status status="PASS" start="2024-03-06T18:38:09.891669" elapsed="0.094339"/>
</kw>
<kw name="Capture Element Screenshot" owner="SeleniumLibrary">
<msg time="2024-03-06T18:38:10.083410" level="INFO" html="true">&lt;/td&gt;&lt;/tr&gt;&lt;tr&gt;&lt;td colspan="3"&gt;&lt;a href="../../Screenshots/AU/P1/AU_03-06-24%2018-35/selenium-element-screenshot-157.png"&gt;&lt;img src="../../Screenshots/AU/P1/AU_03-06-24%2018-35/selenium-element-screenshot-157.png" width="400px"&gt;&lt;/a&gt;</msg>
<arg>${CompanyDetailsPageCompPhoneNumTextBox}</arg>
<doc>Captures a screenshot from the element identified by ``locator`` and embeds it into log file.</doc>
<status status="PASS" start="2024-03-06T18:38:09.986008" elapsed="0.097402"/>
</kw>
<kw name="Capture Element Screenshot" owner="SeleniumLibrary">
<msg time="2024-03-06T18:38:10.173711" level="INFO" html="true">&lt;/td&gt;&lt;/tr&gt;&lt;tr&gt;&lt;td colspan="3"&gt;&lt;a href="../../Screenshots/AU/P1/AU_03-06-24%2018-35/selenium-element-screenshot-158.png"&gt;&lt;img src="../../Screenshots/AU/P1/AU_03-06-24%2018-35/selenium-element-screenshot-158.png" width="400px"&gt;&lt;/a&gt;</msg>
<arg>${CompanyDetailsPageContFNTextBox}</arg>
<doc>Captures a screenshot from the element identified by ``locator`` and embeds it into log file.</doc>
<status status="PASS" start="2024-03-06T18:38:10.083410" elapsed="0.090301"/>
</kw>
<kw name="Capture Element Screenshot" owner="SeleniumLibrary">
<msg time="2024-03-06T18:38:10.267181" level="INFO" html="true">&lt;/td&gt;&lt;/tr&gt;&lt;tr&gt;&lt;td colspan="3"&gt;&lt;a href="../../Screenshots/AU/P1/AU_03-06-24%2018-35/selenium-element-screenshot-159.png"&gt;&lt;img src="../../Screenshots/AU/P1/AU_03-06-24%2018-35/selenium-element-screenshot-159.png" width="400px"&gt;&lt;/a&gt;</msg>
<arg>${CompanyDetailsPageContLNTextBox}</arg>
<doc>Captures a screenshot from the element identified by ``locator`` and embeds it into log file.</doc>
<status status="PASS" start="2024-03-06T18:38:10.173711" elapsed="0.093470"/>
</kw>
<kw name="Capture Element Screenshot" owner="SeleniumLibrary">
<msg time="2024-03-06T18:38:10.362634" level="INFO" html="true">&lt;/td&gt;&lt;/tr&gt;&lt;tr&gt;&lt;td colspan="3"&gt;&lt;a href="../../Screenshots/AU/P1/AU_03-06-24%2018-35/selenium-element-screenshot-160.png"&gt;&lt;img src="../../Screenshots/AU/P1/AU_03-06-24%2018-35/selenium-element-screenshot-160.png" width="400px"&gt;&lt;/a&gt;</msg>
<arg>${CompanyDetailsPageABNTextBox}</arg>
<doc>Captures a screenshot from the element identified by ``locator`` and embeds it into log file.</doc>
<status status="PASS" start="2024-03-06T18:38:10.267181" elapsed="0.096457"/>
</kw>
<kw name="Capture Element Screenshot" owner="SeleniumLibrary">
<msg time="2024-03-06T18:38:10.454111" level="INFO" html="true">&lt;/td&gt;&lt;/tr&gt;&lt;tr&gt;&lt;td colspan="3"&gt;&lt;a href="../../Screenshots/AU/P1/AU_03-06-24%2018-35/selenium-element-screenshot-161.png"&gt;&lt;img src="../../Screenshots/AU/P1/AU_03-06-24%2018-35/selenium-element-screenshot-161.png" width="400px"&gt;&lt;/a&gt;</msg>
<arg>${CompanyDetailsPageRadioABNRadioButton}</arg>
<doc>Captures a screenshot from the element identified by ``locator`` and embeds it into log file.</doc>
<status status="PASS" start="2024-03-06T18:38:10.363638" elapsed="0.090473"/>
</kw>
<kw name="Capture Element Screenshot" owner="SeleniumLibrary">
<msg time="2024-03-06T18:38:10.547475" level="INFO" html="true">&lt;/td&gt;&lt;/tr&gt;&lt;tr&gt;&lt;td colspan="3"&gt;&lt;a href="../../Screenshots/AU/P1/AU_03-06-24%2018-35/selenium-element-screenshot-162.png"&gt;&lt;img src="../../Screenshots/AU/P1/AU_03-06-24%2018-35/selenium-element-screenshot-162.png" width="400px"&gt;&lt;/a&gt;</msg>
<arg>${CompanyDetailsPageRadioACNRadioButton}</arg>
<doc>Captures a screenshot from the element identified by ``locator`` and embeds it into log file.</doc>
<status status="PASS" start="2024-03-06T18:38:10.454111" elapsed="0.093364"/>
</kw>
<kw name="Capture Element Screenshot" owner="SeleniumLibrary">
<msg time="2024-03-06T18:38:10.637858" level="INFO" html="true">&lt;/td&gt;&lt;/tr&gt;&lt;tr&gt;&lt;td colspan="3"&gt;&lt;a href="../../Screenshots/AU/P1/AU_03-06-24%2018-35/selenium-element-screenshot-163.png"&gt;&lt;img src="../../Screenshots/AU/P1/AU_03-06-24%2018-35/selenium-element-screenshot-163.png" width="400px"&gt;&lt;/a&gt;</msg>
<arg>${CompanyDetailsPageCancelButton}</arg>
<doc>Captures a screenshot from the element identified by ``locator`` and embeds it into log file.</doc>
<status status="PASS" start="2024-03-06T18:38:10.547475" elapsed="0.091384"/>
</kw>
<kw name="Capture Element Screenshot" owner="SeleniumLibrary">
<msg time="2024-03-06T18:38:10.734976" level="INFO" html="true">&lt;/td&gt;&lt;/tr&gt;&lt;tr&gt;&lt;td colspan="3"&gt;&lt;a href="../../Screenshots/AU/P1/AU_03-06-24%2018-35/selenium-element-screenshot-164.png"&gt;&lt;img src="../../Screenshots/AU/P1/AU_03-06-24%2018-35/selenium-element-screenshot-164.png" width="400px"&gt;&lt;/a&gt;</msg>
<arg>${CompanyDetailsPageSubmitButton}</arg>
<doc>Captures a screenshot from the element identified by ``locator`` and embeds it into log file.</doc>
<status status="PASS" start="2024-03-06T18:38:10.638859" elapsed="0.096117"/>
</kw>
<kw name="Capture Page Screenshot" owner="SeleniumLibrary">
<msg time="2024-03-06T18:38:10.846023" level="INFO" html="true">&lt;/td&gt;&lt;/tr&gt;&lt;tr&gt;&lt;td colspan="3"&gt;&lt;a href="../../Screenshots/AU/P1/AU_03-06-24%2018-35/selenium-screenshot-24.png"&gt;&lt;img src="../../Screenshots/AU/P1/AU_03-06-24%2018-35/selenium-screenshot-24.png" width="800px"&gt;&lt;/a&gt;</msg>
<doc>Takes a screenshot of the current page and embeds it into a log file.</doc>
<status status="PASS" start="2024-03-06T18:38:10.734976" elapsed="0.111047"/>
</kw>
<kw name="Sleep" owner="BuiltIn">
<msg time="2024-03-06T18:38:12.846554" level="INFO">Slept 2 seconds.</msg>
<arg>2</arg>
<doc>Pauses the test executed for the given time.</doc>
<status status="PASS" start="2024-03-06T18:38:10.846023" elapsed="2.000531"/>
</kw>
<status status="PASS" start="2024-03-06T18:38:04.708810" elapsed="8.137744"/>
</kw>
<arg>User should be able to view company details page</arg>
<doc>Runs the keyword and continues execution even if a failure occurs.</doc>
<status status="PASS" start="2024-03-06T18:38:04.707818" elapsed="8.138736"/>
</kw>
<kw name="Run Keyword And Continue On Failure" owner="BuiltIn">
<kw name="TC Move to Top" owner="Home_Page_Keywords">
<kw name="Scroll Element Into View" owner="SeleniumLibrary">
<arg>${HomepageMyAccountLabel}</arg>
<doc>Scrolls the element identified by ``locator`` into view.</doc>
<status status="PASS" start="2024-03-06T18:38:12.847616" elapsed="0.309076"/>
</kw>
<kw name="Sleep" owner="BuiltIn">
<msg time="2024-03-06T18:38:16.156973" level="INFO">Slept 3 seconds.</msg>
<arg>3</arg>
<doc>Pauses the test executed for the given time.</doc>
<status status="PASS" start="2024-03-06T18:38:13.156692" elapsed="3.000281"/>
</kw>
<status status="PASS" start="2024-03-06T18:38:12.847616" elapsed="3.309357"/>
</kw>
<arg>TC Move to Top</arg>
<doc>Runs the keyword and continues execution even if a failure occurs.</doc>
<status status="PASS" start="2024-03-06T18:38:12.847616" elapsed="3.309357"/>
</kw>
<tag>Company Details</tag>
<tag>TC047</tag>
<status status="PASS" start="2024-03-06T18:38:02.548514" elapsed="13.611197"/>
</test>
<test id="s1-t38" name="TC-035 - User should be able to click Company - Staff Pass from left navigation" line="166">
<kw name="Run Keyword And Continue On Failure" owner="BuiltIn">
<kw name="User should be able to click Company - Staff Pass from left navigation" owner="Home_Page_Keywords">
<kw name="Wait Until Element Is Visible" owner="SeleniumLibrary">
<arg>${HomepageCompanyStaff}</arg>
<arg>10</arg>
<doc>Waits until the element ``locator`` is visible.</doc>
<status status="PASS" start="2024-03-06T18:38:16.165563" elapsed="0.032064"/>
</kw>
<kw name="Scroll Element Into View" owner="SeleniumLibrary">
<arg>${HomepageCompanyStaff}</arg>
<doc>Scrolls the element identified by ``locator`` into view.</doc>
<status status="PASS" start="2024-03-06T18:38:16.197627" elapsed="0.284581"/>
</kw>
<kw name="Click Element" owner="SeleniumLibrary">
<msg time="2024-03-06T18:38:16.483235" level="INFO">Clicking element '//div[@class='tab-data has-child']//a[contains(text(),'Staff')]'.</msg>
<arg>${HomepageCompanyStaff}</arg>
<doc>Click the element identified by ``locator``.</doc>
<status status="PASS" start="2024-03-06T18:38:16.482208" elapsed="0.080171"/>
</kw>
<kw name="Capture Page Screenshot" owner="SeleniumLibrary">
<msg time="2024-03-06T18:38:16.752103" level="INFO" html="true">&lt;/td&gt;&lt;/tr&gt;&lt;tr&gt;&lt;td colspan="3"&gt;&lt;a href="../../Screenshots/AU/P1/AU_03-06-24%2018-35/selenium-screenshot-25.png"&gt;&lt;img src="../../Screenshots/AU/P1/AU_03-06-24%2018-35/selenium-screenshot-25.png" width="800px"&gt;&lt;/a&gt;</msg>
<doc>Takes a screenshot of the current page and embeds it into a log file.</doc>
<status status="PASS" start="2024-03-06T18:38:16.562379" elapsed="0.189724"/>
</kw>
<kw name="Sleep" owner="BuiltIn">
<msg time="2024-03-06T18:38:21.752455" level="INFO">Slept 5 seconds.</msg>
<arg>5</arg>
<doc>Pauses the test executed for the given time.</doc>
<status status="PASS" start="2024-03-06T18:38:16.752103" elapsed="5.000352"/>
</kw>
<status status="PASS" start="2024-03-06T18:38:16.164547" elapsed="5.587908"/>
</kw>
<arg>User should be able to click Company - Staff Pass from left navigation</arg>
<doc>Runs the keyword and continues execution even if a failure occurs.</doc>
<status status="PASS" start="2024-03-06T18:38:16.164547" elapsed="5.589111"/>
</kw>
<tag>Left Navigation</tag>
<tag>TC031</tag>
<status status="PASS" start="2024-03-06T18:38:16.163233" elapsed="5.591382"/>
</test>
<test id="s1-t39" name="TC-036 - User should be able to view staff page" line="170">
<kw name="Run Keyword And Continue On Failure" owner="BuiltIn">
<kw name="User should be able to view staff page" owner="Staff_Page_Keywords">
<kw name="Wait Until Element Is Visible" owner="SeleniumLibrary">
<arg>${StaffPagePanelContainer}</arg>
<arg>10</arg>
<doc>Waits until the element ``locator`` is visible.</doc>
<status status="PASS" start="2024-03-06T18:38:21.760591" elapsed="0.021178"/>
</kw>
<kw name="Wait Until Element Is Visible" owner="SeleniumLibrary">
<arg>${StaffPagePanelHeader}</arg>
<arg>10</arg>
<doc>Waits until the element ``locator`` is visible.</doc>
<status status="PASS" start="2024-03-06T18:38:21.781769" elapsed="0.016765"/>
</kw>
<kw name="Capture Page Screenshot" owner="SeleniumLibrary">
<msg time="2024-03-06T18:38:21.889881" level="INFO" html="true">&lt;/td&gt;&lt;/tr&gt;&lt;tr&gt;&lt;td colspan="3"&gt;&lt;a href="../../Screenshots/AU/P1/AU_03-06-24%2018-35/selenium-screenshot-26.png"&gt;&lt;img src="../../Screenshots/AU/P1/AU_03-06-24%2018-35/selenium-screenshot-26.png" width="800px"&gt;&lt;/a&gt;</msg>
<doc>Takes a screenshot of the current page and embeds it into a log file.</doc>
<status status="PASS" start="2024-03-06T18:38:21.798534" elapsed="0.091347"/>
</kw>
<kw name="Sleep" owner="BuiltIn">
<msg time="2024-03-06T18:38:23.890455" level="INFO">Slept 2 seconds.</msg>
<arg>2</arg>
<doc>Pauses the test executed for the given time.</doc>
<status status="PASS" start="2024-03-06T18:38:21.889881" elapsed="2.000574"/>
</kw>
<status status="PASS" start="2024-03-06T18:38:21.760591" elapsed="2.129864"/>
</kw>
<arg>User should be able to view staff page</arg>
<doc>Runs the keyword and continues execution even if a failure occurs.</doc>
<status status="PASS" start="2024-03-06T18:38:21.759566" elapsed="2.130889"/>
</kw>
<tag>Company Details</tag>
<tag>TC048</tag>
<status status="PASS" start="2024-03-06T18:38:21.758560" elapsed="2.133997"/>
</test>
<doc>Suite description</doc>
<status status="FAIL" start="2024-03-06T18:34:49.059868" elapsed="214.834657"/>
</suite>
<statistics>
<total>
<stat pass="38" fail="1" skip="0">All Tests</stat>
</total>
<tag>
<stat pass="2" fail="0" skip="0">Company Details</stat>
<stat pass="13" fail="0" skip="0">Left Navigation</stat>
<stat pass="1" fail="0" skip="0">Login Button</stat>
<stat pass="1" fail="0" skip="0">Message Page</stat>
<stat pass="4" fail="0" skip="0">New RegReq Page</stat>
<stat pass="2" fail="1" skip="0">Order Page</stat>
<stat pass="2" fail="0" skip="0">Profile</stat>
<stat pass="2" fail="0" skip="0">Return Page</stat>
<stat pass="1" fail="0" skip="0">Sleep</stat>
<stat pass="1" fail="0" skip="0">TC006</stat>
<stat pass="1" fail="0" skip="0">TC007</stat>
<stat pass="1" fail="0" skip="0">TC008</stat>
<stat pass="1" fail="0" skip="0">TC014</stat>
<stat pass="1" fail="0" skip="0">TC015</stat>
<stat pass="1" fail="0" skip="0">TC016</stat>
<stat pass="1" fail="0" skip="0">TC017</stat>
<stat pass="1" fail="0" skip="0">TC018</stat>
<stat pass="1" fail="0" skip="0">TC019</stat>
<stat pass="1" fail="0" skip="0">TC020</stat>
<stat pass="1" fail="0" skip="0">TC021</stat>
<stat pass="2" fail="0" skip="0">TC022</stat>
<stat pass="1" fail="0" skip="0">TC023</stat>
<stat pass="1" fail="0" skip="0">TC024</stat>
<stat pass="1" fail="0" skip="0">TC025</stat>
<stat pass="1" fail="0" skip="0">TC026</stat>
<stat pass="1" fail="0" skip="0">TC027</stat>
<stat pass="1" fail="0" skip="0">TC028</stat>
<stat pass="1" fail="0" skip="0">TC029</stat>
<stat pass="1" fail="0" skip="0">TC030</stat>
<stat pass="1" fail="0" skip="0">TC031</stat>
<stat pass="1" fail="0" skip="0">TC033</stat>
<stat pass="1" fail="0" skip="0">TC034</stat>
<stat pass="0" fail="1" skip="0">TC035</stat>
<stat pass="1" fail="0" skip="0">TC037</stat>
<stat pass="1" fail="0" skip="0">TC038</stat>
<stat pass="1" fail="0" skip="0">TC040</stat>
<stat pass="1" fail="0" skip="0">TC041</stat>
<stat pass="1" fail="0" skip="0">TC042</stat>
<stat pass="1" fail="0" skip="0">TC043</stat>
<stat pass="1" fail="0" skip="0">TC044</stat>
<stat pass="1" fail="0" skip="0">TC045</stat>
<stat pass="1" fail="0" skip="0">TC046</stat>
<stat pass="1" fail="0" skip="0">TC047</stat>
<stat pass="1" fail="0" skip="0">TC048</stat>
<stat pass="1" fail="0" skip="0">TC Sleep AU</stat>
<stat pass="6" fail="0" skip="0">Top Navigation</stat>
<stat pass="2" fail="0" skip="0">Valid Account</stat>
</tag>
<suite>
<stat pass="38" fail="1" skip="0" id="s1" name="AU Dealer Check">AU Dealer Check</stat>
</suite>
</statistics>
<errors>
<msg time="2024-03-06T18:34:49.282899" level="ERROR">Error in file 'C:\Users\Tyron.Demate\PycharmProjects\pythonProject2\Resource\Keyword\Dealer\Training.robot' on line 34: Creating keyword 'TCsleep training' failed: Keyword with same name defined multiple times.</msg>
<msg time="2024-03-06T18:34:49.285899" level="WARN">Imported resource file 'C:\Users\Tyron.Demate\PycharmProjects\pythonProject2\Resource\testdata\config.robot' is empty.</msg>
</errors>
</robot>
