<?xml version="1.0" encoding="UTF-8"?>
<robot generator="Robot 6.1.1 (Python 3.11.4 on win32)" generated="20231220 15:10:52.514" rpa="false" schemaversion="4">
<suite id="s1" name="HK EndToEnd Manual Search Vehicle" source="C:\Users\Danielouie.Estopace\PycharmProjects\pythonProject2\Resource\testsuites\Retail\HK_EndToEnd_Manual_Search_Vehicle.robot">
<test id="s1-t1" name="Test Setup" line="13">
<kw name="Run Keywords" library="BuiltIn">
<arg>Open Chrome Browser</arg>
<doc>Executes all the given keywords in a sequence.</doc>
<kw name="Open Chrome Browser" library="config">
<kw name="Open Browser" library="SeleniumLibrary">
<arg>${s2HKRetail}</arg>
<arg>Chrome</arg>
<arg>executable_path=${driver_path}</arg>
<doc>Opens a new browser instance to the optional ``url``.</doc>
<msg timestamp="20231220 15:10:53.464" level="INFO">Opening browser 'Chrome' to base url 'https://hkretail.coyzchwfjr-inchcaped2-s2-public.model-t.cc.commerce.ondemand.com/hkretail/'.</msg>
<status status="PASS" starttime="20231220 15:10:53.463" endtime="20231220 15:10:57.577"/>
</kw>
<kw name="Maximize Browser Window" library="SeleniumLibrary">
<doc>Maximizes current browser window.</doc>
<status status="PASS" starttime="20231220 15:10:57.577" endtime="20231220 15:10:57.705"/>
</kw>
<status status="PASS" starttime="20231220 15:10:53.463" endtime="20231220 15:10:57.705"/>
</kw>
<status status="PASS" starttime="20231220 15:10:53.463" endtime="20231220 15:10:57.705"/>
</kw>
<status status="PASS" starttime="20231220 15:10:53.462" endtime="20231220 15:10:57.706"/>
</test>
<test id="s1-t2" name="Screen Shot DIR" line="14">
<kw name="Run Keywords" library="BuiltIn">
<arg>Retail Screent Shot DIR</arg>
<doc>Executes all the given keywords in a sequence.</doc>
<kw name="Retail Screent Shot DIR" library="config">
<kw name="Get Current Date" library="DateTime">
<var>${currentdate}</var>
<arg>result_format=%m-%d-%y %H-%M</arg>
<doc>Returns current local or UTC time with an optional increment.</doc>
<msg timestamp="20231220 15:10:57.708" level="INFO">${currentdate} = 12-20-23 15-10</msg>
<status status="PASS" starttime="20231220 15:10:57.707" endtime="20231220 15:10:57.708"/>
</kw>
<kw name="Create Directory" library="OperatingSystem">
<arg>${Retail_screenshot_path}/${currentdate}</arg>
<doc>Creates the specified directory.</doc>
<msg timestamp="20231220 15:10:57.708" level="INFO" html="true">Created directory '&lt;a href="file://C:\Users\Danielouie.Estopace\PycharmProjects\pythonProject2\Resource\testsuites\Retail\Screenshots\12-20-23 15-10"&gt;C:\Users\Danielouie.Estopace\PycharmProjects\pythonProject2\Resource\testsuites\Retail\Screenshots\12-20-23 15-10&lt;/a&gt;'.</msg>
<status status="PASS" starttime="20231220 15:10:57.708" endtime="20231220 15:10:57.708"/>
</kw>
<kw name="Set Screenshot Directory" library="SeleniumLibrary">
<arg>${Retail_screenshot_path}/${currentdate}</arg>
<doc>Sets the directory for captured screenshots.</doc>
<status status="PASS" starttime="20231220 15:10:57.709" endtime="20231220 15:10:57.709"/>
</kw>
<kw name="Convert To String" library="BuiltIn">
<var>${NewDIR}</var>
<arg>${Retail_screenshot_path}\\${currentdate}</arg>
<doc>Converts the given item to a Unicode string.</doc>
<msg timestamp="20231220 15:10:57.709" level="INFO">${NewDIR} = C:\Users\Danielouie.Estopace\PycharmProjects\pythonProject2\Resource\testsuites\Retail\Screenshots\12-20-23 15-10</msg>
<status status="PASS" starttime="20231220 15:10:57.709" endtime="20231220 15:10:57.709"/>
</kw>
<status status="PASS" starttime="20231220 15:10:57.707" endtime="20231220 15:10:57.709"/>
</kw>
<status status="PASS" starttime="20231220 15:10:57.707" endtime="20231220 15:10:57.709"/>
</kw>
<status status="PASS" starttime="20231220 15:10:57.706" endtime="20231220 15:10:57.710"/>
</test>
<test id="s1-t3" name="TC-001 - Verify Login Page" line="16">
<kw name="Run Keyword And Continue On Failure" library="BuiltIn">
<arg>TC Sleep</arg>
<doc>Runs the keyword and continues execution even if a failure occurs.</doc>
<kw name="TC Sleep" library="config">
<kw name="Sleep" library="BuiltIn">
<arg>10</arg>
<doc>Pauses the test executed for the given time.</doc>
<msg timestamp="20231220 15:11:07.713" level="INFO">Slept 10 seconds</msg>
<status status="PASS" starttime="20231220 15:10:57.713" endtime="20231220 15:11:07.713"/>
</kw>
<status status="PASS" starttime="20231220 15:10:57.712" endtime="20231220 15:11:07.713"/>
</kw>
<status status="PASS" starttime="20231220 15:10:57.711" endtime="20231220 15:11:07.713"/>
</kw>
<kw name="Run Keyword And Continue On Failure" library="BuiltIn">
<arg>User should be able to click Translate to English Button</arg>
<doc>Runs the keyword and continues execution even if a failure occurs.</doc>
<kw name="User should be able to click Translate to English Button" library="Login_Page_Keywords">
<kw name="Wait Until Element Is Visible" library="SeleniumLibrary">
<arg>${Retail_HK_LoginPage_English_Button}</arg>
<arg>10</arg>
<doc>Waits until the element ``locator`` is visible.</doc>
<status status="PASS" starttime="20231220 15:11:07.714" endtime="20231220 15:11:07.749"/>
</kw>
<kw name="Capture Element Screenshot" library="SeleniumLibrary">
<arg>${Retail_HK_LoginPage_English_Button}</arg>
<doc>Captures a screenshot from the element identified by ``locator`` and embeds it into log file.</doc>
<msg timestamp="20231220 15:11:07.840" level="INFO" html="true">&lt;/td&gt;&lt;/tr&gt;&lt;tr&gt;&lt;td colspan="3"&gt;&lt;a href="Screenshots/12-20-23%2015-10/selenium-element-screenshot-1.png"&gt;&lt;img src="Screenshots/12-20-23%2015-10/selenium-element-screenshot-1.png" width="400px"&gt;&lt;/a&gt;</msg>
<status status="PASS" starttime="20231220 15:11:07.749" endtime="20231220 15:11:07.840"/>
</kw>
<kw name="Click Element" library="SeleniumLibrary">
<arg>${Retail_HK_LoginPage_English_Button}</arg>
<doc>Click the element identified by ``locator``.</doc>
<msg timestamp="20231220 15:11:07.840" level="INFO">Clicking element '//dpp-language-toggle//span[contains(text(),'EN')]'.</msg>
<status status="PASS" starttime="20231220 15:11:07.840" endtime="20231220 15:11:07.929"/>
</kw>
<kw name="Sleep" library="BuiltIn">
<arg>2</arg>
<doc>Pauses the test executed for the given time.</doc>
<msg timestamp="20231220 15:11:09.930" level="INFO">Slept 2 seconds</msg>
<status status="PASS" starttime="20231220 15:11:07.930" endtime="20231220 15:11:09.930"/>
</kw>
<status status="PASS" starttime="20231220 15:11:07.714" endtime="20231220 15:11:09.930"/>
</kw>
<status status="PASS" starttime="20231220 15:11:07.713" endtime="20231220 15:11:09.930"/>
</kw>
<kw name="Run Keyword And Continue On Failure" library="BuiltIn">
<arg>Verify Login Page</arg>
<doc>Runs the keyword and continues execution even if a failure occurs.</doc>
<kw name="Verify Login Page" library="Login_Page_Keywords">
<kw name="Sleep" library="BuiltIn">
<arg>10</arg>
<doc>Pauses the test executed for the given time.</doc>
<msg timestamp="20231220 15:11:19.931" level="INFO">Slept 10 seconds</msg>
<status status="PASS" starttime="20231220 15:11:09.931" endtime="20231220 15:11:19.931"/>
</kw>
<kw name="Capture Page Screenshot" library="SeleniumLibrary">
<doc>Takes a screenshot of the current page and embeds it into a log file.</doc>
<msg timestamp="20231220 15:11:20.357" level="INFO" html="true">&lt;/td&gt;&lt;/tr&gt;&lt;tr&gt;&lt;td colspan="3"&gt;&lt;a href="Screenshots/12-20-23%2015-10/selenium-screenshot-1.png"&gt;&lt;img src="Screenshots/12-20-23%2015-10/selenium-screenshot-1.png" width="800px"&gt;&lt;/a&gt;</msg>
<status status="PASS" starttime="20231220 15:11:19.931" endtime="20231220 15:11:20.358"/>
</kw>
<status status="PASS" starttime="20231220 15:11:09.931" endtime="20231220 15:11:20.358"/>
</kw>
<status status="PASS" starttime="20231220 15:11:09.930" endtime="20231220 15:11:20.358"/>
</kw>
<tag>Login Page</tag>
<tag>TC001</tag>
<status status="PASS" starttime="20231220 15:10:57.711" endtime="20231220 15:11:20.358"/>
</test>
<test id="s1-t4" name="TC-002 - Input Valid Username" line="22">
<kw name="Run Keyword And Continue On Failure" library="BuiltIn">
<arg>Input Valid Username</arg>
<doc>Runs the keyword and continues execution even if a failure occurs.</doc>
<kw name="Input Valid Username" library="Login_Page_Keywords">
<kw name="Clear Element Text" library="SeleniumLibrary">
<arg>${Email}</arg>
<doc>Clears the value of the text-input-element identified by ``locator``.</doc>
<status status="PASS" starttime="20231220 15:11:20.361" endtime="20231220 15:11:20.406"/>
</kw>
<kw name="Input Text" library="SeleniumLibrary">
<arg>${Email}</arg>
<arg>${Username}</arg>
<doc>Types the given ``text`` into the text field identified by ``locator``.</doc>
<msg timestamp="20231220 15:11:20.407" level="INFO">Typing text 'hk.buyer1.admin@test.com' into text field '//*[@type='email']'.</msg>
<status status="PASS" starttime="20231220 15:11:20.407" endtime="20231220 15:11:20.530"/>
</kw>
<kw name="Capture Element Screenshot" library="SeleniumLibrary">
<arg>${Email}</arg>
<doc>Captures a screenshot from the element identified by ``locator`` and embeds it into log file.</doc>
<msg timestamp="20231220 15:11:20.638" level="INFO" html="true">&lt;/td&gt;&lt;/tr&gt;&lt;tr&gt;&lt;td colspan="3"&gt;&lt;a href="Screenshots/12-20-23%2015-10/selenium-element-screenshot-2.png"&gt;&lt;img src="Screenshots/12-20-23%2015-10/selenium-element-screenshot-2.png" width="400px"&gt;&lt;/a&gt;</msg>
<status status="PASS" starttime="20231220 15:11:20.530" endtime="20231220 15:11:20.638"/>
</kw>
<kw name="Sleep" library="BuiltIn">
<arg>2</arg>
<doc>Pauses the test executed for the given time.</doc>
<msg timestamp="20231220 15:11:22.638" level="INFO">Slept 2 seconds</msg>
<status status="PASS" starttime="20231220 15:11:20.638" endtime="20231220 15:11:22.638"/>
</kw>
<status status="PASS" starttime="20231220 15:11:20.360" endtime="20231220 15:11:22.638"/>
</kw>
<status status="PASS" starttime="20231220 15:11:20.359" endtime="20231220 15:11:22.638"/>
</kw>
<tag>Login Page</tag>
<status status="PASS" starttime="20231220 15:11:20.359" endtime="20231220 15:11:22.638"/>
</test>
<test id="s1-t5" name="TC-003 - Input Valid Password" line="26">
<kw name="Run Keyword And Continue On Failure" library="BuiltIn">
<arg>Input Valid Password</arg>
<doc>Runs the keyword and continues execution even if a failure occurs.</doc>
<kw name="Input Valid Password" library="Login_Page_Keywords">
<kw name="Clear Element Text" library="SeleniumLibrary">
<arg>${Pass}</arg>
<doc>Clears the value of the text-input-element identified by ``locator``.</doc>
<status status="PASS" starttime="20231220 15:11:22.640" endtime="20231220 15:11:22.671"/>
</kw>
<kw name="Input Text" library="SeleniumLibrary">
<arg>${Pass}</arg>
<arg>${Password}</arg>
<doc>Types the given ``text`` into the text field identified by ``locator``.</doc>
<msg timestamp="20231220 15:11:22.672" level="INFO">Typing text 'HKPass@12345' into text field '//*[@type='password']'.</msg>
<status status="PASS" starttime="20231220 15:11:22.671" endtime="20231220 15:11:22.752"/>
</kw>
<kw name="Capture Element Screenshot" library="SeleniumLibrary">
<arg>${Pass}</arg>
<doc>Captures a screenshot from the element identified by ``locator`` and embeds it into log file.</doc>
<msg timestamp="20231220 15:11:22.830" level="INFO" html="true">&lt;/td&gt;&lt;/tr&gt;&lt;tr&gt;&lt;td colspan="3"&gt;&lt;a href="Screenshots/12-20-23%2015-10/selenium-element-screenshot-3.png"&gt;&lt;img src="Screenshots/12-20-23%2015-10/selenium-element-screenshot-3.png" width="400px"&gt;&lt;/a&gt;</msg>
<status status="PASS" starttime="20231220 15:11:22.752" endtime="20231220 15:11:22.830"/>
</kw>
<kw name="Sleep" library="BuiltIn">
<arg>2</arg>
<doc>Pauses the test executed for the given time.</doc>
<msg timestamp="20231220 15:11:24.831" level="INFO">Slept 2 seconds</msg>
<status status="PASS" starttime="20231220 15:11:22.831" endtime="20231220 15:11:24.831"/>
</kw>
<status status="PASS" starttime="20231220 15:11:22.640" endtime="20231220 15:11:24.831"/>
</kw>
<status status="PASS" starttime="20231220 15:11:22.640" endtime="20231220 15:11:24.831"/>
</kw>
<tag>Login Page</tag>
<status status="PASS" starttime="20231220 15:11:22.639" endtime="20231220 15:11:24.831"/>
</test>
<test id="s1-t6" name="TC-004 - User should be able to click Login Button" line="30">
<kw name="Run Keyword And Continue On Failure" library="BuiltIn">
<arg>User should be able to click Login Button</arg>
<doc>Runs the keyword and continues execution even if a failure occurs.</doc>
<kw name="User should be able to click Login Button" library="Login_Page_Keywords">
<kw name="Capture Element Screenshot" library="SeleniumLibrary">
<arg>${LoginButton}</arg>
<doc>Captures a screenshot from the element identified by ``locator`` and embeds it into log file.</doc>
<msg timestamp="20231220 15:11:24.919" level="INFO" html="true">&lt;/td&gt;&lt;/tr&gt;&lt;tr&gt;&lt;td colspan="3"&gt;&lt;a href="Screenshots/12-20-23%2015-10/selenium-element-screenshot-4.png"&gt;&lt;img src="Screenshots/12-20-23%2015-10/selenium-element-screenshot-4.png" width="400px"&gt;&lt;/a&gt;</msg>
<status status="PASS" starttime="20231220 15:11:24.833" endtime="20231220 15:11:24.919"/>
</kw>
<kw name="Click Element" library="SeleniumLibrary">
<arg>${LoginButton}</arg>
<doc>Click the element identified by ``locator``.</doc>
<msg timestamp="20231220 15:11:24.920" level="INFO">Clicking element '//button[@type='submit']'.</msg>
<status status="PASS" starttime="20231220 15:11:24.920" endtime="20231220 15:11:24.969"/>
</kw>
<kw name="Sleep" library="BuiltIn">
<arg>2</arg>
<doc>Pauses the test executed for the given time.</doc>
<msg timestamp="20231220 15:11:26.970" level="INFO">Slept 2 seconds</msg>
<status status="PASS" starttime="20231220 15:11:24.969" endtime="20231220 15:11:26.970"/>
</kw>
<status status="PASS" starttime="20231220 15:11:24.833" endtime="20231220 15:11:26.970"/>
</kw>
<status status="PASS" starttime="20231220 15:11:24.833" endtime="20231220 15:11:26.970"/>
</kw>
<kw name="Run Keyword And Continue On Failure" library="BuiltIn">
<arg>TC Sleep</arg>
<doc>Runs the keyword and continues execution even if a failure occurs.</doc>
<kw name="TC Sleep" library="config">
<kw name="Sleep" library="BuiltIn">
<arg>10</arg>
<doc>Pauses the test executed for the given time.</doc>
<msg timestamp="20231220 15:11:36.971" level="INFO">Slept 10 seconds</msg>
<status status="PASS" starttime="20231220 15:11:26.971" endtime="20231220 15:11:36.971"/>
</kw>
<status status="PASS" starttime="20231220 15:11:26.971" endtime="20231220 15:11:36.971"/>
</kw>
<status status="PASS" starttime="20231220 15:11:26.970" endtime="20231220 15:11:36.971"/>
</kw>
<tag>Login Page</tag>
<status status="PASS" starttime="20231220 15:11:24.832" endtime="20231220 15:11:36.971"/>
</test>
<test id="s1-t7" name="TC-005 - User should be able to view All Parts Page" line="35">
<kw name="Run Keyword And Continue On Failure" library="BuiltIn">
<arg>User should be able to view All Parts Page</arg>
<doc>Runs the keyword and continues execution even if a failure occurs.</doc>
<kw name="User should be able to view All Parts Page" library="All_Parts_Page_Keywords">
<kw name="Wait Until Element Is Visible" library="SeleniumLibrary">
<arg>${HomePageAllCategory}</arg>
<arg>10</arg>
<doc>Waits until the element ``locator`` is visible.</doc>
<status status="PASS" starttime="20231220 15:11:36.974" endtime="20231220 15:11:36.998"/>
</kw>
<kw name="Click Element" library="SeleniumLibrary">
<arg>${HomePageAllCategory}</arg>
<doc>Click the element identified by ``locator``.</doc>
<msg timestamp="20231220 15:11:36.999" level="INFO">Clicking element '//dpp-category-navigation//a[@href='/dppretail/c/0']|//dpp-category-navigation//a[contains(text(),'All')]'.</msg>
<status status="PASS" starttime="20231220 15:11:36.998" endtime="20231220 15:11:37.043"/>
</kw>
<kw name="Wait Until Element Is Visible" library="SeleniumLibrary">
<arg>${AllProdPageLabelFilter}</arg>
<arg>10</arg>
<doc>Waits until the element ``locator`` is visible.</doc>
<status status="PASS" starttime="20231220 15:11:37.043" endtime="20231220 15:11:38.312"/>
</kw>
<kw name="Wait Until Element Is Visible" library="SeleniumLibrary">
<arg>${AllProdPagePanelHeader}</arg>
<arg>10</arg>
<doc>Waits until the element ``locator`` is visible.</doc>
<status status="PASS" starttime="20231220 15:11:38.312" endtime="20231220 15:11:39.430"/>
</kw>
<kw name="Capture Page Screenshot" library="SeleniumLibrary">
<doc>Takes a screenshot of the current page and embeds it into a log file.</doc>
<msg timestamp="20231220 15:11:39.568" level="INFO" html="true">&lt;/td&gt;&lt;/tr&gt;&lt;tr&gt;&lt;td colspan="3"&gt;&lt;a href="Screenshots/12-20-23%2015-10/selenium-screenshot-2.png"&gt;&lt;img src="Screenshots/12-20-23%2015-10/selenium-screenshot-2.png" width="800px"&gt;&lt;/a&gt;</msg>
<status status="PASS" starttime="20231220 15:11:39.431" endtime="20231220 15:11:39.568"/>
</kw>
<kw name="Sleep" library="BuiltIn">
<arg>2</arg>
<doc>Pauses the test executed for the given time.</doc>
<msg timestamp="20231220 15:11:41.568" level="INFO">Slept 2 seconds</msg>
<status status="PASS" starttime="20231220 15:11:39.568" endtime="20231220 15:11:41.568"/>
</kw>
<status status="PASS" starttime="20231220 15:11:36.973" endtime="20231220 15:11:41.568"/>
</kw>
<status status="PASS" starttime="20231220 15:11:36.973" endtime="20231220 15:11:41.568"/>
</kw>
<tag>All Products Page</tag>
<status status="PASS" starttime="20231220 15:11:36.972" endtime="20231220 15:11:41.568"/>
</test>
<test id="s1-t8" name="TC-006 - User should be able to add car in HK Retail Products Page" line="39">
<kw name="Run Keyword And Continue On Failure" library="BuiltIn">
<arg>User should be able to click add car in Retail Products Page</arg>
<doc>Runs the keyword and continues execution even if a failure occurs.</doc>
<kw name="User should be able to click add car in Retail Products Page" library="All_Parts_Page_Keywords">
<kw name="Wait Until Element Is Visible" library="SeleniumLibrary">
<arg>${AllProdPageAddCar/ChangeCarButton}</arg>
<arg>10</arg>
<doc>Waits until the element ``locator`` is visible.</doc>
<status status="PASS" starttime="20231220 15:11:41.574" endtime="20231220 15:11:41.593"/>
</kw>
<kw name="Capture Element Screenshot" library="SeleniumLibrary">
<arg>${AllProdPageAddCar/ChangeCarButton}</arg>
<doc>Captures a screenshot from the element identified by ``locator`` and embeds it into log file.</doc>
<msg timestamp="20231220 15:11:41.690" level="INFO" html="true">&lt;/td&gt;&lt;/tr&gt;&lt;tr&gt;&lt;td colspan="3"&gt;&lt;a href="Screenshots/12-20-23%2015-10/selenium-element-screenshot-5.png"&gt;&lt;img src="Screenshots/12-20-23%2015-10/selenium-element-screenshot-5.png" width="400px"&gt;&lt;/a&gt;</msg>
<status status="PASS" starttime="20231220 15:11:41.593" endtime="20231220 15:11:41.690"/>
</kw>
<kw name="Click Element" library="SeleniumLibrary">
<arg>${AllProdPageAddCar/ChangeCarButton}</arg>
<doc>Click the element identified by ``locator``.</doc>
<msg timestamp="20231220 15:11:41.691" level="INFO">Clicking element '//dpp-car-selected//div[@class='vehicle-container pt-2']//a|//dpp-car-selected//div[@class='col-12 pt-2']//a'.</msg>
<status status="PASS" starttime="20231220 15:11:41.691" endtime="20231220 15:11:41.735"/>
</kw>
<kw name="Sleep" library="BuiltIn">
<arg>2</arg>
<doc>Pauses the test executed for the given time.</doc>
<msg timestamp="20231220 15:11:43.737" level="INFO">Slept 2 seconds</msg>
<status status="PASS" starttime="20231220 15:11:41.736" endtime="20231220 15:11:43.737"/>
</kw>
<status status="PASS" starttime="20231220 15:11:41.574" endtime="20231220 15:11:43.737"/>
</kw>
<status status="PASS" starttime="20231220 15:11:41.574" endtime="20231220 15:11:43.737"/>
</kw>
<kw name="Run Keyword And Continue On Failure" library="BuiltIn">
<arg>User should be able to view add vehicle in HK Retail Select Vehicle</arg>
<doc>Runs the keyword and continues execution even if a failure occurs.</doc>
<kw name="User should be able to view add vehicle in HK Retail Select Vehicle" library="Account_Vehicle_Listing_Page_Keywords">
<kw name="Wait Until Element Is Visible" library="SeleniumLibrary">
<arg>${Retail_HK_AccountVehicleListingPage_SelectVehicle_Container}</arg>
<arg>10</arg>
<doc>Waits until the element ``locator`` is visible.</doc>
<status status="PASS" starttime="20231220 15:11:43.738" endtime="20231220 15:11:43.757"/>
</kw>
<kw name="Capture Element Screenshot" library="SeleniumLibrary">
<arg>${Retail_HK_AccountVehicleListingPage_SelectVehicle_Container}</arg>
<doc>Captures a screenshot from the element identified by ``locator`` and embeds it into log file.</doc>
<msg timestamp="20231220 15:11:43.974" level="INFO" html="true">&lt;/td&gt;&lt;/tr&gt;&lt;tr&gt;&lt;td colspan="3"&gt;&lt;a href="Screenshots/12-20-23%2015-10/selenium-element-screenshot-6.png"&gt;&lt;img src="Screenshots/12-20-23%2015-10/selenium-element-screenshot-6.png" width="400px"&gt;&lt;/a&gt;</msg>
<status status="PASS" starttime="20231220 15:11:43.757" endtime="20231220 15:11:43.974"/>
</kw>
<kw name="Sleep" library="BuiltIn">
<arg>2</arg>
<doc>Pauses the test executed for the given time.</doc>
<msg timestamp="20231220 15:11:45.975" level="INFO">Slept 2 seconds</msg>
<status status="PASS" starttime="20231220 15:11:43.974" endtime="20231220 15:11:45.975"/>
</kw>
<status status="PASS" starttime="20231220 15:11:43.738" endtime="20231220 15:11:45.975"/>
</kw>
<status status="PASS" starttime="20231220 15:11:43.737" endtime="20231220 15:11:45.975"/>
</kw>
<kw name="Run Keyword And Continue On Failure" library="BuiltIn">
<arg>User should be able to click model on manual search in Retail Select Vehicle</arg>
<doc>Runs the keyword and continues execution even if a failure occurs.</doc>
<kw name="User should be able to click model on manual search in Retail Select Vehicle" library="Account_Vehicle_Listing_Page_Keywords">
<kw name="Wait Until Element Is Enabled" library="SeleniumLibrary">
<arg>${Retail_AccountVehicleListingPageSelectVehicleSearchManualModelComboBox}</arg>
<arg>10</arg>
<doc>Waits until the element ``locator`` is enabled.</doc>
<status status="PASS" starttime="20231220 15:11:45.975" endtime="20231220 15:11:46.003"/>
</kw>
<kw name="Wait Until Element Is Visible" library="SeleniumLibrary">
<arg>${Retail_AccountVehicleListingPageSelectVehicleSearchManualModelComboBox}</arg>
<arg>10</arg>
<doc>Waits until the element ``locator`` is visible.</doc>
<status status="PASS" starttime="20231220 15:11:46.003" endtime="20231220 15:11:46.015"/>
</kw>
<kw name="Capture Element Screenshot" library="SeleniumLibrary">
<arg>${Retail_AccountVehicleListingPageSelectVehicleSearchManualModelComboBox}</arg>
<doc>Captures a screenshot from the element identified by ``locator`` and embeds it into log file.</doc>
<msg timestamp="20231220 15:11:46.114" level="INFO" html="true">&lt;/td&gt;&lt;/tr&gt;&lt;tr&gt;&lt;td colspan="3"&gt;&lt;a href="Screenshots/12-20-23%2015-10/selenium-element-screenshot-7.png"&gt;&lt;img src="Screenshots/12-20-23%2015-10/selenium-element-screenshot-7.png" width="400px"&gt;&lt;/a&gt;</msg>
<status status="PASS" starttime="20231220 15:11:46.015" endtime="20231220 15:11:46.114"/>
</kw>
<kw name="Click Element" library="SeleniumLibrary">
<arg>${Retail_AccountVehicleListingPageSelectVehicleSearchManualModelComboBox}</arg>
<doc>Click the element identified by ``locator``.</doc>
<msg timestamp="20231220 15:11:46.115" level="INFO">Clicking element '//dpp-manual-vehicle-search//ng-select[@formcontrolname='model']//div[@class='ng-select-container']'.</msg>
<status status="PASS" starttime="20231220 15:11:46.114" endtime="20231220 15:11:46.161"/>
</kw>
<kw name="Sleep" library="BuiltIn">
<arg>2</arg>
<doc>Pauses the test executed for the given time.</doc>
<msg timestamp="20231220 15:11:48.163" level="INFO">Slept 2 seconds</msg>
<status status="PASS" starttime="20231220 15:11:46.162" endtime="20231220 15:11:48.163"/>
</kw>
<status status="PASS" starttime="20231220 15:11:45.975" endtime="20231220 15:11:48.163"/>
</kw>
<status status="PASS" starttime="20231220 15:11:45.975" endtime="20231220 15:11:48.163"/>
</kw>
<kw name="Run Keyword And Continue On Failure" library="BuiltIn">
<arg>User should be able to select model on manual search in Retail Select Vehicle</arg>
<doc>Runs the keyword and continues execution even if a failure occurs.</doc>
<kw name="User should be able to select model on manual search in Retail Select Vehicle" library="Account_Vehicle_Listing_Page_Keywords">
<kw name="Get Element Count" library="SeleniumLibrary">
<var>${RandomModelIndexCount}</var>
<arg>${Retail_AccountVehicleListingPageSelectVehicleSearchManualModelListOpt}</arg>
<doc>Returns the number of elements matching ``locator``.</doc>
<msg timestamp="20231220 15:11:48.176" level="INFO">${RandomModelIndexCount} = 43</msg>
<status status="PASS" starttime="20231220 15:11:48.163" endtime="20231220 15:11:48.176"/>
</kw>
<kw name="Evaluate" library="BuiltIn">
<var>${RandomModelIndex}</var>
<arg>random.randint(1,${RandomModelIndexCount})</arg>
<doc>Evaluates the given expression in Python and returns the result.</doc>
<msg timestamp="20231220 15:11:48.176" level="INFO">${RandomModelIndex} = 17</msg>
<status status="PASS" starttime="20231220 15:11:48.176" endtime="20231220 15:11:48.176"/>
</kw>
<kw name="Mouse Over" library="SeleniumLibrary">
<arg>${Retail_AccountVehicleListingPageSelectVehicleSearchManualModelListOpt1}</arg>
<doc>Simulates hovering the mouse over the element ``locator``.</doc>
<msg timestamp="20231220 15:11:48.177" level="INFO">Simulating Mouse Over on element '(//div[@class='ng-dropdown-panel-items scroll-host']//span[@title!='---Popular Models---' and @title!='----All Models----' ])[1]'.</msg>
<status status="PASS" starttime="20231220 15:11:48.177" endtime="20231220 15:11:48.456"/>
</kw>
<kw name="Wait Until Element Is Visible" library="SeleniumLibrary">
<arg>(//div[@class='ng-dropdown-panel-items scroll-host']//span[@title!='---Popular Models---' and @title!='----All Models----' ])[${RandomModelIndex}]</arg>
<arg>10</arg>
<doc>Waits until the element ``locator`` is visible.</doc>
<status status="PASS" starttime="20231220 15:11:48.456" endtime="20231220 15:11:48.476"/>
</kw>
<kw name="Scroll Element Into View" library="SeleniumLibrary">
<arg>(//div[@class='ng-dropdown-panel-items scroll-host']//span[@title!='---Popular Models---' and @title!='----All Models----' ])[${RandomModelIndex}]</arg>
<doc>Scrolls the element identified by ``locator`` into view.</doc>
<status status="PASS" starttime="20231220 15:11:48.476" endtime="20231220 15:11:48.759"/>
</kw>
<kw name="Capture Element Screenshot" library="SeleniumLibrary">
<arg>(//div[@class='ng-dropdown-panel-items scroll-host']//span[@title!='---Popular Models---' and @title!='----All Models----' ])[${RandomModelIndex}]</arg>
<doc>Captures a screenshot from the element identified by ``locator`` and embeds it into log file.</doc>
<msg timestamp="20231220 15:11:48.855" level="INFO" html="true">&lt;/td&gt;&lt;/tr&gt;&lt;tr&gt;&lt;td colspan="3"&gt;&lt;a href="Screenshots/12-20-23%2015-10/selenium-element-screenshot-8.png"&gt;&lt;img src="Screenshots/12-20-23%2015-10/selenium-element-screenshot-8.png" width="400px"&gt;&lt;/a&gt;</msg>
<status status="PASS" starttime="20231220 15:11:48.759" endtime="20231220 15:11:48.856"/>
</kw>
<kw name="Click Element" library="SeleniumLibrary">
<arg>(//div[@class='ng-dropdown-panel-items scroll-host']//span[@title!='---Popular Models---' and @title!='----All Models----' ])[${RandomModelIndex}]</arg>
<doc>Click the element identified by ``locator``.</doc>
<msg timestamp="20231220 15:11:48.856" level="INFO">Clicking element '(//div[@class='ng-dropdown-panel-items scroll-host']//span[@title!='---Popular Models---' and @title!='----All Models----' ])[17]'.</msg>
<status status="PASS" starttime="20231220 15:11:48.856" endtime="20231220 15:11:48.897"/>
</kw>
<kw name="Sleep" library="BuiltIn">
<arg>5</arg>
<doc>Pauses the test executed for the given time.</doc>
<msg timestamp="20231220 15:11:53.897" level="INFO">Slept 5 seconds</msg>
<status status="PASS" starttime="20231220 15:11:48.897" endtime="20231220 15:11:53.897"/>
</kw>
<status status="PASS" starttime="20231220 15:11:48.163" endtime="20231220 15:11:53.897"/>
</kw>
<status status="PASS" starttime="20231220 15:11:48.163" endtime="20231220 15:11:53.897"/>
</kw>
<kw name="Run Keyword And Continue On Failure" library="BuiltIn">
<arg>User should be able to click year on manual search in Retail Select Vehicle</arg>
<doc>Runs the keyword and continues execution even if a failure occurs.</doc>
<kw name="User should be able to click year on manual search in Retail Select Vehicle" library="Account_Vehicle_Listing_Page_Keywords">
<kw name="Wait Until Element Is Enabled" library="SeleniumLibrary">
<arg>${Retail_AccountVehicleListingPageSelectVehicleSearchManualYearComboBox}</arg>
<arg>10</arg>
<doc>Waits until the element ``locator`` is enabled.</doc>
<status status="PASS" starttime="20231220 15:11:53.897" endtime="20231220 15:11:53.925"/>
</kw>
<kw name="Wait Until Element Is Visible" library="SeleniumLibrary">
<arg>${Retail_AccountVehicleListingPageSelectVehicleSearchManualYearComboBox}</arg>
<arg>10</arg>
<doc>Waits until the element ``locator`` is visible.</doc>
<status status="PASS" starttime="20231220 15:11:53.925" endtime="20231220 15:11:53.938"/>
</kw>
<kw name="Capture Element Screenshot" library="SeleniumLibrary">
<arg>${Retail_AccountVehicleListingPageSelectVehicleSearchManualYearComboBox}</arg>
<doc>Captures a screenshot from the element identified by ``locator`` and embeds it into log file.</doc>
<msg timestamp="20231220 15:11:54.017" level="INFO" html="true">&lt;/td&gt;&lt;/tr&gt;&lt;tr&gt;&lt;td colspan="3"&gt;&lt;a href="Screenshots/12-20-23%2015-10/selenium-element-screenshot-9.png"&gt;&lt;img src="Screenshots/12-20-23%2015-10/selenium-element-screenshot-9.png" width="400px"&gt;&lt;/a&gt;</msg>
<status status="PASS" starttime="20231220 15:11:53.939" endtime="20231220 15:11:54.017"/>
</kw>
<kw name="Click Element" library="SeleniumLibrary">
<arg>${Retail_AccountVehicleListingPageSelectVehicleSearchManualYearComboBox}</arg>
<doc>Click the element identified by ``locator``.</doc>
<msg timestamp="20231220 15:11:54.017" level="INFO">Clicking element '//dpp-manual-vehicle-search//ng-select[@formcontrolname='year']//div[@class='ng-select-container']'.</msg>
<status status="PASS" starttime="20231220 15:11:54.017" endtime="20231220 15:11:54.056"/>
</kw>
<kw name="Sleep" library="BuiltIn">
<arg>2</arg>
<doc>Pauses the test executed for the given time.</doc>
<msg timestamp="20231220 15:11:56.057" level="INFO">Slept 2 seconds</msg>
<status status="PASS" starttime="20231220 15:11:54.056" endtime="20231220 15:11:56.057"/>
</kw>
<status status="PASS" starttime="20231220 15:11:53.897" endtime="20231220 15:11:56.057"/>
</kw>
<status status="PASS" starttime="20231220 15:11:53.897" endtime="20231220 15:11:56.057"/>
</kw>
<kw name="Run Keyword And Continue On Failure" library="BuiltIn">
<arg>User should be able to select year on manual search in Retail Select Vehicle</arg>
<doc>Runs the keyword and continues execution even if a failure occurs.</doc>
<kw name="User should be able to select year on manual search in Retail Select Vehicle" library="Account_Vehicle_Listing_Page_Keywords">
<kw name="Get Element Count" library="SeleniumLibrary">
<var>${RandomYearIndexCount}</var>
<arg>${Retail_AccountVehicleListingPageSelectVehicleSearchManualYearListOpt}</arg>
<doc>Returns the number of elements matching ``locator``.</doc>
<msg timestamp="20231220 15:11:56.075" level="INFO">${RandomYearIndexCount} = 18</msg>
<status status="PASS" starttime="20231220 15:11:56.058" endtime="20231220 15:11:56.075"/>
</kw>
<kw name="Evaluate" library="BuiltIn">
<var>${RandomYearIndex}</var>
<arg>random.randint(1,${RandomYearIndexCount})</arg>
<doc>Evaluates the given expression in Python and returns the result.</doc>
<msg timestamp="20231220 15:11:56.076" level="INFO">${RandomYearIndex} = 9</msg>
<status status="PASS" starttime="20231220 15:11:56.075" endtime="20231220 15:11:56.076"/>
</kw>
<kw name="Mouse Over" library="SeleniumLibrary">
<arg>${Retail_AccountVehicleListingPageSelectVehicleSearchManualYearListOpt1}</arg>
<doc>Simulates hovering the mouse over the element ``locator``.</doc>
<msg timestamp="20231220 15:11:56.076" level="INFO">Simulating Mouse Over on element '(//ng-dropdown-panel//div[@role='option'])[1]'.</msg>
<status status="PASS" starttime="20231220 15:11:56.076" endtime="20231220 15:11:56.372"/>
</kw>
<kw name="Wait Until Element Is Visible" library="SeleniumLibrary">
<arg>(//ng-dropdown-panel//div[@role='option'])[${RandomYearIndex}]</arg>
<arg>10</arg>
<doc>Waits until the element ``locator`` is visible.</doc>
<status status="PASS" starttime="20231220 15:11:56.372" endtime="20231220 15:11:56.399"/>
</kw>
<kw name="Scroll Element Into View" library="SeleniumLibrary">
<arg>(//ng-dropdown-panel//div[@role='option'])[${RandomYearIndex}]</arg>
<doc>Scrolls the element identified by ``locator`` into view.</doc>
<status status="PASS" starttime="20231220 15:11:56.399" endtime="20231220 15:11:56.689"/>
</kw>
<kw name="Capture Element Screenshot" library="SeleniumLibrary">
<arg>(//ng-dropdown-panel//div[@role='option'])[${RandomYearIndex}]</arg>
<doc>Captures a screenshot from the element identified by ``locator`` and embeds it into log file.</doc>
<msg timestamp="20231220 15:11:56.807" level="INFO" html="true">&lt;/td&gt;&lt;/tr&gt;&lt;tr&gt;&lt;td colspan="3"&gt;&lt;a href="Screenshots/12-20-23%2015-10/selenium-element-screenshot-10.png"&gt;&lt;img src="Screenshots/12-20-23%2015-10/selenium-element-screenshot-10.png" width="400px"&gt;&lt;/a&gt;</msg>
<status status="PASS" starttime="20231220 15:11:56.689" endtime="20231220 15:11:56.807"/>
</kw>
<kw name="Click Element" library="SeleniumLibrary">
<arg>(//ng-dropdown-panel//div[@role='option'])[${RandomYearIndex}]</arg>
<doc>Click the element identified by ``locator``.</doc>
<msg timestamp="20231220 15:11:56.808" level="INFO">Clicking element '(//ng-dropdown-panel//div[@role='option'])[9]'.</msg>
<status status="PASS" starttime="20231220 15:11:56.808" endtime="20231220 15:11:56.862"/>
</kw>
<kw name="Sleep" library="BuiltIn">
<arg>5</arg>
<doc>Pauses the test executed for the given time.</doc>
<msg timestamp="20231220 15:12:01.864" level="INFO">Slept 5 seconds</msg>
<status status="PASS" starttime="20231220 15:11:56.863" endtime="20231220 15:12:01.864"/>
</kw>
<status status="PASS" starttime="20231220 15:11:56.058" endtime="20231220 15:12:01.864"/>
</kw>
<status status="PASS" starttime="20231220 15:11:56.057" endtime="20231220 15:12:01.864"/>
</kw>
<kw name="Run Keyword And Continue On Failure" library="BuiltIn">
<arg>User should be able to click series on manual search in Retail Select Vehicle</arg>
<doc>Runs the keyword and continues execution even if a failure occurs.</doc>
<kw name="User should be able to click series on manual search in Retail Select Vehicle" library="Account_Vehicle_Listing_Page_Keywords">
<kw name="Wait Until Element Is Enabled" library="SeleniumLibrary">
<arg>${Retail_AccountVehicleListingPageSelectVehicleSearchManualSeriesComboBox}</arg>
<arg>10</arg>
<doc>Waits until the element ``locator`` is enabled.</doc>
<status status="PASS" starttime="20231220 15:12:01.865" endtime="20231220 15:12:01.891"/>
</kw>
<kw name="Wait Until Element Is Visible" library="SeleniumLibrary">
<arg>${Retail_AccountVehicleListingPageSelectVehicleSearchManualSeriesComboBox}</arg>
<arg>10</arg>
<doc>Waits until the element ``locator`` is visible.</doc>
<status status="PASS" starttime="20231220 15:12:01.891" endtime="20231220 15:12:01.909"/>
</kw>
<kw name="Capture Element Screenshot" library="SeleniumLibrary">
<arg>${Retail_AccountVehicleListingPageSelectVehicleSearchManualSeriesComboBox}</arg>
<doc>Captures a screenshot from the element identified by ``locator`` and embeds it into log file.</doc>
<msg timestamp="20231220 15:12:01.989" level="INFO" html="true">&lt;/td&gt;&lt;/tr&gt;&lt;tr&gt;&lt;td colspan="3"&gt;&lt;a href="Screenshots/12-20-23%2015-10/selenium-element-screenshot-11.png"&gt;&lt;img src="Screenshots/12-20-23%2015-10/selenium-element-screenshot-11.png" width="400px"&gt;&lt;/a&gt;</msg>
<status status="PASS" starttime="20231220 15:12:01.909" endtime="20231220 15:12:01.989"/>
</kw>
<kw name="Click Element" library="SeleniumLibrary">
<arg>${Retail_AccountVehicleListingPageSelectVehicleSearchManualSeriesComboBox}</arg>
<doc>Click the element identified by ``locator``.</doc>
<msg timestamp="20231220 15:12:01.990" level="INFO">Clicking element '//dpp-manual-vehicle-search//ng-select[@formcontrolname='series']//div[@class='ng-select-container' or @class='ng-select-container ng-has-value']'.</msg>
<status status="PASS" starttime="20231220 15:12:01.990" endtime="20231220 15:12:02.044"/>
</kw>
<kw name="Sleep" library="BuiltIn">
<arg>2</arg>
<doc>Pauses the test executed for the given time.</doc>
<msg timestamp="20231220 15:12:04.044" level="INFO">Slept 2 seconds</msg>
<status status="PASS" starttime="20231220 15:12:02.044" endtime="20231220 15:12:04.044"/>
</kw>
<status status="PASS" starttime="20231220 15:12:01.865" endtime="20231220 15:12:04.044"/>
</kw>
<status status="PASS" starttime="20231220 15:12:01.864" endtime="20231220 15:12:04.044"/>
</kw>
<kw name="Run Keyword And Continue On Failure" library="BuiltIn">
<arg>User should be able to select series on manual search in Retail Select Vehicle</arg>
<doc>Runs the keyword and continues execution even if a failure occurs.</doc>
<kw name="User should be able to select series on manual search in Retail Select Vehicle" library="Account_Vehicle_Listing_Page_Keywords">
<kw name="Get Element Count" library="SeleniumLibrary">
<var>${RandomSeriesIndexCount}</var>
<arg>${Retail_AccountVehicleListingPageSelectVehicleSearchManualSeriesListOpt}</arg>
<doc>Returns the number of elements matching ``locator``.</doc>
<msg timestamp="20231220 15:12:04.054" level="INFO">${RandomSeriesIndexCount} = 3</msg>
<status status="PASS" starttime="20231220 15:12:04.045" endtime="20231220 15:12:04.054"/>
</kw>
<kw name="Evaluate" library="BuiltIn">
<var>${RandomSeriesIndex}</var>
<arg>random.randint(1,${RandomSeriesIndexCount})</arg>
<doc>Evaluates the given expression in Python and returns the result.</doc>
<msg timestamp="20231220 15:12:04.055" level="INFO">${RandomSeriesIndex} = 3</msg>
<status status="PASS" starttime="20231220 15:12:04.054" endtime="20231220 15:12:04.055"/>
</kw>
<kw name="Mouse Over" library="SeleniumLibrary">
<arg>${Retail_AccountVehicleListingPageSelectVehicleSearchManualSeriesListOpt1}</arg>
<doc>Simulates hovering the mouse over the element ``locator``.</doc>
<msg timestamp="20231220 15:12:04.055" level="INFO">Simulating Mouse Over on element '(//ng-dropdown-panel//div[@role='option'])[1]'.</msg>
<status status="PASS" starttime="20231220 15:12:04.055" endtime="20231220 15:12:04.336"/>
</kw>
<kw name="Wait Until Element Is Visible" library="SeleniumLibrary">
<arg>(//ng-dropdown-panel//div[@role='option'])[${RandomSeriesIndex}]</arg>
<arg>10</arg>
<doc>Waits until the element ``locator`` is visible.</doc>
<status status="PASS" starttime="20231220 15:12:04.336" endtime="20231220 15:12:04.356"/>
</kw>
<kw name="Scroll Element Into View" library="SeleniumLibrary">
<arg>(//ng-dropdown-panel//div[@role='option'])[${RandomSeriesIndex}]</arg>
<doc>Scrolls the element identified by ``locator`` into view.</doc>
<status status="PASS" starttime="20231220 15:12:04.356" endtime="20231220 15:12:04.632"/>
</kw>
<kw name="Capture Element Screenshot" library="SeleniumLibrary">
<arg>(//ng-dropdown-panel//div[@role='option'])[${RandomSeriesIndex}]</arg>
<doc>Captures a screenshot from the element identified by ``locator`` and embeds it into log file.</doc>
<msg timestamp="20231220 15:12:04.730" level="INFO" html="true">&lt;/td&gt;&lt;/tr&gt;&lt;tr&gt;&lt;td colspan="3"&gt;&lt;a href="Screenshots/12-20-23%2015-10/selenium-element-screenshot-12.png"&gt;&lt;img src="Screenshots/12-20-23%2015-10/selenium-element-screenshot-12.png" width="400px"&gt;&lt;/a&gt;</msg>
<status status="PASS" starttime="20231220 15:12:04.632" endtime="20231220 15:12:04.730"/>
</kw>
<kw name="Click Element" library="SeleniumLibrary">
<arg>(//ng-dropdown-panel//div[@role='option'])[${RandomSeriesIndex}]</arg>
<doc>Click the element identified by ``locator``.</doc>
<msg timestamp="20231220 15:12:04.731" level="INFO">Clicking element '(//ng-dropdown-panel//div[@role='option'])[3]'.</msg>
<status status="PASS" starttime="20231220 15:12:04.730" endtime="20231220 15:12:04.774"/>
</kw>
<kw name="Sleep" library="BuiltIn">
<arg>5</arg>
<doc>Pauses the test executed for the given time.</doc>
<msg timestamp="20231220 15:12:09.775" level="INFO">Slept 5 seconds</msg>
<status status="PASS" starttime="20231220 15:12:04.775" endtime="20231220 15:12:09.775"/>
</kw>
<status status="PASS" starttime="20231220 15:12:04.045" endtime="20231220 15:12:09.775"/>
</kw>
<status status="PASS" starttime="20231220 15:12:04.044" endtime="20231220 15:12:09.775"/>
</kw>
<kw name="Run Keyword And Continue On Failure" library="BuiltIn">
<arg>User should be able to click Model ID on manual search in HK Retail Select Vehicle</arg>
<doc>Runs the keyword and continues execution even if a failure occurs.</doc>
<kw name="User should be able to click Model ID on manual search in HK Retail Select Vehicle" library="Account_Vehicle_Listing_Page_Keywords">
<kw name="Wait Until Element Is Enabled" library="SeleniumLibrary">
<arg>${Retail_HK_AccountVehicleListingPage_SelectVehicle_SearchManual_ModelID_ComboBox}</arg>
<doc>Waits until the element ``locator`` is enabled.</doc>
<status status="PASS" starttime="20231220 15:12:09.776" endtime="20231220 15:12:09.800"/>
</kw>
<kw name="Wait Until Element Is Visible" library="SeleniumLibrary">
<arg>${Retail_HK_AccountVehicleListingPage_SelectVehicle_SearchManual_ModelID_ComboBox}</arg>
<doc>Waits until the element ``locator`` is visible.</doc>
<status status="PASS" starttime="20231220 15:12:09.800" endtime="20231220 15:12:09.813"/>
</kw>
<kw name="Capture Element Screenshot" library="SeleniumLibrary">
<arg>${Retail_HK_AccountVehicleListingPage_SelectVehicle_SearchManual_ModelID_ComboBox}</arg>
<doc>Captures a screenshot from the element identified by ``locator`` and embeds it into log file.</doc>
<msg timestamp="20231220 15:12:09.911" level="INFO" html="true">&lt;/td&gt;&lt;/tr&gt;&lt;tr&gt;&lt;td colspan="3"&gt;&lt;a href="Screenshots/12-20-23%2015-10/selenium-element-screenshot-13.png"&gt;&lt;img src="Screenshots/12-20-23%2015-10/selenium-element-screenshot-13.png" width="400px"&gt;&lt;/a&gt;</msg>
<status status="PASS" starttime="20231220 15:12:09.813" endtime="20231220 15:12:09.912"/>
</kw>
<kw name="Click Element" library="SeleniumLibrary">
<arg>${Retail_HK_AccountVehicleListingPage_SelectVehicle_SearchManual_ModelID_ComboBox}</arg>
<doc>Click the element identified by ``locator``.</doc>
<msg timestamp="20231220 15:12:09.912" level="INFO">Clicking element '//dpp-manual-vehicle-search//ng-select[@formcontrolname='modelId']//div[@class='ng-select-container' or @class='ng-select-container ng-has-value']'.</msg>
<status status="PASS" starttime="20231220 15:12:09.912" endtime="20231220 15:12:09.954"/>
</kw>
<kw name="Sleep" library="BuiltIn">
<arg>2</arg>
<doc>Pauses the test executed for the given time.</doc>
<msg timestamp="20231220 15:12:11.956" level="INFO">Slept 2 seconds</msg>
<status status="PASS" starttime="20231220 15:12:09.955" endtime="20231220 15:12:11.956"/>
</kw>
<status status="PASS" starttime="20231220 15:12:09.776" endtime="20231220 15:12:11.956"/>
</kw>
<status status="PASS" starttime="20231220 15:12:09.775" endtime="20231220 15:12:11.956"/>
</kw>
<kw name="Run Keyword And Continue On Failure" library="BuiltIn">
<arg>User should be able to select Model ID on manual search in HK Retail Select Vehicle</arg>
<doc>Runs the keyword and continues execution even if a failure occurs.</doc>
<kw name="User should be able to select Model ID on manual search in HK Retail Select Vehicle" library="Account_Vehicle_Listing_Page_Keywords">
<kw name="Get Element Count" library="SeleniumLibrary">
<var>${RandomModelIDIndexCount}</var>
<arg>${Retail_HK_AccountVehicleListingPage_SelectVehicle_SearchManual_ModelID_Opt}</arg>
<doc>Returns the number of elements matching ``locator``.</doc>
<msg timestamp="20231220 15:12:11.967" level="INFO">${RandomModelIDIndexCount} = 20</msg>
<status status="PASS" starttime="20231220 15:12:11.957" endtime="20231220 15:12:11.967"/>
</kw>
<kw name="Evaluate" library="BuiltIn">
<var>${RandomModelIDIndex}</var>
<arg>random.randint(1,${RandomModelIDIndexCount})</arg>
<doc>Evaluates the given expression in Python and returns the result.</doc>
<msg timestamp="20231220 15:12:11.968" level="INFO">${RandomModelIDIndex} = 4</msg>
<status status="PASS" starttime="20231220 15:12:11.967" endtime="20231220 15:12:11.968"/>
</kw>
<kw name="Mouse Over" library="SeleniumLibrary">
<arg>${Retail_HK_AccountVehicleListingPage_SelectVehicle_SearchManual_ModelID_Opt1}</arg>
<doc>Simulates hovering the mouse over the element ``locator``.</doc>
<msg timestamp="20231220 15:12:11.968" level="INFO">Simulating Mouse Over on element '(//ng-dropdown-panel//div[@role='option'])[1]'.</msg>
<status status="PASS" starttime="20231220 15:12:11.968" endtime="20231220 15:12:12.241"/>
</kw>
<kw name="Wait Until Element Is Visible" library="SeleniumLibrary">
<arg>(//ng-dropdown-panel//div[@role='option'])[${RandomModelIDIndex}]</arg>
<arg>10</arg>
<doc>Waits until the element ``locator`` is visible.</doc>
<status status="PASS" starttime="20231220 15:12:12.241" endtime="20231220 15:12:12.259"/>
</kw>
<kw name="Scroll Element Into View" library="SeleniumLibrary">
<arg>(//ng-dropdown-panel//div[@role='option'])[${RandomModelIDIndex}]</arg>
<doc>Scrolls the element identified by ``locator`` into view.</doc>
<status status="PASS" starttime="20231220 15:12:12.259" endtime="20231220 15:12:12.525"/>
</kw>
<kw name="Capture Element Screenshot" library="SeleniumLibrary">
<arg>(//ng-dropdown-panel//div[@role='option'])[${RandomModelIDIndex}]</arg>
<doc>Captures a screenshot from the element identified by ``locator`` and embeds it into log file.</doc>
<msg timestamp="20231220 15:12:12.609" level="INFO" html="true">&lt;/td&gt;&lt;/tr&gt;&lt;tr&gt;&lt;td colspan="3"&gt;&lt;a href="Screenshots/12-20-23%2015-10/selenium-element-screenshot-14.png"&gt;&lt;img src="Screenshots/12-20-23%2015-10/selenium-element-screenshot-14.png" width="400px"&gt;&lt;/a&gt;</msg>
<status status="PASS" starttime="20231220 15:12:12.526" endtime="20231220 15:12:12.609"/>
</kw>
<kw name="Click Element" library="SeleniumLibrary">
<arg>(//ng-dropdown-panel//div[@role='option'])[${RandomModelIDIndex}]</arg>
<doc>Click the element identified by ``locator``.</doc>
<msg timestamp="20231220 15:12:12.610" level="INFO">Clicking element '(//ng-dropdown-panel//div[@role='option'])[4]'.</msg>
<status status="PASS" starttime="20231220 15:12:12.610" endtime="20231220 15:12:12.644"/>
</kw>
<kw name="Sleep" library="BuiltIn">
<arg>5</arg>
<doc>Pauses the test executed for the given time.</doc>
<msg timestamp="20231220 15:12:17.644" level="INFO">Slept 5 seconds</msg>
<status status="PASS" starttime="20231220 15:12:12.644" endtime="20231220 15:12:17.644"/>
</kw>
<status status="PASS" starttime="20231220 15:12:11.956" endtime="20231220 15:12:17.644"/>
</kw>
<status status="PASS" starttime="20231220 15:12:11.956" endtime="20231220 15:12:17.644"/>
</kw>
<kw name="Run Keyword And Continue On Failure" library="BuiltIn">
<arg>User shoud be albe to click search this vehicle on manual seearh in Retail Select Vehicle</arg>
<doc>Runs the keyword and continues execution even if a failure occurs.</doc>
<kw name="User shoud be albe to click search this vehicle on manual seearh in Retail Select Vehicle" library="Account_Vehicle_Listing_Page_Keywords">
<kw name="Wait Until Element Is Visible" library="SeleniumLibrary">
<arg>${Retail_AccountVehicleListingPageSelectVehicleSearchManualSearchButton}</arg>
<arg>10</arg>
<doc>Waits until the element ``locator`` is visible.</doc>
<status status="PASS" starttime="20231220 15:12:17.645" endtime="20231220 15:12:17.664"/>
</kw>
<kw name="Capture Element Screenshot" library="SeleniumLibrary">
<arg>${Retail_AccountVehicleListingPageSelectVehicleSearchManualSearchButton}</arg>
<doc>Captures a screenshot from the element identified by ``locator`` and embeds it into log file.</doc>
<msg timestamp="20231220 15:12:17.756" level="INFO" html="true">&lt;/td&gt;&lt;/tr&gt;&lt;tr&gt;&lt;td colspan="3"&gt;&lt;a href="Screenshots/12-20-23%2015-10/selenium-element-screenshot-15.png"&gt;&lt;img src="Screenshots/12-20-23%2015-10/selenium-element-screenshot-15.png" width="400px"&gt;&lt;/a&gt;</msg>
<status status="PASS" starttime="20231220 15:12:17.664" endtime="20231220 15:12:17.756"/>
</kw>
<kw name="Click Element" library="SeleniumLibrary">
<arg>${Retail_AccountVehicleListingPageSelectVehicleSearchManualSearchButton}</arg>
<doc>Click the element identified by ``locator``.</doc>
<msg timestamp="20231220 15:12:17.756" level="INFO">Clicking element '//dpp-manual-vehicle-search//button[@class='btn btn-block btn-primary search-btn' or @class='btn btn-block btn-secondary search-btn']|//div[@class='col-md-6']//button'.</msg>
<status status="PASS" starttime="20231220 15:12:17.756" endtime="20231220 15:12:17.803"/>
</kw>
<kw name="Sleep" library="BuiltIn">
<arg>5</arg>
<doc>Pauses the test executed for the given time.</doc>
<msg timestamp="20231220 15:12:22.804" level="INFO">Slept 5 seconds</msg>
<status status="PASS" starttime="20231220 15:12:17.803" endtime="20231220 15:12:22.804"/>
</kw>
<status status="PASS" starttime="20231220 15:12:17.644" endtime="20231220 15:12:22.804"/>
</kw>
<status status="PASS" starttime="20231220 15:12:17.644" endtime="20231220 15:12:22.804"/>
</kw>
<kw name="Run Keyword And Continue On Failure" library="BuiltIn">
<arg>User should be able to click select this vehicle in Retail Select Vehicle</arg>
<doc>Runs the keyword and continues execution even if a failure occurs.</doc>
<kw name="User should be able to click select this vehicle in Retail Select Vehicle" library="Account_Vehicle_Listing_Page_Keywords">
<kw name="Wait Until Element Is Visible" library="SeleniumLibrary">
<arg>${Retail_AccountVehicleListingPageSelectVehicleSearchResultSelectVehicleButton}</arg>
<arg>10</arg>
<doc>Waits until the element ``locator`` is visible.</doc>
<status status="PASS" starttime="20231220 15:12:22.804" endtime="20231220 15:12:22.825"/>
</kw>
<kw name="Capture Element Screenshot" library="SeleniumLibrary">
<arg>${Retail_AccountVehicleListingPageSelectVehicleSearchResultSelectVehicleButton}</arg>
<doc>Captures a screenshot from the element identified by ``locator`` and embeds it into log file.</doc>
<msg timestamp="20231220 15:12:22.919" level="INFO" html="true">&lt;/td&gt;&lt;/tr&gt;&lt;tr&gt;&lt;td colspan="3"&gt;&lt;a href="Screenshots/12-20-23%2015-10/selenium-element-screenshot-16.png"&gt;&lt;img src="Screenshots/12-20-23%2015-10/selenium-element-screenshot-16.png" width="400px"&gt;&lt;/a&gt;</msg>
<status status="PASS" starttime="20231220 15:12:22.825" endtime="20231220 15:12:22.919"/>
</kw>
<kw name="Click Element" library="SeleniumLibrary">
<arg>${Retail_AccountVehicleListingPageSelectVehicleSearchResultSelectVehicleButton}</arg>
<doc>Click the element identified by ``locator``.</doc>
<msg timestamp="20231220 15:12:22.919" level="INFO">Clicking element '//dpp-vehicle-results//button[@class='btn btn-sm btn-block ml-2 mt-0 p-1 select-this-vehicle-btn btn-secondary']|//div[@class='vehicle-results flex-layout']//button[@class='btn btn-sm btn-block btn-default mt-2 p-1 select-this-vehicle-btn']'.</msg>
<status status="PASS" starttime="20231220 15:12:22.919" endtime="20231220 15:12:22.963"/>
</kw>
<kw name="Sleep" library="BuiltIn">
<arg>15</arg>
<doc>Pauses the test executed for the given time.</doc>
<msg timestamp="20231220 15:12:37.963" level="INFO">Slept 15 seconds</msg>
<status status="PASS" starttime="20231220 15:12:22.963" endtime="20231220 15:12:37.963"/>
</kw>
<status status="PASS" starttime="20231220 15:12:22.804" endtime="20231220 15:12:37.963"/>
</kw>
<status status="PASS" starttime="20231220 15:12:22.804" endtime="20231220 15:12:37.963"/>
</kw>
<kw name="Run Keyword And Continue On Failure" library="BuiltIn">
<arg>TC Sleep</arg>
<doc>Runs the keyword and continues execution even if a failure occurs.</doc>
<kw name="TC Sleep" library="config">
<kw name="Sleep" library="BuiltIn">
<arg>10</arg>
<doc>Pauses the test executed for the given time.</doc>
<msg timestamp="20231220 15:12:47.964" level="INFO">Slept 10 seconds</msg>
<status status="PASS" starttime="20231220 15:12:37.964" endtime="20231220 15:12:47.964"/>
</kw>
<status status="PASS" starttime="20231220 15:12:37.964" endtime="20231220 15:12:47.964"/>
</kw>
<status status="PASS" starttime="20231220 15:12:37.964" endtime="20231220 15:12:47.964"/>
</kw>
<kw name="Run Keyword And Continue On Failure" library="BuiltIn">
<arg>reload page</arg>
<doc>Runs the keyword and continues execution even if a failure occurs.</doc>
<kw name="Reload Page" library="SeleniumLibrary">
<doc>Simulates user reloading page.</doc>
<status status="PASS" starttime="20231220 15:12:47.965" endtime="20231220 15:12:48.823"/>
</kw>
<status status="PASS" starttime="20231220 15:12:47.964" endtime="20231220 15:12:48.823"/>
</kw>
<tag>All Products Page</tag>
<status status="PASS" starttime="20231220 15:11:41.570" endtime="20231220 15:12:48.824"/>
</test>
<test id="s1-t9" name="TC-007 - User should be able to add new vehicle using Manual Search in Retail Account Vehicle Listing Page" line="56">
<kw name="Run Keyword And Continue On Failure" library="BuiltIn">
<arg>User should be able to click Select Your Vehicle</arg>
<doc>Runs the keyword and continues execution even if a failure occurs.</doc>
<kw name="User should be able to click Select Your Vehicle" library="Account_Vehicle_Listing_Page_Keywords">
<kw name="Wait Until Element Is Visible" library="SeleniumLibrary">
<arg>${HomePageSelectVehicle}</arg>
<arg>10</arg>
<doc>Waits until the element ``locator`` is visible.</doc>
<status status="PASS" starttime="20231220 15:12:48.826" endtime="20231220 15:12:50.089"/>
</kw>
<kw name="Capture Element Screenshot" library="SeleniumLibrary">
<arg>${HomePageSelectVehicle}</arg>
<doc>Captures a screenshot from the element identified by ``locator`` and embeds it into log file.</doc>
<msg timestamp="20231220 15:12:50.195" level="INFO" html="true">&lt;/td&gt;&lt;/tr&gt;&lt;tr&gt;&lt;td colspan="3"&gt;&lt;a href="Screenshots/12-20-23%2015-10/selenium-element-screenshot-17.png"&gt;&lt;img src="Screenshots/12-20-23%2015-10/selenium-element-screenshot-17.png" width="400px"&gt;&lt;/a&gt;</msg>
<status status="PASS" starttime="20231220 15:12:50.089" endtime="20231220 15:12:50.195"/>
</kw>
<kw name="Click Element" library="SeleniumLibrary">
<arg>${HomePageSelectVehicle}</arg>
<doc>Click the element identified by ``locator``.</doc>
<msg timestamp="20231220 15:12:50.196" level="INFO">Clicking element '(//div[@class='custom-header-vehicle'])[1]'.</msg>
<status status="PASS" starttime="20231220 15:12:50.195" endtime="20231220 15:12:50.234"/>
</kw>
<kw name="Sleep" library="BuiltIn">
<arg>2</arg>
<doc>Pauses the test executed for the given time.</doc>
<msg timestamp="20231220 15:12:52.234" level="INFO">Slept 2 seconds</msg>
<status status="PASS" starttime="20231220 15:12:50.234" endtime="20231220 15:12:52.234"/>
</kw>
<status status="PASS" starttime="20231220 15:12:48.826" endtime="20231220 15:12:52.234"/>
</kw>
<status status="PASS" starttime="20231220 15:12:48.825" endtime="20231220 15:12:52.234"/>
</kw>
<kw name="Run Keyword And Continue On Failure" library="BuiltIn">
<arg>User should be able to view add vehicle in HK Retail Select Vehicle</arg>
<doc>Runs the keyword and continues execution even if a failure occurs.</doc>
<kw name="User should be able to view add vehicle in HK Retail Select Vehicle" library="Account_Vehicle_Listing_Page_Keywords">
<kw name="Wait Until Element Is Visible" library="SeleniumLibrary">
<arg>${Retail_HK_AccountVehicleListingPage_SelectVehicle_Container}</arg>
<arg>10</arg>
<doc>Waits until the element ``locator`` is visible.</doc>
<status status="PASS" starttime="20231220 15:12:52.234" endtime="20231220 15:12:52.250"/>
</kw>
<kw name="Capture Element Screenshot" library="SeleniumLibrary">
<arg>${Retail_HK_AccountVehicleListingPage_SelectVehicle_Container}</arg>
<doc>Captures a screenshot from the element identified by ``locator`` and embeds it into log file.</doc>
<msg timestamp="20231220 15:12:52.367" level="INFO" html="true">&lt;/td&gt;&lt;/tr&gt;&lt;tr&gt;&lt;td colspan="3"&gt;&lt;a href="Screenshots/12-20-23%2015-10/selenium-element-screenshot-18.png"&gt;&lt;img src="Screenshots/12-20-23%2015-10/selenium-element-screenshot-18.png" width="400px"&gt;&lt;/a&gt;</msg>
<status status="PASS" starttime="20231220 15:12:52.250" endtime="20231220 15:12:52.367"/>
</kw>
<kw name="Sleep" library="BuiltIn">
<arg>2</arg>
<doc>Pauses the test executed for the given time.</doc>
<msg timestamp="20231220 15:12:54.367" level="INFO">Slept 2 seconds</msg>
<status status="PASS" starttime="20231220 15:12:52.367" endtime="20231220 15:12:54.367"/>
</kw>
<status status="PASS" starttime="20231220 15:12:52.234" endtime="20231220 15:12:54.367"/>
</kw>
<status status="PASS" starttime="20231220 15:12:52.234" endtime="20231220 15:12:54.367"/>
</kw>
<kw name="Run Keyword And Continue On Failure" library="BuiltIn">
<arg>User should be able to click add new vehicle in HK Retail Select Vehicle</arg>
<doc>Runs the keyword and continues execution even if a failure occurs.</doc>
<kw name="User should be able to click add new vehicle in HK Retail Select Vehicle" library="Account_Vehicle_Listing_Page_Keywords">
<kw name="Wait Until Element Is Visible" library="SeleniumLibrary">
<arg>${Retail_HK_AccountVehicleListingPage_SelectVehicle_Container}</arg>
<arg>10</arg>
<doc>Waits until the element ``locator`` is visible.</doc>
<status status="PASS" starttime="20231220 15:12:54.368" endtime="20231220 15:12:54.383"/>
</kw>
<kw name="Wait Until Element Is Visible" library="SeleniumLibrary">
<arg>${Retail_HK_AccountVehicleListingPage_SelectVehicleAddVehicle_Button}</arg>
<arg>10</arg>
<doc>Waits until the element ``locator`` is visible.</doc>
<status status="PASS" starttime="20231220 15:12:54.383" endtime="20231220 15:12:54.400"/>
</kw>
<kw name="Capture Element Screenshot" library="SeleniumLibrary">
<arg>${Retail_HK_AccountVehicleListingPage_SelectVehicleAddVehicle_Button}</arg>
<doc>Captures a screenshot from the element identified by ``locator`` and embeds it into log file.</doc>
<msg timestamp="20231220 15:12:54.494" level="INFO" html="true">&lt;/td&gt;&lt;/tr&gt;&lt;tr&gt;&lt;td colspan="3"&gt;&lt;a href="Screenshots/12-20-23%2015-10/selenium-element-screenshot-19.png"&gt;&lt;img src="Screenshots/12-20-23%2015-10/selenium-element-screenshot-19.png" width="400px"&gt;&lt;/a&gt;</msg>
<status status="PASS" starttime="20231220 15:12:54.401" endtime="20231220 15:12:54.494"/>
</kw>
<kw name="Click Element" library="SeleniumLibrary">
<arg>${Retail_HK_AccountVehicleListingPage_SelectVehicleAddVehicle_Button}</arg>
<doc>Click the element identified by ``locator``.</doc>
<msg timestamp="20231220 15:12:54.495" level="INFO">Clicking element '//div[@class='cx-dialog-body modal-body flex-layout']//button[@class='btn btn-secondary']'.</msg>
<status status="PASS" starttime="20231220 15:12:54.494" endtime="20231220 15:12:54.562"/>
</kw>
<kw name="Sleep" library="BuiltIn">
<arg>2</arg>
<doc>Pauses the test executed for the given time.</doc>
<msg timestamp="20231220 15:12:56.563" level="INFO">Slept 2 seconds</msg>
<status status="PASS" starttime="20231220 15:12:54.562" endtime="20231220 15:12:56.563"/>
</kw>
<status status="PASS" starttime="20231220 15:12:54.368" endtime="20231220 15:12:56.563"/>
</kw>
<status status="PASS" starttime="20231220 15:12:54.368" endtime="20231220 15:12:56.563"/>
</kw>
<kw name="Run Keyword And Continue On Failure" library="BuiltIn">
<arg>User should be able to view add vehicle in HK Retail Select Vehicle</arg>
<doc>Runs the keyword and continues execution even if a failure occurs.</doc>
<kw name="User should be able to view add vehicle in HK Retail Select Vehicle" library="Account_Vehicle_Listing_Page_Keywords">
<kw name="Wait Until Element Is Visible" library="SeleniumLibrary">
<arg>${Retail_HK_AccountVehicleListingPage_SelectVehicle_Container}</arg>
<arg>10</arg>
<doc>Waits until the element ``locator`` is visible.</doc>
<status status="PASS" starttime="20231220 15:12:56.564" endtime="20231220 15:12:56.579"/>
</kw>
<kw name="Capture Element Screenshot" library="SeleniumLibrary">
<arg>${Retail_HK_AccountVehicleListingPage_SelectVehicle_Container}</arg>
<doc>Captures a screenshot from the element identified by ``locator`` and embeds it into log file.</doc>
<msg timestamp="20231220 15:12:56.675" level="INFO" html="true">&lt;/td&gt;&lt;/tr&gt;&lt;tr&gt;&lt;td colspan="3"&gt;&lt;a href="Screenshots/12-20-23%2015-10/selenium-element-screenshot-20.png"&gt;&lt;img src="Screenshots/12-20-23%2015-10/selenium-element-screenshot-20.png" width="400px"&gt;&lt;/a&gt;</msg>
<status status="PASS" starttime="20231220 15:12:56.580" endtime="20231220 15:12:56.675"/>
</kw>
<kw name="Sleep" library="BuiltIn">
<arg>2</arg>
<doc>Pauses the test executed for the given time.</doc>
<msg timestamp="20231220 15:12:58.676" level="INFO">Slept 2 seconds</msg>
<status status="PASS" starttime="20231220 15:12:56.675" endtime="20231220 15:12:58.676"/>
</kw>
<status status="PASS" starttime="20231220 15:12:56.564" endtime="20231220 15:12:58.676"/>
</kw>
<status status="PASS" starttime="20231220 15:12:56.563" endtime="20231220 15:12:58.676"/>
</kw>
<kw name="Run Keyword And Continue On Failure" library="BuiltIn">
<arg>User should be able to click model on manual search in Retail Select Vehicle</arg>
<doc>Runs the keyword and continues execution even if a failure occurs.</doc>
<kw name="User should be able to click model on manual search in Retail Select Vehicle" library="Account_Vehicle_Listing_Page_Keywords">
<kw name="Wait Until Element Is Enabled" library="SeleniumLibrary">
<arg>${Retail_AccountVehicleListingPageSelectVehicleSearchManualModelComboBox}</arg>
<arg>10</arg>
<doc>Waits until the element ``locator`` is enabled.</doc>
<status status="PASS" starttime="20231220 15:12:58.677" endtime="20231220 15:12:58.699"/>
</kw>
<kw name="Wait Until Element Is Visible" library="SeleniumLibrary">
<arg>${Retail_AccountVehicleListingPageSelectVehicleSearchManualModelComboBox}</arg>
<arg>10</arg>
<doc>Waits until the element ``locator`` is visible.</doc>
<status status="PASS" starttime="20231220 15:12:58.699" endtime="20231220 15:12:58.715"/>
</kw>
<kw name="Capture Element Screenshot" library="SeleniumLibrary">
<arg>${Retail_AccountVehicleListingPageSelectVehicleSearchManualModelComboBox}</arg>
<doc>Captures a screenshot from the element identified by ``locator`` and embeds it into log file.</doc>
<msg timestamp="20231220 15:12:58.823" level="INFO" html="true">&lt;/td&gt;&lt;/tr&gt;&lt;tr&gt;&lt;td colspan="3"&gt;&lt;a href="Screenshots/12-20-23%2015-10/selenium-element-screenshot-21.png"&gt;&lt;img src="Screenshots/12-20-23%2015-10/selenium-element-screenshot-21.png" width="400px"&gt;&lt;/a&gt;</msg>
<status status="PASS" starttime="20231220 15:12:58.716" endtime="20231220 15:12:58.823"/>
</kw>
<kw name="Click Element" library="SeleniumLibrary">
<arg>${Retail_AccountVehicleListingPageSelectVehicleSearchManualModelComboBox}</arg>
<doc>Click the element identified by ``locator``.</doc>
<msg timestamp="20231220 15:12:58.823" level="INFO">Clicking element '//dpp-manual-vehicle-search//ng-select[@formcontrolname='model']//div[@class='ng-select-container']'.</msg>
<status status="PASS" starttime="20231220 15:12:58.823" endtime="20231220 15:12:58.864"/>
</kw>
<kw name="Sleep" library="BuiltIn">
<arg>2</arg>
<doc>Pauses the test executed for the given time.</doc>
<msg timestamp="20231220 15:13:00.864" level="INFO">Slept 2 seconds</msg>
<status status="PASS" starttime="20231220 15:12:58.864" endtime="20231220 15:13:00.864"/>
</kw>
<status status="PASS" starttime="20231220 15:12:58.677" endtime="20231220 15:13:00.864"/>
</kw>
<status status="PASS" starttime="20231220 15:12:58.676" endtime="20231220 15:13:00.864"/>
</kw>
<kw name="Run Keyword And Continue On Failure" library="BuiltIn">
<arg>User should be able to select model on manual search in Retail Select Vehicle</arg>
<doc>Runs the keyword and continues execution even if a failure occurs.</doc>
<kw name="User should be able to select model on manual search in Retail Select Vehicle" library="Account_Vehicle_Listing_Page_Keywords">
<kw name="Get Element Count" library="SeleniumLibrary">
<var>${RandomModelIndexCount}</var>
<arg>${Retail_AccountVehicleListingPageSelectVehicleSearchManualModelListOpt}</arg>
<doc>Returns the number of elements matching ``locator``.</doc>
<msg timestamp="20231220 15:13:00.875" level="INFO">${RandomModelIndexCount} = 43</msg>
<status status="PASS" starttime="20231220 15:13:00.865" endtime="20231220 15:13:00.875"/>
</kw>
<kw name="Evaluate" library="BuiltIn">
<var>${RandomModelIndex}</var>
<arg>random.randint(1,${RandomModelIndexCount})</arg>
<doc>Evaluates the given expression in Python and returns the result.</doc>
<msg timestamp="20231220 15:13:00.876" level="INFO">${RandomModelIndex} = 13</msg>
<status status="PASS" starttime="20231220 15:13:00.875" endtime="20231220 15:13:00.876"/>
</kw>
<kw name="Mouse Over" library="SeleniumLibrary">
<arg>${Retail_AccountVehicleListingPageSelectVehicleSearchManualModelListOpt1}</arg>
<doc>Simulates hovering the mouse over the element ``locator``.</doc>
<msg timestamp="20231220 15:13:00.876" level="INFO">Simulating Mouse Over on element '(//div[@class='ng-dropdown-panel-items scroll-host']//span[@title!='---Popular Models---' and @title!='----All Models----' ])[1]'.</msg>
<status status="PASS" starttime="20231220 15:13:00.876" endtime="20231220 15:13:01.155"/>
</kw>
<kw name="Wait Until Element Is Visible" library="SeleniumLibrary">
<arg>(//div[@class='ng-dropdown-panel-items scroll-host']//span[@title!='---Popular Models---' and @title!='----All Models----' ])[${RandomModelIndex}]</arg>
<arg>10</arg>
<doc>Waits until the element ``locator`` is visible.</doc>
<status status="PASS" starttime="20231220 15:13:01.155" endtime="20231220 15:13:01.175"/>
</kw>
<kw name="Scroll Element Into View" library="SeleniumLibrary">
<arg>(//div[@class='ng-dropdown-panel-items scroll-host']//span[@title!='---Popular Models---' and @title!='----All Models----' ])[${RandomModelIndex}]</arg>
<doc>Scrolls the element identified by ``locator`` into view.</doc>
<status status="PASS" starttime="20231220 15:13:01.176" endtime="20231220 15:13:01.459"/>
</kw>
<kw name="Capture Element Screenshot" library="SeleniumLibrary">
<arg>(//div[@class='ng-dropdown-panel-items scroll-host']//span[@title!='---Popular Models---' and @title!='----All Models----' ])[${RandomModelIndex}]</arg>
<doc>Captures a screenshot from the element identified by ``locator`` and embeds it into log file.</doc>
<msg timestamp="20231220 15:13:01.539" level="INFO" html="true">&lt;/td&gt;&lt;/tr&gt;&lt;tr&gt;&lt;td colspan="3"&gt;&lt;a href="Screenshots/12-20-23%2015-10/selenium-element-screenshot-22.png"&gt;&lt;img src="Screenshots/12-20-23%2015-10/selenium-element-screenshot-22.png" width="400px"&gt;&lt;/a&gt;</msg>
<status status="PASS" starttime="20231220 15:13:01.459" endtime="20231220 15:13:01.539"/>
</kw>
<kw name="Click Element" library="SeleniumLibrary">
<arg>(//div[@class='ng-dropdown-panel-items scroll-host']//span[@title!='---Popular Models---' and @title!='----All Models----' ])[${RandomModelIndex}]</arg>
<doc>Click the element identified by ``locator``.</doc>
<msg timestamp="20231220 15:13:01.539" level="INFO">Clicking element '(//div[@class='ng-dropdown-panel-items scroll-host']//span[@title!='---Popular Models---' and @title!='----All Models----' ])[13]'.</msg>
<status status="PASS" starttime="20231220 15:13:01.539" endtime="20231220 15:13:01.576"/>
</kw>
<kw name="Sleep" library="BuiltIn">
<arg>5</arg>
<doc>Pauses the test executed for the given time.</doc>
<msg timestamp="20231220 15:13:06.576" level="INFO">Slept 5 seconds</msg>
<status status="PASS" starttime="20231220 15:13:01.576" endtime="20231220 15:13:06.576"/>
</kw>
<status status="PASS" starttime="20231220 15:13:00.865" endtime="20231220 15:13:06.576"/>
</kw>
<status status="PASS" starttime="20231220 15:13:00.864" endtime="20231220 15:13:06.576"/>
</kw>
<kw name="Run Keyword And Continue On Failure" library="BuiltIn">
<arg>User should be able to click year on manual search in Retail Select Vehicle</arg>
<doc>Runs the keyword and continues execution even if a failure occurs.</doc>
<kw name="User should be able to click year on manual search in Retail Select Vehicle" library="Account_Vehicle_Listing_Page_Keywords">
<kw name="Wait Until Element Is Enabled" library="SeleniumLibrary">
<arg>${Retail_AccountVehicleListingPageSelectVehicleSearchManualYearComboBox}</arg>
<arg>10</arg>
<doc>Waits until the element ``locator`` is enabled.</doc>
<status status="PASS" starttime="20231220 15:13:06.577" endtime="20231220 15:13:06.597"/>
</kw>
<kw name="Wait Until Element Is Visible" library="SeleniumLibrary">
<arg>${Retail_AccountVehicleListingPageSelectVehicleSearchManualYearComboBox}</arg>
<arg>10</arg>
<doc>Waits until the element ``locator`` is visible.</doc>
<status status="PASS" starttime="20231220 15:13:06.597" endtime="20231220 15:13:06.609"/>
</kw>
<kw name="Capture Element Screenshot" library="SeleniumLibrary">
<arg>${Retail_AccountVehicleListingPageSelectVehicleSearchManualYearComboBox}</arg>
<doc>Captures a screenshot from the element identified by ``locator`` and embeds it into log file.</doc>
<msg timestamp="20231220 15:13:06.686" level="INFO" html="true">&lt;/td&gt;&lt;/tr&gt;&lt;tr&gt;&lt;td colspan="3"&gt;&lt;a href="Screenshots/12-20-23%2015-10/selenium-element-screenshot-23.png"&gt;&lt;img src="Screenshots/12-20-23%2015-10/selenium-element-screenshot-23.png" width="400px"&gt;&lt;/a&gt;</msg>
<status status="PASS" starttime="20231220 15:13:06.610" endtime="20231220 15:13:06.687"/>
</kw>
<kw name="Click Element" library="SeleniumLibrary">
<arg>${Retail_AccountVehicleListingPageSelectVehicleSearchManualYearComboBox}</arg>
<doc>Click the element identified by ``locator``.</doc>
<msg timestamp="20231220 15:13:06.687" level="INFO">Clicking element '//dpp-manual-vehicle-search//ng-select[@formcontrolname='year']//div[@class='ng-select-container']'.</msg>
<status status="PASS" starttime="20231220 15:13:06.687" endtime="20231220 15:13:06.724"/>
</kw>
<kw name="Sleep" library="BuiltIn">
<arg>2</arg>
<doc>Pauses the test executed for the given time.</doc>
<msg timestamp="20231220 15:13:08.725" level="INFO">Slept 2 seconds</msg>
<status status="PASS" starttime="20231220 15:13:06.725" endtime="20231220 15:13:08.725"/>
</kw>
<status status="PASS" starttime="20231220 15:13:06.577" endtime="20231220 15:13:08.725"/>
</kw>
<status status="PASS" starttime="20231220 15:13:06.577" endtime="20231220 15:13:08.725"/>
</kw>
<kw name="Run Keyword And Continue On Failure" library="BuiltIn">
<arg>User should be able to select year on manual search in Retail Select Vehicle</arg>
<doc>Runs the keyword and continues execution even if a failure occurs.</doc>
<kw name="User should be able to select year on manual search in Retail Select Vehicle" library="Account_Vehicle_Listing_Page_Keywords">
<kw name="Get Element Count" library="SeleniumLibrary">
<var>${RandomYearIndexCount}</var>
<arg>${Retail_AccountVehicleListingPageSelectVehicleSearchManualYearListOpt}</arg>
<doc>Returns the number of elements matching ``locator``.</doc>
<msg timestamp="20231220 15:13:08.734" level="INFO">${RandomYearIndexCount} = 18</msg>
<status status="PASS" starttime="20231220 15:13:08.726" endtime="20231220 15:13:08.734"/>
</kw>
<kw name="Evaluate" library="BuiltIn">
<var>${RandomYearIndex}</var>
<arg>random.randint(1,${RandomYearIndexCount})</arg>
<doc>Evaluates the given expression in Python and returns the result.</doc>
<msg timestamp="20231220 15:13:08.735" level="INFO">${RandomYearIndex} = 1</msg>
<status status="PASS" starttime="20231220 15:13:08.734" endtime="20231220 15:13:08.735"/>
</kw>
<kw name="Mouse Over" library="SeleniumLibrary">
<arg>${Retail_AccountVehicleListingPageSelectVehicleSearchManualYearListOpt1}</arg>
<doc>Simulates hovering the mouse over the element ``locator``.</doc>
<msg timestamp="20231220 15:13:08.735" level="INFO">Simulating Mouse Over on element '(//ng-dropdown-panel//div[@role='option'])[1]'.</msg>
<status status="PASS" starttime="20231220 15:13:08.735" endtime="20231220 15:13:09.008"/>
</kw>
<kw name="Wait Until Element Is Visible" library="SeleniumLibrary">
<arg>(//ng-dropdown-panel//div[@role='option'])[${RandomYearIndex}]</arg>
<arg>10</arg>
<doc>Waits until the element ``locator`` is visible.</doc>
<status status="PASS" starttime="20231220 15:13:09.008" endtime="20231220 15:13:09.023"/>
</kw>
<kw name="Scroll Element Into View" library="SeleniumLibrary">
<arg>(//ng-dropdown-panel//div[@role='option'])[${RandomYearIndex}]</arg>
<doc>Scrolls the element identified by ``locator`` into view.</doc>
<status status="PASS" starttime="20231220 15:13:09.023" endtime="20231220 15:13:09.294"/>
</kw>
<kw name="Capture Element Screenshot" library="SeleniumLibrary">
<arg>(//ng-dropdown-panel//div[@role='option'])[${RandomYearIndex}]</arg>
<doc>Captures a screenshot from the element identified by ``locator`` and embeds it into log file.</doc>
<msg timestamp="20231220 15:13:09.394" level="INFO" html="true">&lt;/td&gt;&lt;/tr&gt;&lt;tr&gt;&lt;td colspan="3"&gt;&lt;a href="Screenshots/12-20-23%2015-10/selenium-element-screenshot-24.png"&gt;&lt;img src="Screenshots/12-20-23%2015-10/selenium-element-screenshot-24.png" width="400px"&gt;&lt;/a&gt;</msg>
<status status="PASS" starttime="20231220 15:13:09.294" endtime="20231220 15:13:09.394"/>
</kw>
<kw name="Click Element" library="SeleniumLibrary">
<arg>(//ng-dropdown-panel//div[@role='option'])[${RandomYearIndex}]</arg>
<doc>Click the element identified by ``locator``.</doc>
<msg timestamp="20231220 15:13:09.394" level="INFO">Clicking element '(//ng-dropdown-panel//div[@role='option'])[1]'.</msg>
<status status="PASS" starttime="20231220 15:13:09.394" endtime="20231220 15:13:09.434"/>
</kw>
<kw name="Sleep" library="BuiltIn">
<arg>5</arg>
<doc>Pauses the test executed for the given time.</doc>
<msg timestamp="20231220 15:13:14.434" level="INFO">Slept 5 seconds</msg>
<status status="PASS" starttime="20231220 15:13:09.434" endtime="20231220 15:13:14.434"/>
</kw>
<status status="PASS" starttime="20231220 15:13:08.726" endtime="20231220 15:13:14.434"/>
</kw>
<status status="PASS" starttime="20231220 15:13:08.726" endtime="20231220 15:13:14.434"/>
</kw>
<kw name="Run Keyword And Continue On Failure" library="BuiltIn">
<arg>User should be able to click series on manual search in Retail Select Vehicle</arg>
<doc>Runs the keyword and continues execution even if a failure occurs.</doc>
<kw name="User should be able to click series on manual search in Retail Select Vehicle" library="Account_Vehicle_Listing_Page_Keywords">
<kw name="Wait Until Element Is Enabled" library="SeleniumLibrary">
<arg>${Retail_AccountVehicleListingPageSelectVehicleSearchManualSeriesComboBox}</arg>
<arg>10</arg>
<doc>Waits until the element ``locator`` is enabled.</doc>
<status status="PASS" starttime="20231220 15:13:14.435" endtime="20231220 15:13:14.459"/>
</kw>
<kw name="Wait Until Element Is Visible" library="SeleniumLibrary">
<arg>${Retail_AccountVehicleListingPageSelectVehicleSearchManualSeriesComboBox}</arg>
<arg>10</arg>
<doc>Waits until the element ``locator`` is visible.</doc>
<status status="PASS" starttime="20231220 15:13:14.459" endtime="20231220 15:13:14.474"/>
</kw>
<kw name="Capture Element Screenshot" library="SeleniumLibrary">
<arg>${Retail_AccountVehicleListingPageSelectVehicleSearchManualSeriesComboBox}</arg>
<doc>Captures a screenshot from the element identified by ``locator`` and embeds it into log file.</doc>
<msg timestamp="20231220 15:13:14.576" level="INFO" html="true">&lt;/td&gt;&lt;/tr&gt;&lt;tr&gt;&lt;td colspan="3"&gt;&lt;a href="Screenshots/12-20-23%2015-10/selenium-element-screenshot-25.png"&gt;&lt;img src="Screenshots/12-20-23%2015-10/selenium-element-screenshot-25.png" width="400px"&gt;&lt;/a&gt;</msg>
<status status="PASS" starttime="20231220 15:13:14.474" endtime="20231220 15:13:14.576"/>
</kw>
<kw name="Click Element" library="SeleniumLibrary">
<arg>${Retail_AccountVehicleListingPageSelectVehicleSearchManualSeriesComboBox}</arg>
<doc>Click the element identified by ``locator``.</doc>
<msg timestamp="20231220 15:13:14.577" level="INFO">Clicking element '//dpp-manual-vehicle-search//ng-select[@formcontrolname='series']//div[@class='ng-select-container' or @class='ng-select-container ng-has-value']'.</msg>
<status status="PASS" starttime="20231220 15:13:14.576" endtime="20231220 15:13:14.617"/>
</kw>
<kw name="Sleep" library="BuiltIn">
<arg>2</arg>
<doc>Pauses the test executed for the given time.</doc>
<msg timestamp="20231220 15:13:16.619" level="INFO">Slept 2 seconds</msg>
<status status="PASS" starttime="20231220 15:13:14.618" endtime="20231220 15:13:16.619"/>
</kw>
<status status="PASS" starttime="20231220 15:13:14.435" endtime="20231220 15:13:16.619"/>
</kw>
<status status="PASS" starttime="20231220 15:13:14.434" endtime="20231220 15:13:16.619"/>
</kw>
<kw name="Run Keyword And Continue On Failure" library="BuiltIn">
<arg>User should be able to select series on manual search in Retail Select Vehicle</arg>
<doc>Runs the keyword and continues execution even if a failure occurs.</doc>
<kw name="User should be able to select series on manual search in Retail Select Vehicle" library="Account_Vehicle_Listing_Page_Keywords">
<kw name="Get Element Count" library="SeleniumLibrary">
<var>${RandomSeriesIndexCount}</var>
<arg>${Retail_AccountVehicleListingPageSelectVehicleSearchManualSeriesListOpt}</arg>
<doc>Returns the number of elements matching ``locator``.</doc>
<msg timestamp="20231220 15:13:16.628" level="INFO">${RandomSeriesIndexCount} = 1</msg>
<status status="PASS" starttime="20231220 15:13:16.620" endtime="20231220 15:13:16.628"/>
</kw>
<kw name="Evaluate" library="BuiltIn">
<var>${RandomSeriesIndex}</var>
<arg>random.randint(1,${RandomSeriesIndexCount})</arg>
<doc>Evaluates the given expression in Python and returns the result.</doc>
<msg timestamp="20231220 15:13:16.629" level="INFO">${RandomSeriesIndex} = 1</msg>
<status status="PASS" starttime="20231220 15:13:16.629" endtime="20231220 15:13:16.629"/>
</kw>
<kw name="Mouse Over" library="SeleniumLibrary">
<arg>${Retail_AccountVehicleListingPageSelectVehicleSearchManualSeriesListOpt1}</arg>
<doc>Simulates hovering the mouse over the element ``locator``.</doc>
<msg timestamp="20231220 15:13:16.629" level="INFO">Simulating Mouse Over on element '(//ng-dropdown-panel//div[@role='option'])[1]'.</msg>
<status status="PASS" starttime="20231220 15:13:16.629" endtime="20231220 15:13:16.903"/>
</kw>
<kw name="Wait Until Element Is Visible" library="SeleniumLibrary">
<arg>(//ng-dropdown-panel//div[@role='option'])[${RandomSeriesIndex}]</arg>
<arg>10</arg>
<doc>Waits until the element ``locator`` is visible.</doc>
<status status="PASS" starttime="20231220 15:13:16.903" endtime="20231220 15:13:16.916"/>
</kw>
<kw name="Scroll Element Into View" library="SeleniumLibrary">
<arg>(//ng-dropdown-panel//div[@role='option'])[${RandomSeriesIndex}]</arg>
<doc>Scrolls the element identified by ``locator`` into view.</doc>
[...]
</kw>
<kw name="Capture Element Screenshot" library="SeleniumLibrary">
<arg>${Retail_HK_CheckoutPage_PaymentMethod_Frame_2C2P_Submit_Button}</arg>
<doc>Captures a screenshot from the element identified by ``locator`` and embeds it into log file.</doc>
<msg timestamp="20231220 15:18:22.787" level="INFO" html="true">&lt;/td&gt;&lt;/tr&gt;&lt;tr&gt;&lt;td colspan="3"&gt;&lt;a href="Screenshots/12-20-23%2015-10/selenium-element-screenshot-97.png"&gt;&lt;img src="Screenshots/12-20-23%2015-10/selenium-element-screenshot-97.png" width="400px"&gt;&lt;/a&gt;</msg>
<status status="PASS" starttime="20231220 15:18:22.684" endtime="20231220 15:18:22.787"/>
</kw>
<kw name="Click Element" library="SeleniumLibrary">
<arg>${Retail_HK_CheckoutPage_PaymentMethod_Frame_2C2P_Submit_Button}</arg>
<doc>Click the element identified by ``locator``.</doc>
<msg timestamp="20231220 15:18:22.788" level="INFO">Clicking element '//div[@class='acs-challenge-modal']//div[@class='acs-challenge-form-actions']//button[@class='acs-challenge-btn proceed']'.</msg>
<status status="PASS" starttime="20231220 15:18:22.788" endtime="20231220 15:18:22.844"/>
</kw>
<kw name="Sleep" library="BuiltIn">
<arg>2</arg>
<doc>Pauses the test executed for the given time.</doc>
<msg timestamp="20231220 15:18:24.846" level="INFO">Slept 2 seconds</msg>
<status status="PASS" starttime="20231220 15:18:22.845" endtime="20231220 15:18:24.846"/>
</kw>
<status status="PASS" starttime="20231220 15:18:22.669" endtime="20231220 15:18:24.846"/>
</kw>
<status status="PASS" starttime="20231220 15:18:22.669" endtime="20231220 15:18:24.846"/>
</kw>
<kw name="Run Keyword And Continue On Failure" library="BuiltIn">
<arg>TC Sleep</arg>
<doc>Runs the keyword and continues execution even if a failure occurs.</doc>
<kw name="TC Sleep" library="config">
<kw name="Sleep" library="BuiltIn">
<arg>10</arg>
<doc>Pauses the test executed for the given time.</doc>
<msg timestamp="20231220 15:18:34.846" level="INFO">Slept 10 seconds</msg>
<status status="PASS" starttime="20231220 15:18:24.846" endtime="20231220 15:18:34.846"/>
</kw>
<status status="PASS" starttime="20231220 15:18:24.846" endtime="20231220 15:18:34.846"/>
</kw>
<status status="PASS" starttime="20231220 15:18:24.846" endtime="20231220 15:18:34.846"/>
</kw>
<tag>Checkout Page</tag>
<status status="PASS" starttime="20231220 15:18:22.669" endtime="20231220 15:18:34.847"/>
</test>
<test id="s1-t26" name="TC-024 - User should be able to view place order in HK Retail Place Order Page" line="183">
<kw name="Run Keyword And Continue On Failure" library="BuiltIn">
<arg>Unselect Credit Card Frame</arg>
<doc>Runs the keyword and continues execution even if a failure occurs.</doc>
<kw name="Unselect Credit Card Frame" library="Checkout_Keywords">
<kw name="Unselect Frame" library="SeleniumLibrary">
<doc>Sets the main frame as the current frame.</doc>
<status status="PASS" starttime="20231220 15:18:34.849" endtime="20231220 15:18:34.851"/>
</kw>
<kw name="Sleep" library="BuiltIn">
<arg>2</arg>
<doc>Pauses the test executed for the given time.</doc>
<msg timestamp="20231220 15:18:36.853" level="INFO">Slept 2 seconds</msg>
<status status="PASS" starttime="20231220 15:18:34.852" endtime="20231220 15:18:36.853"/>
</kw>
<status status="PASS" starttime="20231220 15:18:34.849" endtime="20231220 15:18:36.853"/>
</kw>
<status status="PASS" starttime="20231220 15:18:34.848" endtime="20231220 15:18:36.853"/>
</kw>
<kw name="Run Keyword And Continue On Failure" library="BuiltIn">
<arg>TC Sleep</arg>
<doc>Runs the keyword and continues execution even if a failure occurs.</doc>
<kw name="TC Sleep" library="config">
<kw name="Sleep" library="BuiltIn">
<arg>10</arg>
<doc>Pauses the test executed for the given time.</doc>
<msg timestamp="20231220 15:18:46.853" level="INFO">Slept 10 seconds</msg>
<status status="PASS" starttime="20231220 15:18:36.853" endtime="20231220 15:18:46.853"/>
</kw>
<status status="PASS" starttime="20231220 15:18:36.853" endtime="20231220 15:18:46.853"/>
</kw>
<status status="PASS" starttime="20231220 15:18:36.853" endtime="20231220 15:18:46.853"/>
</kw>
<kw name="Run Keyword And Continue On Failure" library="BuiltIn">
<arg>User should be able to view place order in HK Retail Place Order Page</arg>
<doc>Runs the keyword and continues execution even if a failure occurs.</doc>
<kw name="User should be able to view place order in HK Retail Place Order Page" library="Checkout_Keywords">
<kw name="Wait Until Element Is Visible" library="SeleniumLibrary">
<arg>${Retail_PlaceOrderPageCofirmationMessage}</arg>
<arg>10</arg>
<doc>Waits until the element ``locator`` is visible.</doc>
<status status="PASS" starttime="20231220 15:18:46.854" endtime="20231220 15:18:46.872"/>
</kw>
<kw name="Wait Until Element Is Visible" library="SeleniumLibrary">
<arg>${Retail_PlaceOrderPageCofirmationDetailsContainer}</arg>
<arg>10</arg>
<doc>Waits until the element ``locator`` is visible.</doc>
<status status="PASS" starttime="20231220 15:18:46.872" endtime="20231220 15:18:46.887"/>
</kw>
<kw name="Wait Until Element Is Visible" library="SeleniumLibrary">
<arg>${Retail_HK_PlaceOrderPage_CofirmationDetails_PartsRef_Label}</arg>
<arg>10</arg>
<doc>Waits until the element ``locator`` is visible.</doc>
<status status="PASS" starttime="20231220 15:18:46.887" endtime="20231220 15:18:46.902"/>
</kw>
<kw name="Wait Until Element Is Visible" library="SeleniumLibrary">
<arg>${Retail_HK_PlaceOrderPage_CofirmationDetails_PartsRef_Value}</arg>
<arg>10</arg>
<doc>Waits until the element ``locator`` is visible.</doc>
<status status="PASS" starttime="20231220 15:18:46.902" endtime="20231220 15:18:46.918"/>
</kw>
<kw name="Wait Until Element Is Visible" library="SeleniumLibrary">
<arg>${Retail_HK_PlaceOrderPage_CofirmationDetails_OrderDate_Label}</arg>
<arg>10</arg>
<doc>Waits until the element ``locator`` is visible.</doc>
<status status="PASS" starttime="20231220 15:18:46.918" endtime="20231220 15:18:46.935"/>
</kw>
<kw name="Wait Until Element Is Visible" library="SeleniumLibrary">
<arg>${Retail_HK_PlaceOrderPage_CofirmationDetails_OrderDate_Value}</arg>
<arg>10</arg>
<doc>Waits until the element ``locator`` is visible.</doc>
<status status="PASS" starttime="20231220 15:18:46.935" endtime="20231220 15:18:46.950"/>
</kw>
<kw name="Wait Until Element Is Visible" library="SeleniumLibrary">
<arg>${Retail_HK_PlaceOrderPage_CofirmationDetails_EstDelDate_Label}</arg>
<arg>10</arg>
<doc>Waits until the element ``locator`` is visible.</doc>
<status status="PASS" starttime="20231220 15:18:46.950" endtime="20231220 15:18:46.964"/>
</kw>
<kw name="Wait Until Element Is Visible" library="SeleniumLibrary">
<arg>${Retail_HK_PlaceOrderPage_CofirmationDetails_EstDelDate_Value}</arg>
<arg>10</arg>
<doc>Waits until the element ``locator`` is visible.</doc>
<status status="PASS" starttime="20231220 15:18:46.964" endtime="20231220 15:18:46.980"/>
</kw>
<kw name="Wait Until Element Is Visible" library="SeleniumLibrary">
<arg>${Retail_HK_PlaceOrderPage_CofirmationDetails_PONumer_Label}</arg>
<arg>10</arg>
<doc>Waits until the element ``locator`` is visible.</doc>
<status status="PASS" starttime="20231220 15:18:46.980" endtime="20231220 15:18:46.995"/>
</kw>
<kw name="Wait Until Element Is Visible" library="SeleniumLibrary">
<arg>${Retail_HK_PlaceOrderPage_CofirmationDetails_PONumer_Value}</arg>
<arg>10</arg>
<doc>Waits until the element ``locator`` is visible.</doc>
<status status="PASS" starttime="20231220 15:18:46.996" endtime="20231220 15:18:47.011"/>
</kw>
<kw name="Wait Until Element Is Visible" library="SeleniumLibrary">
<arg>${Retail_PlaceOrderPageBacktoHomeButton}</arg>
<arg>10</arg>
<doc>Waits until the element ``locator`` is visible.</doc>
<status status="PASS" starttime="20231220 15:18:47.011" endtime="20231220 15:18:47.027"/>
</kw>
<kw name="Wait Until Element Is Visible" library="SeleniumLibrary">
<arg>${Retail_PlaceOrderPageViewOrderButton}</arg>
<arg>10</arg>
<doc>Waits until the element ``locator`` is visible.</doc>
<status status="PASS" starttime="20231220 15:18:47.027" endtime="20231220 15:18:47.043"/>
</kw>
<kw name="Capture Element Screenshot" library="SeleniumLibrary">
<arg>${Retail_PlaceOrderPageCofirmationMessage}</arg>
<doc>Captures a screenshot from the element identified by ``locator`` and embeds it into log file.</doc>
<msg timestamp="20231220 15:18:47.152" level="INFO" html="true">&lt;/td&gt;&lt;/tr&gt;&lt;tr&gt;&lt;td colspan="3"&gt;&lt;a href="Screenshots/12-20-23%2015-10/selenium-element-screenshot-98.png"&gt;&lt;img src="Screenshots/12-20-23%2015-10/selenium-element-screenshot-98.png" width="400px"&gt;&lt;/a&gt;</msg>
<status status="PASS" starttime="20231220 15:18:47.044" endtime="20231220 15:18:47.152"/>
</kw>
<kw name="Capture Element Screenshot" library="SeleniumLibrary">
<arg>${Retail_PlaceOrderPageCofirmationDetailsContainer}</arg>
<doc>Captures a screenshot from the element identified by ``locator`` and embeds it into log file.</doc>
<msg timestamp="20231220 15:18:47.248" level="INFO" html="true">&lt;/td&gt;&lt;/tr&gt;&lt;tr&gt;&lt;td colspan="3"&gt;&lt;a href="Screenshots/12-20-23%2015-10/selenium-element-screenshot-99.png"&gt;&lt;img src="Screenshots/12-20-23%2015-10/selenium-element-screenshot-99.png" width="400px"&gt;&lt;/a&gt;</msg>
<status status="PASS" starttime="20231220 15:18:47.152" endtime="20231220 15:18:47.248"/>
</kw>
<kw name="Capture Element Screenshot" library="SeleniumLibrary">
<arg>${Retail_HK_PlaceOrderPage_CofirmationDetails_PartsRef_Label}</arg>
<doc>Captures a screenshot from the element identified by ``locator`` and embeds it into log file.</doc>
<msg timestamp="20231220 15:18:47.333" level="INFO" html="true">&lt;/td&gt;&lt;/tr&gt;&lt;tr&gt;&lt;td colspan="3"&gt;&lt;a href="Screenshots/12-20-23%2015-10/selenium-element-screenshot-100.png"&gt;&lt;img src="Screenshots/12-20-23%2015-10/selenium-element-screenshot-100.png" width="400px"&gt;&lt;/a&gt;</msg>
<status status="PASS" starttime="20231220 15:18:47.248" endtime="20231220 15:18:47.334"/>
</kw>
<kw name="Capture Element Screenshot" library="SeleniumLibrary">
<arg>${Retail_HK_PlaceOrderPage_CofirmationDetails_PartsRef_Value}</arg>
<doc>Captures a screenshot from the element identified by ``locator`` and embeds it into log file.</doc>
<msg timestamp="20231220 15:18:47.429" level="INFO" html="true">&lt;/td&gt;&lt;/tr&gt;&lt;tr&gt;&lt;td colspan="3"&gt;&lt;a href="Screenshots/12-20-23%2015-10/selenium-element-screenshot-101.png"&gt;&lt;img src="Screenshots/12-20-23%2015-10/selenium-element-screenshot-101.png" width="400px"&gt;&lt;/a&gt;</msg>
<status status="PASS" starttime="20231220 15:18:47.334" endtime="20231220 15:18:47.429"/>
</kw>
<kw name="Capture Element Screenshot" library="SeleniumLibrary">
<arg>${Retail_HK_PlaceOrderPage_CofirmationDetails_OrderDate_Label}</arg>
<doc>Captures a screenshot from the element identified by ``locator`` and embeds it into log file.</doc>
<msg timestamp="20231220 15:18:47.521" level="INFO" html="true">&lt;/td&gt;&lt;/tr&gt;&lt;tr&gt;&lt;td colspan="3"&gt;&lt;a href="Screenshots/12-20-23%2015-10/selenium-element-screenshot-102.png"&gt;&lt;img src="Screenshots/12-20-23%2015-10/selenium-element-screenshot-102.png" width="400px"&gt;&lt;/a&gt;</msg>
<status status="PASS" starttime="20231220 15:18:47.430" endtime="20231220 15:18:47.521"/>
</kw>
<kw name="Capture Element Screenshot" library="SeleniumLibrary">
<arg>${Retail_HK_PlaceOrderPage_CofirmationDetails_OrderDate_Value}</arg>
<doc>Captures a screenshot from the element identified by ``locator`` and embeds it into log file.</doc>
<msg timestamp="20231220 15:18:47.630" level="INFO" html="true">&lt;/td&gt;&lt;/tr&gt;&lt;tr&gt;&lt;td colspan="3"&gt;&lt;a href="Screenshots/12-20-23%2015-10/selenium-element-screenshot-103.png"&gt;&lt;img src="Screenshots/12-20-23%2015-10/selenium-element-screenshot-103.png" width="400px"&gt;&lt;/a&gt;</msg>
<status status="PASS" starttime="20231220 15:18:47.521" endtime="20231220 15:18:47.630"/>
</kw>
<kw name="Capture Element Screenshot" library="SeleniumLibrary">
<arg>${Retail_HK_PlaceOrderPage_CofirmationDetails_EstDelDate_Label}</arg>
<doc>Captures a screenshot from the element identified by ``locator`` and embeds it into log file.</doc>
<msg timestamp="20231220 15:18:47.726" level="INFO" html="true">&lt;/td&gt;&lt;/tr&gt;&lt;tr&gt;&lt;td colspan="3"&gt;&lt;a href="Screenshots/12-20-23%2015-10/selenium-element-screenshot-104.png"&gt;&lt;img src="Screenshots/12-20-23%2015-10/selenium-element-screenshot-104.png" width="400px"&gt;&lt;/a&gt;</msg>
<status status="PASS" starttime="20231220 15:18:47.630" endtime="20231220 15:18:47.726"/>
</kw>
<kw name="Capture Element Screenshot" library="SeleniumLibrary">
<arg>${Retail_HK_PlaceOrderPage_CofirmationDetails_EstDelDate_Value}</arg>
<doc>Captures a screenshot from the element identified by ``locator`` and embeds it into log file.</doc>
<msg timestamp="20231220 15:18:47.820" level="INFO" html="true">&lt;/td&gt;&lt;/tr&gt;&lt;tr&gt;&lt;td colspan="3"&gt;&lt;a href="Screenshots/12-20-23%2015-10/selenium-element-screenshot-105.png"&gt;&lt;img src="Screenshots/12-20-23%2015-10/selenium-element-screenshot-105.png" width="400px"&gt;&lt;/a&gt;</msg>
<status status="PASS" starttime="20231220 15:18:47.726" endtime="20231220 15:18:47.820"/>
</kw>
<kw name="Capture Element Screenshot" library="SeleniumLibrary">
<arg>${Retail_HK_PlaceOrderPage_CofirmationDetails_PONumer_Label}</arg>
<doc>Captures a screenshot from the element identified by ``locator`` and embeds it into log file.</doc>
<msg timestamp="20231220 15:18:47.931" level="INFO" html="true">&lt;/td&gt;&lt;/tr&gt;&lt;tr&gt;&lt;td colspan="3"&gt;&lt;a href="Screenshots/12-20-23%2015-10/selenium-element-screenshot-106.png"&gt;&lt;img src="Screenshots/12-20-23%2015-10/selenium-element-screenshot-106.png" width="400px"&gt;&lt;/a&gt;</msg>
<status status="PASS" starttime="20231220 15:18:47.820" endtime="20231220 15:18:47.931"/>
</kw>
<kw name="Capture Element Screenshot" library="SeleniumLibrary">
<arg>${Retail_HK_PlaceOrderPage_CofirmationDetails_PONumer_Value}</arg>
<doc>Captures a screenshot from the element identified by ``locator`` and embeds it into log file.</doc>
<msg timestamp="20231220 15:18:48.027" level="INFO" html="true">&lt;/td&gt;&lt;/tr&gt;&lt;tr&gt;&lt;td colspan="3"&gt;&lt;a href="Screenshots/12-20-23%2015-10/selenium-element-screenshot-107.png"&gt;&lt;img src="Screenshots/12-20-23%2015-10/selenium-element-screenshot-107.png" width="400px"&gt;&lt;/a&gt;</msg>
<status status="PASS" starttime="20231220 15:18:47.931" endtime="20231220 15:18:48.027"/>
</kw>
<kw name="Capture Element Screenshot" library="SeleniumLibrary">
<arg>${Retail_PlaceOrderPageBacktoHomeButton}</arg>
<doc>Captures a screenshot from the element identified by ``locator`` and embeds it into log file.</doc>
<msg timestamp="20231220 15:18:48.121" level="INFO" html="true">&lt;/td&gt;&lt;/tr&gt;&lt;tr&gt;&lt;td colspan="3"&gt;&lt;a href="Screenshots/12-20-23%2015-10/selenium-element-screenshot-108.png"&gt;&lt;img src="Screenshots/12-20-23%2015-10/selenium-element-screenshot-108.png" width="400px"&gt;&lt;/a&gt;</msg>
<status status="PASS" starttime="20231220 15:18:48.027" endtime="20231220 15:18:48.121"/>
</kw>
<kw name="Capture Element Screenshot" library="SeleniumLibrary">
<arg>${Retail_PlaceOrderPageViewOrderButton}</arg>
<doc>Captures a screenshot from the element identified by ``locator`` and embeds it into log file.</doc>
<msg timestamp="20231220 15:18:48.214" level="INFO" html="true">&lt;/td&gt;&lt;/tr&gt;&lt;tr&gt;&lt;td colspan="3"&gt;&lt;a href="Screenshots/12-20-23%2015-10/selenium-element-screenshot-109.png"&gt;&lt;img src="Screenshots/12-20-23%2015-10/selenium-element-screenshot-109.png" width="400px"&gt;&lt;/a&gt;</msg>
<status status="PASS" starttime="20231220 15:18:48.121" endtime="20231220 15:18:48.214"/>
</kw>
<kw name="Sleep" library="BuiltIn">
<arg>2</arg>
<doc>Pauses the test executed for the given time.</doc>
<msg timestamp="20231220 15:18:50.215" level="INFO">Slept 2 seconds</msg>
<status status="PASS" starttime="20231220 15:18:48.214" endtime="20231220 15:18:50.215"/>
</kw>
<status status="PASS" starttime="20231220 15:18:46.853" endtime="20231220 15:18:50.215"/>
</kw>
<status status="PASS" starttime="20231220 15:18:46.853" endtime="20231220 15:18:50.215"/>
</kw>
<kw name="Run Keyword And Continue On Failure" library="BuiltIn">
<arg>User should be able to click back to home button in Retail Place Order Page</arg>
<doc>Runs the keyword and continues execution even if a failure occurs.</doc>
<kw name="User should be able to click back to home button in Retail Place Order Page" library="Checkout_Keywords">
<kw name="Wait Until Element Is Visible" library="SeleniumLibrary">
<arg>${Retail_PlaceOrderPageBacktoHomeButton}</arg>
<arg>10</arg>
<doc>Waits until the element ``locator`` is visible.</doc>
<status status="PASS" starttime="20231220 15:18:50.216" endtime="20231220 15:18:50.231"/>
</kw>
<kw name="Capture Element Screenshot" library="SeleniumLibrary">
<arg>${Retail_PlaceOrderPageBacktoHomeButton}</arg>
<doc>Captures a screenshot from the element identified by ``locator`` and embeds it into log file.</doc>
<msg timestamp="20231220 15:18:50.320" level="INFO" html="true">&lt;/td&gt;&lt;/tr&gt;&lt;tr&gt;&lt;td colspan="3"&gt;&lt;a href="Screenshots/12-20-23%2015-10/selenium-element-screenshot-110.png"&gt;&lt;img src="Screenshots/12-20-23%2015-10/selenium-element-screenshot-110.png" width="400px"&gt;&lt;/a&gt;</msg>
<status status="PASS" starttime="20231220 15:18:50.231" endtime="20231220 15:18:50.320"/>
</kw>
<kw name="Click Element" library="SeleniumLibrary">
<arg>${Retail_PlaceOrderPageBacktoHomeButton}</arg>
<doc>Click the element identified by ``locator``.</doc>
<msg timestamp="20231220 15:18:50.321" level="INFO">Clicking element '//div[@class='container']//button[@class='btn btn-outline-secondary']'.</msg>
<status status="PASS" starttime="20231220 15:18:50.320" endtime="20231220 15:18:50.367"/>
</kw>
<kw name="Sleep" library="BuiltIn">
<arg>2</arg>
<doc>Pauses the test executed for the given time.</doc>
<msg timestamp="20231220 15:18:52.369" level="INFO">Slept 2 seconds</msg>
<status status="PASS" starttime="20231220 15:18:50.368" endtime="20231220 15:18:52.369"/>
</kw>
<status status="PASS" starttime="20231220 15:18:50.216" endtime="20231220 15:18:52.369"/>
</kw>
<status status="PASS" starttime="20231220 15:18:50.215" endtime="20231220 15:18:52.369"/>
</kw>
<tag>Checkout Page</tag>
<status status="PASS" starttime="20231220 15:18:34.848" endtime="20231220 15:18:52.369"/>
</test>
<doc>Suite description</doc>
<status status="FAIL" starttime="20231220 15:10:52.515" endtime="20231220 15:18:52.370"/>
</suite>
<statistics>
<total>
<stat pass="23" fail="3" skip="0">All Tests</stat>
</total>
<tag>
<stat pass="3" fail="0" skip="0">All Products Page</stat>
<stat pass="6" fail="1" skip="0">Checkout Page</stat>
<stat pass="4" fail="0" skip="0">Login Page</stat>
<stat pass="3" fail="0" skip="0">Shopping Cart Page</stat>
<stat pass="1" fail="0" skip="0">TC001</stat>
<stat pass="5" fail="2" skip="0">Vehicle Listing Page</stat>
</tag>
<suite>
<stat pass="23" fail="3" skip="0" id="s1" name="HK EndToEnd Manual Search Vehicle">HK EndToEnd Manual Search Vehicle</stat>
</suite>
</statistics>
<errors>
<msg timestamp="20231220 15:10:52.917" level="ERROR">Error in file 'C:\Users\Danielouie.Estopace\PycharmProjects\pythonProject2\Resource\Keyword\Retail\Account_Orders_Page_Keywords.robot' on line 511: Creating keyword 'User should be able to click orders with $129.0 spent in HK Retail Account Order Details Page' failed: Keyword with same name defined multiple times.</msg>
<msg timestamp="20231220 15:10:53.446" level="ERROR">Error in file 'C:\Users\Danielouie.Estopace\PycharmProjects\pythonProject2\Resource\testdata\Retail\Retail_Variable.robot' on line 403: Setting variable '${Retail_FilterListSubElements}' failed: Variable '${RandomFilterIndex}' not found.</msg>
</errors>
</robot>
