<?xml version="1.0" encoding="UTF-8"?>
<robot generator="Robot 6.1.1 (Python 3.11.4 on win32)" generated="20240208 11:18:14.053" rpa="false" schemaversion="4">
<suite id="s1" name="HK Retail Check Bronze" source="C:\Users\Danielouie.Estopace\PycharmProjects\pythonProject2\Resource\testsuites\Retail\HK_Retail_Check_Bronze.robot">
<test id="s1-t1" name="Test Setup" line="12">
<kw name="Run Keywords" library="BuiltIn">
<arg>Open Chrome Browser</arg>
<doc>Executes all the given keywords in a sequence.</doc>
<kw name="Open Chrome Browser" library="config">
<kw name="Open Browser" library="SeleniumLibrary">
<arg>${s2HKRetail}</arg>
<arg>Chrome</arg>
<arg>executable_path=${driver_path}</arg>
<doc>Opens a new browser instance to the optional ``url``.</doc>
<msg timestamp="20240208 11:18:14.836" level="INFO">Opening browser 'Chrome' to base url 'https://hkretail.coyzchwfjr-inchcaped2-s2-public.model-t.cc.commerce.ondemand.com/hkretail/'.</msg>
<status status="PASS" starttime="20240208 11:18:14.836" endtime="20240208 11:18:18.885"/>
</kw>
<kw name="Maximize Browser Window" library="SeleniumLibrary">
<doc>Maximizes current browser window.</doc>
<status status="PASS" starttime="20240208 11:18:18.888" endtime="20240208 11:18:19.008"/>
</kw>
<status status="PASS" starttime="20240208 11:18:14.836" endtime="20240208 11:18:19.008"/>
</kw>
<status status="PASS" starttime="20240208 11:18:14.836" endtime="20240208 11:18:19.008"/>
</kw>
<status status="PASS" starttime="20240208 11:18:14.836" endtime="20240208 11:18:19.008"/>
</test>
<test id="s1-t2" name="Screen Shot DIR" line="13">
<kw name="Run Keywords" library="BuiltIn">
<arg>Retail Screent Shot DIR</arg>
<doc>Executes all the given keywords in a sequence.</doc>
<kw name="Retail Screent Shot DIR" library="config">
<kw name="Get Current Date" library="DateTime">
<var>${currentdate}</var>
<arg>result_format=%m-%d-%y %H-%M</arg>
<doc>Returns current local or UTC time with an optional increment.</doc>
<msg timestamp="20240208 11:18:19.008" level="INFO">${currentdate} = 02-08-24 11-18</msg>
<status status="PASS" starttime="20240208 11:18:19.008" endtime="20240208 11:18:19.008"/>
</kw>
<kw name="Create Directory" library="OperatingSystem">
<arg>${Retail_screenshot_path}/${currentdate}</arg>
<doc>Creates the specified directory.</doc>
<msg timestamp="20240208 11:18:19.022" level="INFO" html="true">Created directory '&lt;a href="file://C:\Users\Danielouie.Estopace\PycharmProjects\pythonProject2\Resource\testsuites\Retail\Screenshots\02-08-24 11-18"&gt;C:\Users\Danielouie.Estopace\PycharmProjects\pythonProject2\Resource\testsuites\Retail\Screenshots\02-08-24 11-18&lt;/a&gt;'.</msg>
<status status="PASS" starttime="20240208 11:18:19.008" endtime="20240208 11:18:19.022"/>
</kw>
<kw name="Convert To String" library="BuiltIn">
<var>${LogDIR}</var>
<arg>${Retail_screenshot_path}/${currentdate}</arg>
<doc>Converts the given item to a Unicode string.</doc>
<msg timestamp="20240208 11:18:19.023" level="INFO">${LogDIR} = C:\Users\Danielouie.Estopace\PycharmProjects\pythonProject2\Resource\testsuites\Retail\Screenshots/02-08-24 11-18</msg>
<status status="PASS" starttime="20240208 11:18:19.022" endtime="20240208 11:18:19.023"/>
</kw>
<kw name="Set Screenshot Directory" library="SeleniumLibrary">
<arg>${LogDIR}</arg>
<doc>Sets the directory for captured screenshots.</doc>
<status status="PASS" starttime="20240208 11:18:19.023" endtime="20240208 11:18:19.024"/>
</kw>
<kw name="Set Global Variable" library="BuiltIn">
<arg>${LogDIR}</arg>
<doc>Makes a variable available globally in all tests and suites.</doc>
<msg timestamp="20240208 11:18:19.025" level="INFO">${LogDIR} = C:\Users\Danielouie.Estopace\PycharmProjects\pythonProject2\Resource\testsuites\Retail\Screenshots/02-08-24 11-18</msg>
<status status="PASS" starttime="20240208 11:18:19.025" endtime="20240208 11:18:19.025"/>
</kw>
<status status="PASS" starttime="20240208 11:18:19.008" endtime="20240208 11:18:19.025"/>
</kw>
<status status="PASS" starttime="20240208 11:18:19.008" endtime="20240208 11:18:19.025"/>
</kw>
<status status="PASS" starttime="20240208 11:18:19.008" endtime="20240208 11:18:19.026"/>
</test>
<test id="s1-t3" name="TC-001 - Verify Login Page" line="15">
<kw name="Run Keyword And Continue On Failure" library="BuiltIn">
<arg>TC Sleep</arg>
<doc>Runs the keyword and continues execution even if a failure occurs.</doc>
<kw name="TC Sleep" library="config">
<kw name="Sleep" library="BuiltIn">
<arg>10</arg>
<doc>Pauses the test executed for the given time.</doc>
<msg timestamp="20240208 11:18:29.031" level="INFO">Slept 10 seconds</msg>
<status status="PASS" starttime="20240208 11:18:19.030" endtime="20240208 11:18:29.031"/>
</kw>
<status status="PASS" starttime="20240208 11:18:19.029" endtime="20240208 11:18:29.031"/>
</kw>
<status status="PASS" starttime="20240208 11:18:19.029" endtime="20240208 11:18:29.031"/>
</kw>
<kw name="Run Keyword And Continue On Failure" library="BuiltIn">
<arg>User should be able to click Translate to English Button</arg>
<doc>Runs the keyword and continues execution even if a failure occurs.</doc>
<kw name="User should be able to click Translate to English Button" library="Login_Page_Keywords">
<kw name="Wait Until Element Is Visible" library="SeleniumLibrary">
<arg>${Retail_HK_LoginPage_English_Button}</arg>
<arg>10</arg>
<doc>Waits until the element ``locator`` is visible.</doc>
<status status="PASS" starttime="20240208 11:18:29.031" endtime="20240208 11:18:29.042"/>
</kw>
<kw name="Capture Element Screenshot" library="SeleniumLibrary">
<arg>${Retail_HK_LoginPage_English_Button}</arg>
<doc>Captures a screenshot from the element identified by ``locator`` and embeds it into log file.</doc>
<msg timestamp="20240208 11:18:29.146" level="INFO" html="true">&lt;/td&gt;&lt;/tr&gt;&lt;tr&gt;&lt;td colspan="3"&gt;&lt;a href="Screenshots/02-08-24%2011-18/selenium-element-screenshot-1.png"&gt;&lt;img src="Screenshots/02-08-24%2011-18/selenium-element-screenshot-1.png" width="400px"&gt;&lt;/a&gt;</msg>
<status status="PASS" starttime="20240208 11:18:29.042" endtime="20240208 11:18:29.146"/>
</kw>
<kw name="Click Element" library="SeleniumLibrary">
<arg>${Retail_HK_LoginPage_English_Button}</arg>
<doc>Click the element identified by ``locator``.</doc>
<msg timestamp="20240208 11:18:29.146" level="INFO">Clicking element '//dpp-language-toggle//span[contains(text(),'EN')]'.</msg>
<status status="PASS" starttime="20240208 11:18:29.146" endtime="20240208 11:18:29.217"/>
</kw>
<kw name="Sleep" library="BuiltIn">
<arg>2</arg>
<doc>Pauses the test executed for the given time.</doc>
<msg timestamp="20240208 11:18:31.221" level="INFO">Slept 2 seconds</msg>
<status status="PASS" starttime="20240208 11:18:29.217" endtime="20240208 11:18:31.221"/>
</kw>
<status status="PASS" starttime="20240208 11:18:29.031" endtime="20240208 11:18:31.221"/>
</kw>
<status status="PASS" starttime="20240208 11:18:29.031" endtime="20240208 11:18:31.221"/>
</kw>
<kw name="Run Keyword And Continue On Failure" library="BuiltIn">
<arg>Verify Login Page</arg>
<doc>Runs the keyword and continues execution even if a failure occurs.</doc>
<kw name="Verify Login Page" library="Login_Page_Keywords">
<kw name="Sleep" library="BuiltIn">
<arg>10</arg>
<doc>Pauses the test executed for the given time.</doc>
<msg timestamp="20240208 11:18:41.221" level="INFO">Slept 10 seconds</msg>
<status status="PASS" starttime="20240208 11:18:31.221" endtime="20240208 11:18:41.221"/>
</kw>
<kw name="Capture Page Screenshot" library="SeleniumLibrary">
<doc>Takes a screenshot of the current page and embeds it into a log file.</doc>
<msg timestamp="20240208 11:18:41.588" level="INFO" html="true">&lt;/td&gt;&lt;/tr&gt;&lt;tr&gt;&lt;td colspan="3"&gt;&lt;a href="Screenshots/02-08-24%2011-18/selenium-screenshot-1.png"&gt;&lt;img src="Screenshots/02-08-24%2011-18/selenium-screenshot-1.png" width="800px"&gt;&lt;/a&gt;</msg>
<status status="PASS" starttime="20240208 11:18:41.221" endtime="20240208 11:18:41.588"/>
</kw>
<status status="PASS" starttime="20240208 11:18:31.221" endtime="20240208 11:18:41.588"/>
</kw>
<status status="PASS" starttime="20240208 11:18:31.221" endtime="20240208 11:18:41.588"/>
</kw>
<kw name="Run Keyword And Continue On Failure" library="BuiltIn">
<arg>Verify Login Page Elements</arg>
<doc>Runs the keyword and continues execution even if a failure occurs.</doc>
<kw name="Verify Login Page Elements" library="Login_Page_Keywords">
<kw name="Wait Until Element Is Visible" library="SeleniumLibrary">
<arg>${Logo}</arg>
<arg>10</arg>
<doc>Waits until the element ``locator`` is visible.</doc>
<status status="PASS" starttime="20240208 11:18:41.588" endtime="20240208 11:18:41.603"/>
</kw>
<kw name="Wait Until Element Is Visible" library="SeleniumLibrary">
<arg>${Header}</arg>
<arg>10</arg>
<doc>Waits until the element ``locator`` is visible.</doc>
<status status="PASS" starttime="20240208 11:18:41.603" endtime="20240208 11:18:41.618"/>
</kw>
<kw name="Wait Until Element Is Visible" library="SeleniumLibrary">
<arg>${Email}</arg>
<arg>10</arg>
<doc>Waits until the element ``locator`` is visible.</doc>
<status status="PASS" starttime="20240208 11:18:41.618" endtime="20240208 11:18:41.634"/>
</kw>
<kw name="Wait Until Element Is Visible" library="SeleniumLibrary">
<arg>${Pass}</arg>
<arg>10</arg>
<doc>Waits until the element ``locator`` is visible.</doc>
<status status="PASS" starttime="20240208 11:18:41.634" endtime="20240208 11:18:41.650"/>
</kw>
<kw name="Wait Until Element Is Visible" library="SeleniumLibrary">
<arg>${Remember}</arg>
<arg>10</arg>
<doc>Waits until the element ``locator`` is visible.</doc>
<status status="PASS" starttime="20240208 11:18:41.650" endtime="20240208 11:18:41.665"/>
</kw>
<kw name="Wait Until Element Is Visible" library="SeleniumLibrary">
<arg>${Forgot}</arg>
<arg>10</arg>
<doc>Waits until the element ``locator`` is visible.</doc>
<status status="PASS" starttime="20240208 11:18:41.665" endtime="20240208 11:18:41.688"/>
</kw>
<kw name="Wait Until Element Is Visible" library="SeleniumLibrary">
<arg>${LoginButton}</arg>
<arg>10</arg>
<doc>Waits until the element ``locator`` is visible.</doc>
<status status="PASS" starttime="20240208 11:18:41.688" endtime="20240208 11:18:41.697"/>
</kw>
<kw name="Wait Until Element Is Visible" library="SeleniumLibrary">
<arg>${NoAccount}</arg>
<arg>10</arg>
<doc>Waits until the element ``locator`` is visible.</doc>
<status status="PASS" starttime="20240208 11:18:41.697" endtime="20240208 11:18:41.713"/>
</kw>
<kw name="Wait Until Element Is Visible" library="SeleniumLibrary">
<arg>${CreateAccount}</arg>
<arg>10</arg>
<doc>Waits until the element ``locator`` is visible.</doc>
<status status="PASS" starttime="20240208 11:18:41.713" endtime="20240208 11:18:41.728"/>
</kw>
<kw name="Wait Until Element Is Visible" library="SeleniumLibrary">
<arg>${FooterLogo}</arg>
<arg>10</arg>
<doc>Waits until the element ``locator`` is visible.</doc>
<status status="PASS" starttime="20240208 11:18:41.728" endtime="20240208 11:18:41.744"/>
</kw>
<kw name="Wait Until Element Is Visible" library="SeleniumLibrary">
<arg>${PN}</arg>
<arg>10</arg>
<doc>Waits until the element ``locator`` is visible.</doc>
<status status="PASS" starttime="20240208 11:18:41.744" endtime="20240208 11:18:41.760"/>
</kw>
<kw name="Wait Until Element Is Visible" library="SeleniumLibrary">
<arg>${TnC}</arg>
<arg>10</arg>
<doc>Waits until the element ``locator`` is visible.</doc>
<status status="PASS" starttime="20240208 11:18:41.760" endtime="20240208 11:18:41.788"/>
</kw>
<kw name="Wait Until Element Is Visible" library="SeleniumLibrary">
<arg>${CopyRight}</arg>
<arg>10</arg>
<doc>Waits until the element ``locator`` is visible.</doc>
<status status="PASS" starttime="20240208 11:18:41.788" endtime="20240208 11:18:41.791"/>
</kw>
<kw name="Capture Element Screenshot" library="SeleniumLibrary">
<arg>${Logo}</arg>
<doc>Captures a screenshot from the element identified by ``locator`` and embeds it into log file.</doc>
<msg timestamp="20240208 11:18:41.909" level="INFO" html="true">&lt;/td&gt;&lt;/tr&gt;&lt;tr&gt;&lt;td colspan="3"&gt;&lt;a href="Screenshots/02-08-24%2011-18/selenium-element-screenshot-2.png"&gt;&lt;img src="Screenshots/02-08-24%2011-18/selenium-element-screenshot-2.png" width="400px"&gt;&lt;/a&gt;</msg>
<status status="PASS" starttime="20240208 11:18:41.791" endtime="20240208 11:18:41.909"/>
</kw>
<kw name="Capture Element Screenshot" library="SeleniumLibrary">
<arg>${Header}</arg>
<doc>Captures a screenshot from the element identified by ``locator`` and embeds it into log file.</doc>
<msg timestamp="20240208 11:18:41.993" level="INFO" html="true">&lt;/td&gt;&lt;/tr&gt;&lt;tr&gt;&lt;td colspan="3"&gt;&lt;a href="Screenshots/02-08-24%2011-18/selenium-element-screenshot-3.png"&gt;&lt;img src="Screenshots/02-08-24%2011-18/selenium-element-screenshot-3.png" width="400px"&gt;&lt;/a&gt;</msg>
<status status="PASS" starttime="20240208 11:18:41.909" endtime="20240208 11:18:41.993"/>
</kw>
<kw name="Capture Element Screenshot" library="SeleniumLibrary">
<arg>${Email}</arg>
<doc>Captures a screenshot from the element identified by ``locator`` and embeds it into log file.</doc>
<msg timestamp="20240208 11:18:42.074" level="INFO" html="true">&lt;/td&gt;&lt;/tr&gt;&lt;tr&gt;&lt;td colspan="3"&gt;&lt;a href="Screenshots/02-08-24%2011-18/selenium-element-screenshot-4.png"&gt;&lt;img src="Screenshots/02-08-24%2011-18/selenium-element-screenshot-4.png" width="400px"&gt;&lt;/a&gt;</msg>
<status status="PASS" starttime="20240208 11:18:41.993" endtime="20240208 11:18:42.074"/>
</kw>
<kw name="Capture Element Screenshot" library="SeleniumLibrary">
<arg>${Pass}</arg>
<doc>Captures a screenshot from the element identified by ``locator`` and embeds it into log file.</doc>
<msg timestamp="20240208 11:18:42.159" level="INFO" html="true">&lt;/td&gt;&lt;/tr&gt;&lt;tr&gt;&lt;td colspan="3"&gt;&lt;a href="Screenshots/02-08-24%2011-18/selenium-element-screenshot-5.png"&gt;&lt;img src="Screenshots/02-08-24%2011-18/selenium-element-screenshot-5.png" width="400px"&gt;&lt;/a&gt;</msg>
<status status="PASS" starttime="20240208 11:18:42.074" endtime="20240208 11:18:42.159"/>
</kw>
<kw name="Capture Element Screenshot" library="SeleniumLibrary">
<arg>${Remember}</arg>
<doc>Captures a screenshot from the element identified by ``locator`` and embeds it into log file.</doc>
<msg timestamp="20240208 11:18:42.241" level="INFO" html="true">&lt;/td&gt;&lt;/tr&gt;&lt;tr&gt;&lt;td colspan="3"&gt;&lt;a href="Screenshots/02-08-24%2011-18/selenium-element-screenshot-6.png"&gt;&lt;img src="Screenshots/02-08-24%2011-18/selenium-element-screenshot-6.png" width="400px"&gt;&lt;/a&gt;</msg>
<status status="PASS" starttime="20240208 11:18:42.159" endtime="20240208 11:18:42.242"/>
</kw>
<kw name="Capture Element Screenshot" library="SeleniumLibrary">
<arg>${Forgot}</arg>
<doc>Captures a screenshot from the element identified by ``locator`` and embeds it into log file.</doc>
<msg timestamp="20240208 11:18:42.328" level="INFO" html="true">&lt;/td&gt;&lt;/tr&gt;&lt;tr&gt;&lt;td colspan="3"&gt;&lt;a href="Screenshots/02-08-24%2011-18/selenium-element-screenshot-7.png"&gt;&lt;img src="Screenshots/02-08-24%2011-18/selenium-element-screenshot-7.png" width="400px"&gt;&lt;/a&gt;</msg>
<status status="PASS" starttime="20240208 11:18:42.242" endtime="20240208 11:18:42.328"/>
</kw>
<kw name="Capture Element Screenshot" library="SeleniumLibrary">
<arg>${LoginButton}</arg>
<doc>Captures a screenshot from the element identified by ``locator`` and embeds it into log file.</doc>
<msg timestamp="20240208 11:18:42.408" level="INFO" html="true">&lt;/td&gt;&lt;/tr&gt;&lt;tr&gt;&lt;td colspan="3"&gt;&lt;a href="Screenshots/02-08-24%2011-18/selenium-element-screenshot-8.png"&gt;&lt;img src="Screenshots/02-08-24%2011-18/selenium-element-screenshot-8.png" width="400px"&gt;&lt;/a&gt;</msg>
<status status="PASS" starttime="20240208 11:18:42.328" endtime="20240208 11:18:42.408"/>
</kw>
<kw name="Capture Element Screenshot" library="SeleniumLibrary">
<arg>${NoAccount}</arg>
<doc>Captures a screenshot from the element identified by ``locator`` and embeds it into log file.</doc>
<msg timestamp="20240208 11:18:42.492" level="INFO" html="true">&lt;/td&gt;&lt;/tr&gt;&lt;tr&gt;&lt;td colspan="3"&gt;&lt;a href="Screenshots/02-08-24%2011-18/selenium-element-screenshot-9.png"&gt;&lt;img src="Screenshots/02-08-24%2011-18/selenium-element-screenshot-9.png" width="400px"&gt;&lt;/a&gt;</msg>
<status status="PASS" starttime="20240208 11:18:42.409" endtime="20240208 11:18:42.493"/>
</kw>
<kw name="Capture Element Screenshot" library="SeleniumLibrary">
<arg>${CreateAccount}</arg>
<doc>Captures a screenshot from the element identified by ``locator`` and embeds it into log file.</doc>
<msg timestamp="20240208 11:18:42.581" level="INFO" html="true">&lt;/td&gt;&lt;/tr&gt;&lt;tr&gt;&lt;td colspan="3"&gt;&lt;a href="Screenshots/02-08-24%2011-18/selenium-element-screenshot-10.png"&gt;&lt;img src="Screenshots/02-08-24%2011-18/selenium-element-screenshot-10.png" width="400px"&gt;&lt;/a&gt;</msg>
<status status="PASS" starttime="20240208 11:18:42.493" endtime="20240208 11:18:42.581"/>
</kw>
<kw name="Capture Element Screenshot" library="SeleniumLibrary">
<arg>${FooterLogo}</arg>
<doc>Captures a screenshot from the element identified by ``locator`` and embeds it into log file.</doc>
<msg timestamp="20240208 11:18:42.675" level="INFO" html="true">&lt;/td&gt;&lt;/tr&gt;&lt;tr&gt;&lt;td colspan="3"&gt;&lt;a href="Screenshots/02-08-24%2011-18/selenium-element-screenshot-11.png"&gt;&lt;img src="Screenshots/02-08-24%2011-18/selenium-element-screenshot-11.png" width="400px"&gt;&lt;/a&gt;</msg>
<status status="PASS" starttime="20240208 11:18:42.581" endtime="20240208 11:18:42.675"/>
</kw>
<kw name="Capture Element Screenshot" library="SeleniumLibrary">
<arg>${PN}</arg>
<doc>Captures a screenshot from the element identified by ``locator`` and embeds it into log file.</doc>
<msg timestamp="20240208 11:18:42.758" level="INFO" html="true">&lt;/td&gt;&lt;/tr&gt;&lt;tr&gt;&lt;td colspan="3"&gt;&lt;a href="Screenshots/02-08-24%2011-18/selenium-element-screenshot-12.png"&gt;&lt;img src="Screenshots/02-08-24%2011-18/selenium-element-screenshot-12.png" width="400px"&gt;&lt;/a&gt;</msg>
<status status="PASS" starttime="20240208 11:18:42.675" endtime="20240208 11:18:42.758"/>
</kw>
<kw name="Capture Element Screenshot" library="SeleniumLibrary">
<arg>${TnC}</arg>
<doc>Captures a screenshot from the element identified by ``locator`` and embeds it into log file.</doc>
<msg timestamp="20240208 11:18:42.848" level="INFO" html="true">&lt;/td&gt;&lt;/tr&gt;&lt;tr&gt;&lt;td colspan="3"&gt;&lt;a href="Screenshots/02-08-24%2011-18/selenium-element-screenshot-13.png"&gt;&lt;img src="Screenshots/02-08-24%2011-18/selenium-element-screenshot-13.png" width="400px"&gt;&lt;/a&gt;</msg>
<status status="PASS" starttime="20240208 11:18:42.758" endtime="20240208 11:18:42.848"/>
</kw>
<kw name="Capture Element Screenshot" library="SeleniumLibrary">
<arg>${CopyRight}</arg>
<doc>Captures a screenshot from the element identified by ``locator`` and embeds it into log file.</doc>
<msg timestamp="20240208 11:18:42.951" level="INFO" html="true">&lt;/td&gt;&lt;/tr&gt;&lt;tr&gt;&lt;td colspan="3"&gt;&lt;a href="Screenshots/02-08-24%2011-18/selenium-element-screenshot-14.png"&gt;&lt;img src="Screenshots/02-08-24%2011-18/selenium-element-screenshot-14.png" width="400px"&gt;&lt;/a&gt;</msg>
<status status="PASS" starttime="20240208 11:18:42.849" endtime="20240208 11:18:42.951"/>
</kw>
<kw name="Sleep" library="BuiltIn">
<arg>2</arg>
<doc>Pauses the test executed for the given time.</doc>
<msg timestamp="20240208 11:18:44.952" level="INFO">Slept 2 seconds</msg>
<status status="PASS" starttime="20240208 11:18:42.952" endtime="20240208 11:18:44.952"/>
</kw>
<status status="PASS" starttime="20240208 11:18:41.588" endtime="20240208 11:18:44.952"/>
</kw>
<status status="PASS" starttime="20240208 11:18:41.588" endtime="20240208 11:18:44.952"/>
</kw>
<tag>Login Page</tag>
<tag>TC001</tag>
<status status="PASS" starttime="20240208 11:18:19.028" endtime="20240208 11:18:44.952"/>
</test>
<test id="s1-t4" name="TC-014 - Input Valid Username" line="22">
<kw name="Run Keyword And Continue On Failure" library="BuiltIn">
<arg>Input Valid Username</arg>
<doc>Runs the keyword and continues execution even if a failure occurs.</doc>
<kw name="Input Valid Username" library="Login_Page_Keywords">
<kw name="Clear Element Text" library="SeleniumLibrary">
<arg>${Email}</arg>
<doc>Clears the value of the text-input-element identified by ``locator``.</doc>
<status status="PASS" starttime="20240208 11:18:44.952" endtime="20240208 11:18:44.977"/>
</kw>
<kw name="Input Text" library="SeleniumLibrary">
<arg>${Email}</arg>
<arg>${Username}</arg>
<doc>Types the given ``text`` into the text field identified by ``locator``.</doc>
<msg timestamp="20240208 11:18:44.977" level="INFO">Typing text 'hk_automation1retails2_bronze@yopmail.com' into text field '//*[@type='email']'.</msg>
<status status="PASS" starttime="20240208 11:18:44.977" endtime="20240208 11:18:45.107"/>
</kw>
<kw name="Capture Element Screenshot" library="SeleniumLibrary">
<arg>${Email}</arg>
<doc>Captures a screenshot from the element identified by ``locator`` and embeds it into log file.</doc>
<msg timestamp="20240208 11:18:45.192" level="INFO" html="true">&lt;/td&gt;&lt;/tr&gt;&lt;tr&gt;&lt;td colspan="3"&gt;&lt;a href="Screenshots/02-08-24%2011-18/selenium-element-screenshot-15.png"&gt;&lt;img src="Screenshots/02-08-24%2011-18/selenium-element-screenshot-15.png" width="400px"&gt;&lt;/a&gt;</msg>
<status status="PASS" starttime="20240208 11:18:45.107" endtime="20240208 11:18:45.192"/>
</kw>
<kw name="Sleep" library="BuiltIn">
<arg>2</arg>
<doc>Pauses the test executed for the given time.</doc>
<msg timestamp="20240208 11:18:47.192" level="INFO">Slept 2 seconds</msg>
<status status="PASS" starttime="20240208 11:18:45.192" endtime="20240208 11:18:47.192"/>
</kw>
<status status="PASS" starttime="20240208 11:18:44.952" endtime="20240208 11:18:47.192"/>
</kw>
<status status="PASS" starttime="20240208 11:18:44.952" endtime="20240208 11:18:47.192"/>
</kw>
<tag>Login Page</tag>
<status status="PASS" starttime="20240208 11:18:44.952" endtime="20240208 11:18:47.192"/>
</test>
<test id="s1-t5" name="TC-015 - Input Valid Password" line="26">
<kw name="Run Keyword And Continue On Failure" library="BuiltIn">
<arg>Input Valid Password</arg>
<doc>Runs the keyword and continues execution even if a failure occurs.</doc>
<kw name="Input Valid Password" library="Login_Page_Keywords">
<kw name="Clear Element Text" library="SeleniumLibrary">
<arg>${Pass}</arg>
<doc>Clears the value of the text-input-element identified by ``locator``.</doc>
<status status="PASS" starttime="20240208 11:18:47.192" endtime="20240208 11:18:47.217"/>
</kw>
<kw name="Input Text" library="SeleniumLibrary">
<arg>${Pass}</arg>
<arg>${Password}</arg>
<doc>Types the given ``text`` into the text field identified by ``locator``.</doc>
<msg timestamp="20240208 11:18:47.217" level="INFO">Typing text 'HK_Auto@12345!' into text field '//*[@type='password']'.</msg>
<status status="PASS" starttime="20240208 11:18:47.217" endtime="20240208 11:18:47.279"/>
</kw>
<kw name="Capture Element Screenshot" library="SeleniumLibrary">
<arg>${Pass}</arg>
<doc>Captures a screenshot from the element identified by ``locator`` and embeds it into log file.</doc>
<msg timestamp="20240208 11:18:47.391" level="INFO" html="true">&lt;/td&gt;&lt;/tr&gt;&lt;tr&gt;&lt;td colspan="3"&gt;&lt;a href="Screenshots/02-08-24%2011-18/selenium-element-screenshot-16.png"&gt;&lt;img src="Screenshots/02-08-24%2011-18/selenium-element-screenshot-16.png" width="400px"&gt;&lt;/a&gt;</msg>
<status status="PASS" starttime="20240208 11:18:47.279" endtime="20240208 11:18:47.391"/>
</kw>
<kw name="Sleep" library="BuiltIn">
<arg>2</arg>
<doc>Pauses the test executed for the given time.</doc>
<msg timestamp="20240208 11:18:49.392" level="INFO">Slept 2 seconds</msg>
<status status="PASS" starttime="20240208 11:18:47.391" endtime="20240208 11:18:49.392"/>
</kw>
<status status="PASS" starttime="20240208 11:18:47.192" endtime="20240208 11:18:49.392"/>
</kw>
<status status="PASS" starttime="20240208 11:18:47.192" endtime="20240208 11:18:49.392"/>
</kw>
<tag>Login Page</tag>
<status status="PASS" starttime="20240208 11:18:47.192" endtime="20240208 11:18:49.392"/>
</test>
<test id="s1-t6" name="TC-016 - User should be able to click Login Button" line="30">
<kw name="Run Keyword And Continue On Failure" library="BuiltIn">
<arg>User should be able to click Login Button</arg>
<doc>Runs the keyword and continues execution even if a failure occurs.</doc>
<kw name="User should be able to click Login Button" library="Login_Page_Keywords">
<kw name="Capture Element Screenshot" library="SeleniumLibrary">
<arg>${LoginButton}</arg>
<doc>Captures a screenshot from the element identified by ``locator`` and embeds it into log file.</doc>
<msg timestamp="20240208 11:18:49.483" level="INFO" html="true">&lt;/td&gt;&lt;/tr&gt;&lt;tr&gt;&lt;td colspan="3"&gt;&lt;a href="Screenshots/02-08-24%2011-18/selenium-element-screenshot-17.png"&gt;&lt;img src="Screenshots/02-08-24%2011-18/selenium-element-screenshot-17.png" width="400px"&gt;&lt;/a&gt;</msg>
<status status="PASS" starttime="20240208 11:18:49.392" endtime="20240208 11:18:49.483"/>
</kw>
<kw name="Click Element" library="SeleniumLibrary">
<arg>${LoginButton}</arg>
<doc>Click the element identified by ``locator``.</doc>
<msg timestamp="20240208 11:18:49.484" level="INFO">Clicking element '//button[@type='submit']'.</msg>
<status status="PASS" starttime="20240208 11:18:49.483" endtime="20240208 11:18:49.522"/>
</kw>
<kw name="Sleep" library="BuiltIn">
<arg>2</arg>
<doc>Pauses the test executed for the given time.</doc>
<msg timestamp="20240208 11:18:51.522" level="INFO">Slept 2 seconds</msg>
<status status="PASS" starttime="20240208 11:18:49.522" endtime="20240208 11:18:51.522"/>
</kw>
<status status="PASS" starttime="20240208 11:18:49.392" endtime="20240208 11:18:51.522"/>
</kw>
<status status="PASS" starttime="20240208 11:18:49.392" endtime="20240208 11:18:51.522"/>
</kw>
<kw name="Run Keyword And Continue On Failure" library="BuiltIn">
<arg>TC Sleep</arg>
<doc>Runs the keyword and continues execution even if a failure occurs.</doc>
<kw name="TC Sleep" library="config">
<kw name="Sleep" library="BuiltIn">
<arg>10</arg>
<doc>Pauses the test executed for the given time.</doc>
<msg timestamp="20240208 11:19:01.523" level="INFO">Slept 10 seconds</msg>
<status status="PASS" starttime="20240208 11:18:51.522" endtime="20240208 11:19:01.523"/>
</kw>
<status status="PASS" starttime="20240208 11:18:51.522" endtime="20240208 11:19:01.523"/>
</kw>
<status status="PASS" starttime="20240208 11:18:51.522" endtime="20240208 11:19:01.523"/>
</kw>
<tag>Login Page</tag>
<status status="PASS" starttime="20240208 11:18:49.392" endtime="20240208 11:19:01.523"/>
</test>
<test id="s1-t7" name="TC-017 - User should be able to view home page" line="35">
<kw name="Run Keyword And Continue On Failure" library="BuiltIn">
<arg>User should be able to view home page</arg>
<doc>Runs the keyword and continues execution even if a failure occurs.</doc>
<kw name="User should be able to view home page" library="Home_Page_Keywords">
<kw name="Wait Until Element Is Visible" library="SeleniumLibrary">
<arg>${HomePageLogo}</arg>
<arg>10</arg>
<doc>Waits until the element ``locator`` is visible.</doc>
<status status="PASS" starttime="20240208 11:19:01.523" endtime="20240208 11:19:01.535"/>
</kw>
<kw name="Wait Until Element Is Visible" library="SeleniumLibrary">
<arg>${HomePageSelectVehicleContainer}</arg>
<arg>10</arg>
<doc>Waits until the element ``locator`` is visible.</doc>
<status status="PASS" starttime="20240208 11:19:01.535" endtime="20240208 11:19:01.550"/>
</kw>
<kw name="Capture Page Screenshot" library="SeleniumLibrary">
<doc>Takes a screenshot of the current page and embeds it into a log file.</doc>
<msg timestamp="20240208 11:19:01.966" level="INFO" html="true">&lt;/td&gt;&lt;/tr&gt;&lt;tr&gt;&lt;td colspan="3"&gt;&lt;a href="Screenshots/02-08-24%2011-18/selenium-screenshot-2.png"&gt;&lt;img src="Screenshots/02-08-24%2011-18/selenium-screenshot-2.png" width="800px"&gt;&lt;/a&gt;</msg>
<status status="PASS" starttime="20240208 11:19:01.550" endtime="20240208 11:19:01.966"/>
</kw>
<kw name="Scroll Element Into View" library="SeleniumLibrary">
<arg>${Retail_HomePageShopByCategoryHeader}</arg>
<doc>Scrolls the element identified by ``locator`` into view.</doc>
<status status="PASS" starttime="20240208 11:19:01.966" endtime="20240208 11:19:02.259"/>
</kw>
<kw name="Capture Page Screenshot" library="SeleniumLibrary">
<doc>Takes a screenshot of the current page and embeds it into a log file.</doc>
<msg timestamp="20240208 11:19:02.401" level="INFO" html="true">&lt;/td&gt;&lt;/tr&gt;&lt;tr&gt;&lt;td colspan="3"&gt;&lt;a href="Screenshots/02-08-24%2011-18/selenium-screenshot-3.png"&gt;&lt;img src="Screenshots/02-08-24%2011-18/selenium-screenshot-3.png" width="800px"&gt;&lt;/a&gt;</msg>
<status status="PASS" starttime="20240208 11:19:02.259" endtime="20240208 11:19:02.401"/>
</kw>
<kw name="Sleep" library="BuiltIn">
<arg>2</arg>
<doc>Pauses the test executed for the given time.</doc>
<msg timestamp="20240208 11:19:04.402" level="INFO">Slept 2 seconds</msg>
<status status="PASS" starttime="20240208 11:19:02.401" endtime="20240208 11:19:04.402"/>
</kw>
<status status="PASS" starttime="20240208 11:19:01.523" endtime="20240208 11:19:04.402"/>
</kw>
<status status="PASS" starttime="20240208 11:19:01.523" endtime="20240208 11:19:04.402"/>
</kw>
<tag>Home Page</tag>
<status status="PASS" starttime="20240208 11:19:01.523" endtime="20240208 11:19:04.402"/>
</test>
<test id="s1-t8" name="TC-060 - User should be able to view account orders page" line="39">
<kw name="Run Keyword And Continue On Failure" library="BuiltIn">
<arg>User should be able to access account from top navigaton</arg>
<doc>Runs the keyword and continues execution even if a failure occurs.</doc>
<kw name="User should be able to access account from top navigaton" library="Home_Page_Keywords">
<kw name="Wait Until Element Is Visible" library="SeleniumLibrary">
<arg>${HomePageProfileIcon}</arg>
<arg>10</arg>
<doc>Waits until the element ``locator`` is visible.</doc>
<status status="PASS" starttime="20240208 11:19:04.402" endtime="20240208 11:19:04.421"/>
</kw>
<kw name="Mouse Over" library="SeleniumLibrary">
<arg>${HomePageProfileIcon}</arg>
<doc>Simulates hovering the mouse over the element ``locator``.</doc>
<msg timestamp="20240208 11:19:04.421" level="INFO">Simulating Mouse Over on element '//dpp-navigation//cx-icon[@class='cx-icon fas fa-angle-down']'.</msg>
<status status="PASS" starttime="20240208 11:19:04.421" endtime="20240208 11:19:04.690"/>
</kw>
<kw name="Wait Until Element Is Visible" library="SeleniumLibrary">
<arg>${HomePageProfileAccount}</arg>
<arg>10</arg>
<doc>Waits until the element ``locator`` is visible.</doc>
<status status="PASS" starttime="20240208 11:19:04.690" endtime="20240208 11:19:04.705"/>
</kw>
<kw name="Click Element" library="SeleniumLibrary">
<arg>${HomePageProfileAccount}</arg>
<doc>Click the element identified by ``locator``.</doc>
<msg timestamp="20240208 11:19:04.705" level="INFO">Clicking element '(//li//a[@href='/dppretail/my-account/orders']|//dpp-navigation-ui[@class='accNavComponent flyout']//div[@class='wrapper']//a[contains(text(),'My Account') or contains(text(),'我的帳戶')])[1]'.</msg>
<status status="PASS" starttime="20240208 11:19:04.705" endtime="20240208 11:19:04.748"/>
</kw>
<kw name="Sleep" library="BuiltIn">
<arg>2</arg>
<doc>Pauses the test executed for the given time.</doc>
<msg timestamp="20240208 11:19:06.750" level="INFO">Slept 2 seconds</msg>
<status status="PASS" starttime="20240208 11:19:04.748" endtime="20240208 11:19:06.750"/>
</kw>
<kw name="Capture Page Screenshot" library="SeleniumLibrary">
<doc>Takes a screenshot of the current page and embeds it into a log file.</doc>
<msg timestamp="20240208 11:19:06.853" level="INFO" html="true">&lt;/td&gt;&lt;/tr&gt;&lt;tr&gt;&lt;td colspan="3"&gt;&lt;a href="Screenshots/02-08-24%2011-18/selenium-screenshot-4.png"&gt;&lt;img src="Screenshots/02-08-24%2011-18/selenium-screenshot-4.png" width="800px"&gt;&lt;/a&gt;</msg>
<status status="PASS" starttime="20240208 11:19:06.750" endtime="20240208 11:19:06.853"/>
</kw>
<kw name="Mouse Over" library="SeleniumLibrary">
<arg>${HomePageLogo}</arg>
<doc>Simulates hovering the mouse over the element ``locator``.</doc>
<msg timestamp="20240208 11:19:06.853" level="INFO">Simulating Mouse Over on element '//cx-page-slot[@position='SiteLogo']'.</msg>
<status status="PASS" starttime="20240208 11:19:06.853" endtime="20240208 11:19:07.142"/>
</kw>
<kw name="Sleep" library="BuiltIn">
<arg>2</arg>
<doc>Pauses the test executed for the given time.</doc>
<msg timestamp="20240208 11:19:09.143" level="INFO">Slept 2 seconds</msg>
<status status="PASS" starttime="20240208 11:19:07.143" endtime="20240208 11:19:09.143"/>
</kw>
<status status="PASS" starttime="20240208 11:19:04.402" endtime="20240208 11:19:09.143"/>
</kw>
<status status="PASS" starttime="20240208 11:19:04.402" endtime="20240208 11:19:09.143"/>
</kw>
<kw name="Run Keyword And Continue On Failure" library="BuiltIn">
<arg>User should be able to view account orders page</arg>
<doc>Runs the keyword and continues execution even if a failure occurs.</doc>
<kw name="User should be able to view account orders page" library="Account_Orders_Page_Keywords">
<kw name="Wait Until Element Is Visible" library="SeleniumLibrary">
<arg>${Retail_AccountpageOrdersMenu}</arg>
<arg>10</arg>
<doc>Waits until the element ``locator`` is visible.</doc>
<status status="PASS" starttime="20240208 11:19:09.143" endtime="20240208 11:19:09.150"/>
</kw>
<kw name="Click Element" library="SeleniumLibrary">
<arg>${Retail_AccountpageOrdersMenu}</arg>
<doc>Click the element identified by ``locator``.</doc>
<msg timestamp="20240208 11:19:09.150" level="INFO">Clicking element '//ul[@class='vertical-menu tab-level']//*[contains(text(),' Orders ')]|//ul[@class='vertical-menu tab-level']//*[contains(text(),' Order History ')]'.</msg>
<status status="PASS" starttime="20240208 11:19:09.150" endtime="20240208 11:19:09.198"/>
</kw>
<kw name="Wait Until Element Is Visible" library="SeleniumLibrary">
<arg>${Retail_AccountOrderPagePanelContainer}</arg>
<arg>10</arg>
<doc>Waits until the element ``locator`` is visible.</doc>
<status status="PASS" starttime="20240208 11:19:09.199" endtime="20240208 11:19:09.213"/>
</kw>
<kw name="Capture Page Screenshot" library="SeleniumLibrary">
<doc>Takes a screenshot of the current page and embeds it into a log file.</doc>
<msg timestamp="20240208 11:19:09.351" level="INFO" html="true">&lt;/td&gt;&lt;/tr&gt;&lt;tr&gt;&lt;td colspan="3"&gt;&lt;a href="Screenshots/02-08-24%2011-18/selenium-screenshot-5.png"&gt;&lt;img src="Screenshots/02-08-24%2011-18/selenium-screenshot-5.png" width="800px"&gt;&lt;/a&gt;</msg>
<status status="PASS" starttime="20240208 11:19:09.214" endtime="20240208 11:19:09.351"/>
</kw>
<kw name="Wait Until Element Is Visible" library="SeleniumLibrary">
<arg>${Retail_AccountOrderPageTotalOrders}</arg>
<arg>10</arg>
<doc>Waits until the element ``locator`` is visible.</doc>
<status status="PASS" starttime="20240208 11:19:09.351" endtime="20240208 11:19:09.366"/>
</kw>
<kw name="Wait Until Element Is Visible" library="SeleniumLibrary">
<arg>${Retail_AccountOrderPageSortBar}</arg>
<arg>10</arg>
<doc>Waits until the element ``locator`` is visible.</doc>
<status status="PASS" starttime="20240208 11:19:09.366" endtime="20240208 11:19:09.382"/>
</kw>
<kw name="Wait Until Element Is Visible" library="SeleniumLibrary">
<arg>${Retail_AccountOrderPageStatusFilter}</arg>
<arg>10</arg>
<doc>Waits until the element ``locator`` is visible.</doc>
<status status="PASS" starttime="20240208 11:19:09.382" endtime="20240208 11:19:09.382"/>
</kw>
<kw name="Wait Until Element Is Visible" library="SeleniumLibrary">
<arg>${Retail_AccountOrderPageDateFilter}</arg>
<arg>10</arg>
<doc>Waits until the element ``locator`` is visible.</doc>
<status status="PASS" starttime="20240208 11:19:09.382" endtime="20240208 11:19:09.397"/>
</kw>
<kw name="Wait Until Element Is Visible" library="SeleniumLibrary">
<arg>${Retail_AccountOrderPageSearchBox}</arg>
<arg>10</arg>
<doc>Waits until the element ``locator`` is visible.</doc>
<status status="PASS" starttime="20240208 11:19:09.397" endtime="20240208 11:19:09.413"/>
</kw>
<kw name="Wait Until Element Is Visible" library="SeleniumLibrary">
<arg>${Retail_AccountOrderPageSearchButton}</arg>
<arg>10</arg>
<doc>Waits until the element ``locator`` is visible.</doc>
<status status="PASS" starttime="20240208 11:19:09.413" endtime="20240208 11:19:09.436"/>
</kw>
<kw name="Wait Until Element Is Visible" library="SeleniumLibrary">
<arg>${Retail_AccountOrderPageArrangeFilter}</arg>
<arg>10</arg>
<doc>Waits until the element ``locator`` is visible.</doc>
<status status="PASS" starttime="20240208 11:19:09.436" endtime="20240208 11:19:09.445"/>
</kw>
<kw name="Wait Until Element Is Visible" library="SeleniumLibrary">
<arg>${Retail_AccountOrderPageDetailsColumn}</arg>
<arg>10</arg>
<doc>Waits until the element ``locator`` is visible.</doc>
<status status="PASS" starttime="20240208 11:19:09.445" endtime="20240208 11:19:09.460"/>
</kw>
<kw name="Capture Element Screenshot" library="SeleniumLibrary">
<arg>${Retail_AccountOrderPageTotalOrders}</arg>
<doc>Captures a screenshot from the element identified by ``locator`` and embeds it into log file.</doc>
<msg timestamp="20240208 11:19:09.566" level="INFO" html="true">&lt;/td&gt;&lt;/tr&gt;&lt;tr&gt;&lt;td colspan="3"&gt;&lt;a href="Screenshots/02-08-24%2011-18/selenium-element-screenshot-18.png"&gt;&lt;img src="Screenshots/02-08-24%2011-18/selenium-element-screenshot-18.png" width="400px"&gt;&lt;/a&gt;</msg>
<status status="PASS" starttime="20240208 11:19:09.460" endtime="20240208 11:19:09.567"/>
</kw>
<kw name="Capture Element Screenshot" library="SeleniumLibrary">
<arg>${Retail_AccountOrderPageSortBar}</arg>
<doc>Captures a screenshot from the element identified by ``locator`` and embeds it into log file.</doc>
<msg timestamp="20240208 11:19:09.793" level="INFO" html="true">&lt;/td&gt;&lt;/tr&gt;&lt;tr&gt;&lt;td colspan="3"&gt;&lt;a href="Screenshots/02-08-24%2011-18/selenium-element-screenshot-19.png"&gt;&lt;img src="Screenshots/02-08-24%2011-18/selenium-element-screenshot-19.png" width="400px"&gt;&lt;/a&gt;</msg>
<status status="PASS" starttime="20240208 11:19:09.567" endtime="20240208 11:19:09.793"/>
</kw>
<kw name="Capture Element Screenshot" library="SeleniumLibrary">
<arg>${Retail_AccountOrderPageStatusFilter}</arg>
<doc>Captures a screenshot from the element identified by ``locator`` and embeds it into log file.</doc>
<msg timestamp="20240208 11:19:09.878" level="INFO" html="true">&lt;/td&gt;&lt;/tr&gt;&lt;tr&gt;&lt;td colspan="3"&gt;&lt;a href="Screenshots/02-08-24%2011-18/selenium-element-screenshot-20.png"&gt;&lt;img src="Screenshots/02-08-24%2011-18/selenium-element-screenshot-20.png" width="400px"&gt;&lt;/a&gt;</msg>
<status status="PASS" starttime="20240208 11:19:09.793" endtime="20240208 11:19:09.878"/>
</kw>
<kw name="Capture Element Screenshot" library="SeleniumLibrary">
<arg>${Retail_AccountOrderPageDateFilter}</arg>
<doc>Captures a screenshot from the element identified by ``locator`` and embeds it into log file.</doc>
<msg timestamp="20240208 11:19:09.965" level="INFO" html="true">&lt;/td&gt;&lt;/tr&gt;&lt;tr&gt;&lt;td colspan="3"&gt;&lt;a href="Screenshots/02-08-24%2011-18/selenium-element-screenshot-21.png"&gt;&lt;img src="Screenshots/02-08-24%2011-18/selenium-element-screenshot-21.png" width="400px"&gt;&lt;/a&gt;</msg>
<status status="PASS" starttime="20240208 11:19:09.878" endtime="20240208 11:19:09.965"/>
</kw>
<kw name="Capture Element Screenshot" library="SeleniumLibrary">
<arg>${Retail_AccountOrderPageSearchBox}</arg>
<doc>Captures a screenshot from the element identified by ``locator`` and embeds it into log file.</doc>
<msg timestamp="20240208 11:19:10.074" level="INFO" html="true">&lt;/td&gt;&lt;/tr&gt;&lt;tr&gt;&lt;td colspan="3"&gt;&lt;a href="Screenshots/02-08-24%2011-18/selenium-element-screenshot-22.png"&gt;&lt;img src="Screenshots/02-08-24%2011-18/selenium-element-screenshot-22.png" width="400px"&gt;&lt;/a&gt;</msg>
<status status="PASS" starttime="20240208 11:19:09.965" endtime="20240208 11:19:10.074"/>
</kw>
<kw name="Capture Element Screenshot" library="SeleniumLibrary">
<arg>${Retail_AccountOrderPageSearchButton}</arg>
<doc>Captures a screenshot from the element identified by ``locator`` and embeds it into log file.</doc>
<msg timestamp="20240208 11:19:10.163" level="INFO" html="true">&lt;/td&gt;&lt;/tr&gt;&lt;tr&gt;&lt;td colspan="3"&gt;&lt;a href="Screenshots/02-08-24%2011-18/selenium-element-screenshot-23.png"&gt;&lt;img src="Screenshots/02-08-24%2011-18/selenium-element-screenshot-23.png" width="400px"&gt;&lt;/a&gt;</msg>
<status status="PASS" starttime="20240208 11:19:10.074" endtime="20240208 11:19:10.164"/>
</kw>
<kw name="Capture Element Screenshot" library="SeleniumLibrary">
<arg>${Retail_AccountOrderPageArrangeFilter}</arg>
<doc>Captures a screenshot from the element identified by ``locator`` and embeds it into log file.</doc>
<msg timestamp="20240208 11:19:10.256" level="INFO" html="true">&lt;/td&gt;&lt;/tr&gt;&lt;tr&gt;&lt;td colspan="3"&gt;&lt;a href="Screenshots/02-08-24%2011-18/selenium-element-screenshot-24.png"&gt;&lt;img src="Screenshots/02-08-24%2011-18/selenium-element-screenshot-24.png" width="400px"&gt;&lt;/a&gt;</msg>
<status status="PASS" starttime="20240208 11:19:10.164" endtime="20240208 11:19:10.256"/>
</kw>
<kw name="Capture Element Screenshot" library="SeleniumLibrary">
<arg>${Retail_AccountOrderPageDetailsColumn}</arg>
<doc>Captures a screenshot from the element identified by ``locator`` and embeds it into log file.</doc>
<msg timestamp="20240208 11:19:10.344" level="INFO" html="true">&lt;/td&gt;&lt;/tr&gt;&lt;tr&gt;&lt;td colspan="3"&gt;&lt;a href="Screenshots/02-08-24%2011-18/selenium-element-screenshot-25.png"&gt;&lt;img src="Screenshots/02-08-24%2011-18/selenium-element-screenshot-25.png" width="400px"&gt;&lt;/a&gt;</msg>
<status status="PASS" starttime="20240208 11:19:10.256" endtime="20240208 11:19:10.344"/>
</kw>
<kw name="Scroll Element Into View" library="SeleniumLibrary">
<arg>${Retail_AccountOrderPageDetailsPreviousPageButton}</arg>
<doc>Scrolls the element identified by ``locator`` into view.</doc>
<status status="PASS" starttime="20240208 11:19:10.344" endtime="20240208 11:19:10.630"/>
</kw>
<kw name="Capture Element Screenshot" library="SeleniumLibrary">
<arg>${Retail_AccountOrderPageDetailsPreviousPageButton}</arg>
<doc>Captures a screenshot from the element identified by ``locator`` and embeds it into log file.</doc>
<msg timestamp="20240208 11:19:10.710" level="INFO" html="true">&lt;/td&gt;&lt;/tr&gt;&lt;tr&gt;&lt;td colspan="3"&gt;&lt;a href="Screenshots/02-08-24%2011-18/selenium-element-screenshot-26.png"&gt;&lt;img src="Screenshots/02-08-24%2011-18/selenium-element-screenshot-26.png" width="400px"&gt;&lt;/a&gt;</msg>
<status status="PASS" starttime="20240208 11:19:10.630" endtime="20240208 11:19:10.710"/>
</kw>
<kw name="Capture Element Screenshot" library="SeleniumLibrary">
<arg>${Retail_AccountOrderPageDetailsNextPageButton}</arg>
<doc>Captures a screenshot from the element identified by ``locator`` and embeds it into log file.</doc>
<msg timestamp="20240208 11:19:10.775" level="INFO" html="true">&lt;/td&gt;&lt;/tr&gt;&lt;tr&gt;&lt;td colspan="3"&gt;&lt;a href="Screenshots/02-08-24%2011-18/selenium-element-screenshot-27.png"&gt;&lt;img src="Screenshots/02-08-24%2011-18/selenium-element-screenshot-27.png" width="400px"&gt;&lt;/a&gt;</msg>
<status status="PASS" starttime="20240208 11:19:10.710" endtime="20240208 11:19:10.775"/>
</kw>
<kw name="Capture Element Screenshot" library="SeleniumLibrary">
<arg>${Retail_AccountOrderPageDetailsPage1Button}</arg>
<doc>Captures a screenshot from the element identified by ``locator`` and embeds it into log file.</doc>
<msg timestamp="20240208 11:19:10.842" level="INFO" html="true">&lt;/td&gt;&lt;/tr&gt;&lt;tr&gt;&lt;td colspan="3"&gt;&lt;a href="Screenshots/02-08-24%2011-18/selenium-element-screenshot-28.png"&gt;&lt;img src="Screenshots/02-08-24%2011-18/selenium-element-screenshot-28.png" width="400px"&gt;&lt;/a&gt;</msg>
<status status="PASS" starttime="20240208 11:19:10.775" endtime="20240208 11:19:10.842"/>
</kw>
<kw name="Sleep" library="BuiltIn">
<arg>2</arg>
<doc>Pauses the test executed for the given time.</doc>
<msg timestamp="20240208 11:19:12.843" level="INFO">Slept 2 seconds</msg>
<status status="PASS" starttime="20240208 11:19:10.842" endtime="20240208 11:19:12.843"/>
</kw>
<status status="PASS" starttime="20240208 11:19:09.143" endtime="20240208 11:19:12.843"/>
</kw>
<status status="PASS" starttime="20240208 11:19:09.143" endtime="20240208 11:19:12.843"/>
</kw>
<tag>Order Page</tag>
<status status="PASS" starttime="20240208 11:19:04.402" endtime="20240208 11:19:12.843"/>
</test>
<test id="s1-t9" name="TC-066 - User should be able to view and message order with Submitted Status in Retail Account Orders Page" line="44">
<kw name="Run Keyword And Continue On Failure" library="BuiltIn">
<arg>User should be able to view order with Submitted Status in Retail Account Orders Page</arg>
<doc>Runs the keyword and continues execution even if a failure occurs.</doc>
<kw name="User should be able to view order with Submitted Status in Retail Account Orders Page" library="Account_Orders_Page_Keywords">
<for flavor="IN RANGE">
<var>${Nextpage}</var>
<value>1</value>
<value>500</value>
<iter>
<var name="${Nextpage}">1</var>
<kw name="Run Keyword And Return Status" library="BuiltIn">
<var>${SubmittedStatus}</var>
<arg>element should be visible</arg>
<arg>${Retail_AccountOrderPageSubmittedContainer}</arg>
<doc>Runs the given keyword with given arguments and returns the status as a Boolean value.</doc>
<kw name="Element Should Be Visible" library="SeleniumLibrary">
<arg>${Retail_AccountOrderPageSubmittedContainer}</arg>
<doc>Verifies that the element identified by ``locator`` is visible.</doc>
<msg timestamp="20240208 11:19:12.866" level="INFO">Element '(//tr[.//td[@class='cx-order-history-total' and contains(text(),'Submitted')]])[1]|(//tr[.//td[@class='cx-order-history-status' and contains(text(),'Submitted')]])[1]' is displayed.</msg>
<status status="PASS" starttime="20240208 11:19:12.843" endtime="20240208 11:19:12.866"/>
</kw>
<msg timestamp="20240208 11:19:12.866" level="INFO">${SubmittedStatus} = True</msg>
<status status="PASS" starttime="20240208 11:19:12.843" endtime="20240208 11:19:12.866"/>
</kw>
<kw name="Run Keyword If" library="BuiltIn">
<arg>'${SubmittedStatus}' == 'False'</arg>
<arg>User should be able to click next page in Retail Account Orders Page</arg>
<doc>Runs the given keyword with the given arguments, if ``condition`` is true.</doc>
<status status="PASS" starttime="20240208 11:19:12.866" endtime="20240208 11:19:12.866"/>
</kw>
<kw name="Exit For Loop If" library="BuiltIn">
<arg>'${SubmittedStatus}' == 'True'</arg>
<doc>Stops executing the enclosing FOR loop if the ``condition`` is true.</doc>
<msg timestamp="20240208 11:19:12.866" level="INFO">Exiting for loop altogether.</msg>
<status status="PASS" starttime="20240208 11:19:12.866" endtime="20240208 11:19:12.866"/>
</kw>
<status status="PASS" starttime="20240208 11:19:12.843" endtime="20240208 11:19:12.866"/>
</iter>
<status status="PASS" starttime="20240208 11:19:12.843" endtime="20240208 11:19:12.866"/>
</for>
<kw name="Scroll Element Into View" library="SeleniumLibrary">
<arg>${Retail_AccountOrderPageSubmittedContainer}</arg>
<doc>Scrolls the element identified by ``locator`` into view.</doc>
<status status="PASS" starttime="20240208 11:19:12.866" endtime="20240208 11:19:13.142"/>
</kw>
<kw name="Wait Until Element Is Visible" library="SeleniumLibrary">
<arg>${Retail_AccountOrderPageSubmittedContainer}</arg>
<arg>10</arg>
<doc>Waits until the element ``locator`` is visible.</doc>
<status status="PASS" starttime="20240208 11:19:13.142" endtime="20240208 11:19:13.142"/>
</kw>
<kw name="Capture Element Screenshot" library="SeleniumLibrary">
<arg>${Retail_AccountOrderPageSubmittedContainer}</arg>
<doc>Captures a screenshot from the element identified by ``locator`` and embeds it into log file.</doc>
<msg timestamp="20240208 11:19:13.252" level="INFO" html="true">&lt;/td&gt;&lt;/tr&gt;&lt;tr&gt;&lt;td colspan="3"&gt;&lt;a href="Screenshots/02-08-24%2011-18/selenium-element-screenshot-29.png"&gt;&lt;img src="Screenshots/02-08-24%2011-18/selenium-element-screenshot-29.png" width="400px"&gt;&lt;/a&gt;</msg>
<status status="PASS" starttime="20240208 11:19:13.142" endtime="20240208 11:19:13.252"/>
</kw>
<kw name="Sleep" library="BuiltIn">
<arg>2</arg>
<doc>Pauses the test executed for the given time.</doc>
<msg timestamp="20240208 11:19:15.253" level="INFO">Slept 2 seconds</msg>
<status status="PASS" starttime="20240208 11:19:13.253" endtime="20240208 11:19:15.253"/>
</kw>
<status status="PASS" starttime="20240208 11:19:12.843" endtime="20240208 11:19:15.253"/>
</kw>
<status status="PASS" starttime="20240208 11:19:12.843" endtime="20240208 11:19:15.253"/>
</kw>
<kw name="Run Keyword And Continue On Failure" library="BuiltIn">
<arg>User should be able to click order with Submitted Status in Retail Account Orders Page</arg>
<doc>Runs the keyword and continues execution even if a failure occurs.</doc>
<kw name="User should be able to click order with Submitted Status in Retail Account Orders Page" library="Account_Orders_Page_Keywords">
<kw name="Wait Until Element Is Visible" library="SeleniumLibrary">
<arg>${Retail_AccountOrderPageSubmittedPartRef}</arg>
<arg>10</arg>
<doc>Waits until the element ``locator`` is visible.</doc>
<status status="PASS" starttime="20240208 11:19:15.253" endtime="20240208 11:19:15.274"/>
</kw>
<kw name="Click Element" library="SeleniumLibrary">
<arg>${Retail_AccountOrderPageSubmittedPartRef}</arg>
<doc>Click the element identified by ``locator``.</doc>
<msg timestamp="20240208 11:19:15.274" level="INFO">Clicking element '(//tr[.//td[@class='cx-order-history-total' and contains(text(),'Submitted')]]//td[@class='cx-order-history-code'])[1]|(//tr[.//td[@class='cx-order-history-status' and contains(text(),'Submitted')]]//td[@class='cx-order-history-code'])[1]'.</msg>
<status status="PASS" starttime="20240208 11:19:15.274" endtime="20240208 11:19:15.310"/>
</kw>
<kw name="Wait Until Element Is Visible" library="SeleniumLibrary">
<arg>${Retail_AccountOrderDetailsOrderHeader}</arg>
<doc>Waits until the element ``locator`` is visible.</doc>
<status status="PASS" starttime="20240208 11:19:15.310" endtime="20240208 11:19:18.065"/>
</kw>
<kw name="Capture Page Screenshot" library="SeleniumLibrary">
<doc>Takes a screenshot of the current page and embeds it into a log file.</doc>
<msg timestamp="20240208 11:19:18.231" level="INFO" html="true">&lt;/td&gt;&lt;/tr&gt;&lt;tr&gt;&lt;td colspan="3"&gt;&lt;a href="Screenshots/02-08-24%2011-18/selenium-screenshot-6.png"&gt;&lt;img src="Screenshots/02-08-24%2011-18/selenium-screenshot-6.png" width="800px"&gt;&lt;/a&gt;</msg>
<status status="PASS" starttime="20240208 11:19:18.065" endtime="20240208 11:19:18.231"/>
</kw>
<kw name="Sleep" library="BuiltIn">
<arg>2</arg>
<doc>Pauses the test executed for the given time.</doc>
<msg timestamp="20240208 11:19:20.232" level="INFO">Slept 2 seconds</msg>
<status status="PASS" starttime="20240208 11:19:18.231" endtime="20240208 11:19:20.232"/>
</kw>
<status status="PASS" starttime="20240208 11:19:15.253" endtime="20240208 11:19:20.232"/>
</kw>
<status status="PASS" starttime="20240208 11:19:15.253" endtime="20240208 11:19:20.232"/>
</kw>
<kw name="Run Keyword And Continue On Failure" library="BuiltIn">
<arg>User should be able to click Back to Customer Orders in Retail Account Order Details Page</arg>
<doc>Runs the keyword and continues execution even if a failure occurs.</doc>
<kw name="User should be able to click Back to Customer Orders in Retail Account Order Details Page" library="Account_Orders_Page_Keywords">
<kw name="Wait Until Element Is Visible" library="SeleniumLibrary">
<arg>${Retail_AccountOrderDetailsBackButton}</arg>
<arg>10</arg>
<doc>Waits until the element ``locator`` is visible.</doc>
<status status="PASS" starttime="20240208 11:19:20.232" endtime="20240208 11:19:20.235"/>
</kw>
<kw name="Scroll Element Into View" library="SeleniumLibrary">
<arg>${Retail_AccountOrderDetailsBackButton}</arg>
<doc>Scrolls the element identified by ``locator`` into view.</doc>
<status status="PASS" starttime="20240208 11:19:20.235" endtime="20240208 11:19:20.522"/>
</kw>
<kw name="Capture Element Screenshot" library="SeleniumLibrary">
<arg>${Retail_AccountOrderDetailsBackButton}</arg>
<doc>Captures a screenshot from the element identified by ``locator`` and embeds it into log file.</doc>
<msg timestamp="20240208 11:19:20.611" level="INFO" html="true">&lt;/td&gt;&lt;/tr&gt;&lt;tr&gt;&lt;td colspan="3"&gt;&lt;a href="Screenshots/02-08-24%2011-18/selenium-element-screenshot-30.png"&gt;&lt;img src="Screenshots/02-08-24%2011-18/selenium-element-screenshot-30.png" width="400px"&gt;&lt;/a&gt;</msg>
<status status="PASS" starttime="20240208 11:19:20.522" endtime="20240208 11:19:20.611"/>
</kw>
<kw name="Click Element" library="SeleniumLibrary">
<arg>${Retail_AccountOrderDetailsBackButton}</arg>
<doc>Click the element identified by ``locator``.</doc>
<msg timestamp="20240208 11:19:20.612" level="INFO">Clicking element '//span[contains(text(),'Back to Order History')]'.</msg>
<status status="PASS" starttime="20240208 11:19:20.611" endtime="20240208 11:19:20.636"/>
</kw>
<kw name="Sleep" library="BuiltIn">
<arg>2</arg>
<doc>Pauses the test executed for the given time.</doc>
<msg timestamp="20240208 11:19:22.637" level="INFO">Slept 2 seconds</msg>
<status status="PASS" starttime="20240208 11:19:20.636" endtime="20240208 11:19:22.637"/>
</kw>
<status status="PASS" starttime="20240208 11:19:20.232" endtime="20240208 11:19:22.637"/>
</kw>
<status status="PASS" starttime="20240208 11:19:20.232" endtime="20240208 11:19:22.637"/>
</kw>
<tag>Order Page</tag>
<status status="PASS" starttime="20240208 11:19:12.843" endtime="20240208 11:19:22.637"/>
</test>
<test id="s1-t10" name="TC-067 - User should be able to view account return request page" line="50">
<kw name="Run Keyword And Continue On Failure" library="BuiltIn">
<arg>User should be able to access account from top navigaton</arg>
<doc>Runs the keyword and continues execution even if a failure occurs.</doc>
<kw name="User should be able to access account from top navigaton" library="Home_Page_Keywords">
<kw name="Wait Until Element Is Visible" library="SeleniumLibrary">
<arg>${HomePageProfileIcon}</arg>
<arg>10</arg>
<doc>Waits until the element ``locator`` is visible.</doc>
<status status="PASS" starttime="20240208 11:19:22.645" endtime="20240208 11:19:22.660"/>
</kw>
<kw name="Mouse Over" library="SeleniumLibrary">
<arg>${HomePageProfileIcon}</arg>
<doc>Simulates hovering the mouse over the element ``locator``.</doc>
<msg timestamp="20240208 11:19:22.663" level="INFO">Simulating Mouse Over on element '//dpp-navigation//cx-icon[@class='cx-icon fas fa-angle-down']'.</msg>
<status status="PASS" starttime="20240208 11:19:22.663" endtime="20240208 11:19:22.925"/>
</kw>
<kw name="Wait Until Element Is Visible" library="SeleniumLibrary">
<arg>${HomePageProfileAccount}</arg>
<arg>10</arg>
<doc>Waits until the element ``locator`` is visible.</doc>
<status status="PASS" starttime="20240208 11:19:22.925" endtime="20240208 11:19:22.940"/>
</kw>
<kw name="Click Element" library="SeleniumLibrary">
<arg>${HomePageProfileAccount}</arg>
<doc>Click the element identified by ``locator``.</doc>
<msg timestamp="20240208 11:19:22.940" level="INFO">Clicking element '(//li//a[@href='/dppretail/my-account/orders']|//dpp-navigation-ui[@class='accNavComponent flyout']//div[@class='wrapper']//a[contains(text(),'My Account') or contains(text(),'我的帳戶')])[1]'.</msg>
<status status="PASS" starttime="20240208 11:19:22.940" endtime="20240208 11:19:22.973"/>
</kw>
<kw name="Sleep" library="BuiltIn">
<arg>2</arg>
<doc>Pauses the test executed for the given time.</doc>
<msg timestamp="20240208 11:19:24.974" level="INFO">Slept 2 seconds</msg>
<status status="PASS" starttime="20240208 11:19:22.973" endtime="20240208 11:19:24.974"/>
</kw>
<kw name="Capture Page Screenshot" library="SeleniumLibrary">
<doc>Takes a screenshot of the current page and embeds it into a log file.</doc>
<msg timestamp="20240208 11:19:25.115" level="INFO" html="true">&lt;/td&gt;&lt;/tr&gt;&lt;tr&gt;&lt;td colspan="3"&gt;&lt;a href="Screenshots/02-08-24%2011-18/selenium-screenshot-7.png"&gt;&lt;img src="Screenshots/02-08-24%2011-18/selenium-screenshot-7.png" width="800px"&gt;&lt;/a&gt;</msg>
<status status="PASS" starttime="20240208 11:19:24.974" endtime="20240208 11:19:25.115"/>
</kw>
<kw name="Mouse Over" library="SeleniumLibrary">
<arg>${HomePageLogo}</arg>
<doc>Simulates hovering the mouse over the element ``locator``.</doc>
<msg timestamp="20240208 11:19:25.115" level="INFO">Simulating Mouse Over on element '//cx-page-slot[@position='SiteLogo']'.</msg>
<status status="PASS" starttime="20240208 11:19:25.115" endtime="20240208 11:19:25.394"/>
</kw>
<kw name="Sleep" library="BuiltIn">
<arg>2</arg>
<doc>Pauses the test executed for the given time.</doc>
<msg timestamp="20240208 11:19:27.394" level="INFO">Slept 2 seconds</msg>
<status status="PASS" starttime="20240208 11:19:25.394" endtime="20240208 11:19:27.394"/>
</kw>
<status status="PASS" starttime="20240208 11:19:22.645" endtime="20240208 11:19:27.394"/>
</kw>
<status status="PASS" starttime="20240208 11:19:22.637" endtime="20240208 11:19:27.394"/>
</kw>
<kw name="Run Keyword And Continue On Failure" library="BuiltIn">
<arg>User should be able to view account return request page</arg>
<doc>Runs the keyword and continues execution even if a failure occurs.</doc>
<kw name="User should be able to view account return request page" library="Account_Return_Page_Keywords">
<kw name="Wait Until Element Is Visible" library="SeleniumLibrary">
<arg>${Retail_AccountAccountpageReturnMenu}</arg>
<arg>10</arg>
<doc>Waits until the element ``locator`` is visible.</doc>
<status status="PASS" starttime="20240208 11:19:27.394" endtime="20240208 11:19:27.412"/>
</kw>
<kw name="Click Element" library="SeleniumLibrary">
<arg>${Retail_AccountAccountpageReturnMenu}</arg>
<doc>Click the element identified by ``locator``.</doc>
<msg timestamp="20240208 11:19:27.412" level="INFO">Clicking element '//ul[@class='vertical-menu tab-level']//*[contains(text(),' Return ')]'.</msg>
<status status="PASS" starttime="20240208 11:19:27.412" endtime="20240208 11:19:27.475"/>
</kw>
<kw name="Wait Until Element Is Visible" library="SeleniumLibrary">
<arg>${Retail_AccountReturnPagePanelContainer}</arg>
<arg>10</arg>
<doc>Waits until the element ``locator`` is visible.</doc>
<status status="PASS" starttime="20240208 11:19:27.475" endtime="20240208 11:19:27.493"/>
</kw>
<kw name="Capture Page Screenshot" library="SeleniumLibrary">
<doc>Takes a screenshot of the current page and embeds it into a log file.</doc>
<msg timestamp="20240208 11:19:27.635" level="INFO" html="true">&lt;/td&gt;&lt;/tr&gt;&lt;tr&gt;&lt;td colspan="3"&gt;&lt;a href="Screenshots/02-08-24%2011-18/selenium-screenshot-8.png"&gt;&lt;img src="Screenshots/02-08-24%2011-18/selenium-screenshot-8.png" width="800px"&gt;&lt;/a&gt;</msg>
<status status="PASS" starttime="20240208 11:19:27.493" endtime="20240208 11:19:27.635"/>
</kw>
<kw name="Sleep" library="BuiltIn">
<arg>2</arg>
<doc>Pauses the test executed for the given time.</doc>
<msg timestamp="20240208 11:19:29.635" level="INFO">Slept 2 seconds</msg>
<status status="PASS" starttime="20240208 11:19:27.635" endtime="20240208 11:19:29.635"/>
</kw>
<status status="PASS" starttime="20240208 11:19:27.394" endtime="20240208 11:19:29.635"/>
</kw>
<status status="PASS" starttime="20240208 11:19:27.394" endtime="20240208 11:19:29.635"/>
</kw>
<kw name="Run Keyword And Continue On Failure" library="BuiltIn">
<arg>User should be able to view Return Request Panel</arg>
<doc>Runs the keyword and continues execution even if a failure occurs.</doc>
<kw name="User should be able to view Return Request Panel" library="Account_Return_Page_Keywords">
<kw name="Wait Until Element Is Visible" library="SeleniumLibrary">
<arg>${Retail_AccountReturnPagePanelContainer}</arg>
<arg>10</arg>
<doc>Waits until the element ``locator`` is visible.</doc>
<status status="PASS" starttime="20240208 11:19:29.635" endtime="20240208 11:19:29.646"/>
</kw>
<kw name="Capture Element Screenshot" library="SeleniumLibrary">
<arg>${Retail_AccountReturnPagePanelContainer}</arg>
<doc>Captures a screenshot from the element identified by ``locator`` and embeds it into log file.</doc>
<msg timestamp="20240208 11:19:29.760" level="INFO" html="true">&lt;/td&gt;&lt;/tr&gt;&lt;tr&gt;&lt;td colspan="3"&gt;&lt;a href="Screenshots/02-08-24%2011-18/selenium-element-screenshot-31.png"&gt;&lt;img src="Screenshots/02-08-24%2011-18/selenium-element-screenshot-31.png" width="400px"&gt;&lt;/a&gt;</msg>
<status status="PASS" starttime="20240208 11:19:29.646" endtime="20240208 11:19:29.760"/>
</kw>
<kw name="Sleep" library="BuiltIn">
<arg>2</arg>
<doc>Pauses the test executed for the given time.</doc>
<msg timestamp="20240208 11:19:31.761" level="INFO">Slept 2 seconds</msg>
<status status="PASS" starttime="20240208 11:19:29.760" endtime="20240208 11:19:31.761"/>
</kw>
<status status="PASS" starttime="20240208 11:19:29.635" endtime="20240208 11:19:31.761"/>
</kw>
<status status="PASS" starttime="20240208 11:19:29.635" endtime="20240208 11:19:31.761"/>
</kw>
<tag>Return Page</tag>
<status status="PASS" starttime="20240208 11:19:22.637" endtime="20240208 11:19:31.761"/>
</test>
<test id="s1-t11" name="TC-078 - User should be able to view account saved carts page" line="62">
<kw name="Run Keyword And Continue On Failure" library="BuiltIn">
<arg>User should be able to access account from top navigaton</arg>
<doc>Runs the keyword and continues execution even if a failure occurs.</doc>
<kw name="User should be able to access account from top navigaton" library="Home_Page_Keywords">
<kw name="Wait Until Element Is Visible" library="SeleniumLibrary">
<arg>${HomePageProfileIcon}</arg>
<arg>10</arg>
<doc>Waits until the element ``locator`` is visible.</doc>
<status status="PASS" starttime="20240208 11:19:31.761" endtime="20240208 11:19:31.774"/>
</kw>
<kw name="Mouse Over" library="SeleniumLibrary">
<arg>${HomePageProfileIcon}</arg>
<doc>Simulates hovering the mouse over the element ``locator``.</doc>
<msg timestamp="20240208 11:19:31.774" level="INFO">Simulating Mouse Over on element '//dpp-navigation//cx-icon[@class='cx-icon fas fa-angle-down']'.</msg>
<status status="PASS" starttime="20240208 11:19:31.774" endtime="20240208 11:19:32.057"/>
</kw>
<kw name="Wait Until Element Is Visible" library="SeleniumLibrary">
<arg>${HomePageProfileAccount}</arg>
<arg>10</arg>
<doc>Waits until the element ``locator`` is visible.</doc>
<status status="PASS" starttime="20240208 11:19:32.058" endtime="20240208 11:19:32.072"/>
</kw>
<kw name="Click Element" library="SeleniumLibrary">
<arg>${HomePageProfileAccount}</arg>
<doc>Click the element identified by ``locator``.</doc>
<msg timestamp="20240208 11:19:32.073" level="INFO">Clicking element '(//li//a[@href='/dppretail/my-account/orders']|//dpp-navigation-ui[@class='accNavComponent flyout']//div[@class='wrapper']//a[contains(text(),'My Account') or contains(text(),'我的帳戶')])[1]'.</msg>
<status status="PASS" starttime="20240208 11:19:32.072" endtime="20240208 11:19:32.110"/>
</kw>
<kw name="Sleep" library="BuiltIn">
<arg>2</arg>
<doc>Pauses the test executed for the given time.</doc>
<msg timestamp="20240208 11:19:34.110" level="INFO">Slept 2 seconds</msg>
<status status="PASS" starttime="20240208 11:19:32.110" endtime="20240208 11:19:34.110"/>
</kw>
<kw name="Capture Page Screenshot" library="SeleniumLibrary">
<doc>Takes a screenshot of the current page and embeds it into a log file.</doc>
<msg timestamp="20240208 11:19:34.233" level="INFO" html="true">&lt;/td&gt;&lt;/tr&gt;&lt;tr&gt;&lt;td colspan="3"&gt;&lt;a href="Screenshots/02-08-24%2011-18/selenium-screenshot-9.png"&gt;&lt;img src="Screenshots/02-08-24%2011-18/selenium-screenshot-9.png" width="800px"&gt;&lt;/a&gt;</msg>
<status status="PASS" starttime="20240208 11:19:34.110" endtime="20240208 11:19:34.233"/>
</kw>
<kw name="Mouse Over" library="SeleniumLibrary">
<arg>${HomePageLogo}</arg>
<doc>Simulates hovering the mouse over the element ``locator``.</doc>
<msg timestamp="20240208 11:19:34.233" level="INFO">Simulating Mouse Over on element '//cx-page-slot[@position='SiteLogo']'.</msg>
<status status="PASS" starttime="20240208 11:19:34.233" endtime="20240208 11:19:34.508"/>
</kw>
<kw name="Sleep" library="BuiltIn">
<arg>2</arg>
<doc>Pauses the test executed for the given time.</doc>
<msg timestamp="20240208 11:19:36.509" level="INFO">Slept 2 seconds</msg>
<status status="PASS" starttime="20240208 11:19:34.508" endtime="20240208 11:19:36.509"/>
</kw>
<status status="PASS" starttime="20240208 11:19:31.761" endtime="20240208 11:19:36.509"/>
</kw>
<status status="PASS" starttime="20240208 11:19:31.761" endtime="20240208 11:19:36.509"/>
</kw>
<kw name="Run Keyword And Continue On Failure" library="BuiltIn">
<arg>User should be able to view account saved carts page</arg>
<doc>Runs the keyword and continues execution even if a failure occurs.</doc>
<kw name="User should be able to view account saved carts page" library="Account_Saved_Carts_Page_Keywords">
<kw name="Wait Until Element Is Visible" library="SeleniumLibrary">
<arg>${Retail_AccountpageSavedCartsMenu}</arg>
<arg>10</arg>
<doc>Waits until the element ``locator`` is visible.</doc>
<status status="PASS" starttime="20240208 11:19:36.509" endtime="20240208 11:19:36.527"/>
</kw>
<kw name="Click Element" library="SeleniumLibrary">
<arg>${Retail_AccountpageSavedCartsMenu}</arg>
<doc>Click the element identified by ``locator``.</doc>
<msg timestamp="20240208 11:19:36.527" level="INFO">Clicking element '//div[@class='ml-3']//a[contains(text(),'Saved Carts')]'.</msg>
<status status="PASS" starttime="20240208 11:19:36.527" endtime="20240208 11:19:36.573"/>
</kw>
<kw name="Wait Until Element Is Visible" library="SeleniumLibrary">
<arg>${Retail_AccountSavedCartsPagePanelContainer}</arg>
<arg>10</arg>
<doc>Waits until the element ``locator`` is visible.</doc>
<status status="PASS" starttime="20240208 11:19:36.573" endtime="20240208 11:19:37.877"/>
</kw>
<kw name="Capture Page Screenshot" library="SeleniumLibrary">
<doc>Takes a screenshot of the current page and embeds it into a log file.</doc>
<msg timestamp="20240208 11:19:38.019" level="INFO" html="true">&lt;/td&gt;&lt;/tr&gt;&lt;tr&gt;&lt;td colspan="3"&gt;&lt;a href="Screenshots/02-08-24%2011-18/selenium-screenshot-10.png"&gt;&lt;img src="Screenshots/02-08-24%2011-18/selenium-screenshot-10.png" width="800px"&gt;&lt;/a&gt;</msg>
<status status="PASS" starttime="20240208 11:19:37.877" endtime="20240208 11:19:38.019"/>
</kw>
<kw name="Sleep" library="BuiltIn">
<arg>2</arg>
<doc>Pauses the test executed for the given time.</doc>
<msg timestamp="20240208 11:19:40.019" level="INFO">Slept 2 seconds</msg>
<status status="PASS" starttime="20240208 11:19:38.019" endtime="20240208 11:19:40.019"/>
</kw>
<status status="PASS" starttime="20240208 11:19:36.509" endtime="20240208 11:19:40.019"/>
</kw>
<status status="PASS" starttime="20240208 11:19:36.509" endtime="20240208 11:19:40.019"/>
</kw>
<kw name="Run Keyword And Continue On Failure" library="BuiltIn">
<arg>User should be able to view Saved Carts Panel</arg>
<doc>Runs the keyword and continues execution even if a failure occurs.</doc>
<kw name="User should be able to view Saved Carts Panel" library="Account_Saved_Carts_Page_Keywords">
<kw name="Wait Until Element Is Visible" library="SeleniumLibrary">
<arg>${Retail_AccountSavedCartsPagePanelContainer}</arg>
<arg>10</arg>
<doc>Waits until the element ``locator`` is visible.</doc>
<status status="PASS" starttime="20240208 11:19:40.019" endtime="20240208 11:19:40.033"/>
</kw>
<kw name="Capture Element Screenshot" library="SeleniumLibrary">
<arg>${Retail_AccountSavedCartsPagePanelContainer}</arg>
<doc>Captures a screenshot from the element identified by ``locator`` and embeds it into log file.</doc>
<msg timestamp="20240208 11:19:40.175" level="INFO" html="true">&lt;/td&gt;&lt;/tr&gt;&lt;tr&gt;&lt;td colspan="3"&gt;&lt;a href="Screenshots/02-08-24%2011-18/selenium-element-screenshot-32.png"&gt;&lt;img src="Screenshots/02-08-24%2011-18/selenium-element-screenshot-32.png" width="400px"&gt;&lt;/a&gt;</msg>
<status status="PASS" starttime="20240208 11:19:40.033" endtime="20240208 11:19:40.175"/>
</kw>
<kw name="Sleep" library="BuiltIn">
<arg>5</arg>
<doc>Pauses the test executed for the given time.</doc>
<msg timestamp="20240208 11:19:45.175" level="INFO">Slept 5 seconds</msg>
<status status="PASS" starttime="20240208 11:19:40.175" endtime="20240208 11:19:45.175"/>
</kw>
<status status="PASS" starttime="20240208 11:19:40.019" endtime="20240208 11:19:45.175"/>
</kw>
<status status="PASS" starttime="20240208 11:19:40.019" endtime="20240208 11:19:45.175"/>
</kw>
<tag>Saved Carts Page</tag>
<status status="PASS" starttime="20240208 11:19:31.761" endtime="20240208 11:19:45.175"/>
</test>
<test id="s1-t12" name="TC-083 - User should be able to view account vehicle listing page" line="68">
<kw name="Run Keyword And Continue On Failure" library="BuiltIn">
<arg>User should be able to access account from top navigaton</arg>
<doc>Runs the keyword and continues execution even if a failure occurs.</doc>
<kw name="User should be able to access account from top navigaton" library="Home_Page_Keywords">
<kw name="Wait Until Element Is Visible" library="SeleniumLibrary">
<arg>${HomePageProfileIcon}</arg>
<arg>10</arg>
<doc>Waits until the element ``locator`` is visible.</doc>
<status status="PASS" starttime="20240208 11:19:45.178" endtime="20240208 11:19:45.186"/>
</kw>
<kw name="Mouse Over" library="SeleniumLibrary">
<arg>${HomePageProfileIcon}</arg>
<doc>Simulates hovering the mouse over the element ``locator``.</doc>
<msg timestamp="20240208 11:19:45.186" level="INFO">Simulating Mouse Over on element '//dpp-navigation//cx-icon[@class='cx-icon fas fa-angle-down']'.</msg>
<status status="PASS" starttime="20240208 11:19:45.186" endtime="20240208 11:19:45.458"/>
</kw>
<kw name="Wait Until Element Is Visible" library="SeleniumLibrary">
<arg>${HomePageProfileAccount}</arg>
<arg>10</arg>
<doc>Waits until the element ``locator`` is visible.</doc>
<status status="PASS" starttime="20240208 11:19:45.458" endtime="20240208 11:19:45.472"/>
</kw>
<kw name="Click Element" library="SeleniumLibrary">
<arg>${HomePageProfileAccount}</arg>
<doc>Click the element identified by ``locator``.</doc>
<msg timestamp="20240208 11:19:45.473" level="INFO">Clicking element '(//li//a[@href='/dppretail/my-account/orders']|//dpp-navigation-ui[@class='accNavComponent flyout']//div[@class='wrapper']//a[contains(text(),'My Account') or contains(text(),'我的帳戶')])[1]'.</msg>
<status status="PASS" starttime="20240208 11:19:45.472" endtime="20240208 11:19:45.504"/>
</kw>
<kw name="Sleep" library="BuiltIn">
<arg>2</arg>
<doc>Pauses the test executed for the given time.</doc>
<msg timestamp="20240208 11:19:47.504" level="INFO">Slept 2 seconds</msg>
<status status="PASS" starttime="20240208 11:19:45.504" endtime="20240208 11:19:47.504"/>
</kw>
<kw name="Capture Page Screenshot" library="SeleniumLibrary">
<doc>Takes a screenshot of the current page and embeds it into a log file.</doc>
<msg timestamp="20240208 11:19:47.616" level="INFO" html="true">&lt;/td&gt;&lt;/tr&gt;&lt;tr&gt;&lt;td colspan="3"&gt;&lt;a href="Screenshots/02-08-24%2011-18/selenium-screenshot-11.png"&gt;&lt;img src="Screenshots/02-08-24%2011-18/selenium-screenshot-11.png" width="800px"&gt;&lt;/a&gt;</msg>
<status status="PASS" starttime="20240208 11:19:47.504" endtime="20240208 11:19:47.616"/>
</kw>
<kw name="Mouse Over" library="SeleniumLibrary">
<arg>${HomePageLogo}</arg>
<doc>Simulates hovering the mouse over the element ``locator``.</doc>
<msg timestamp="20240208 11:19:47.616" level="INFO">Simulating Mouse Over on element '//cx-page-slot[@position='SiteLogo']'.</msg>
<status status="PASS" starttime="20240208 11:19:47.616" endtime="20240208 11:19:47.902"/>
</kw>
<kw name="Sleep" library="BuiltIn">
<arg>2</arg>
<doc>Pauses the test executed for the given time.</doc>
<msg timestamp="20240208 11:19:49.903" level="INFO">Slept 2 seconds</msg>
<status status="PASS" starttime="20240208 11:19:47.902" endtime="20240208 11:19:49.903"/>
</kw>
<status status="PASS" starttime="20240208 11:19:45.175" endtime="20240208 11:19:49.903"/>
</kw>
<status status="PASS" starttime="20240208 11:19:45.175" endtime="20240208 11:19:49.903"/>
</kw>
<kw name="Run Keyword And Continue On Failure" library="BuiltIn">
<arg>User should be able to view account vehicle listing page</arg>
<doc>Runs the keyword and continues execution even if a failure occurs.</doc>
<kw name="User should be able to view account vehicle listing page" library="Account_Vehicle_Listing_Page_Keywords">
<kw name="Wait Until Element Is Visible" library="SeleniumLibrary">
<arg>${Retail_AccountpageVehicleListingMenu}</arg>
<arg>10</arg>
<doc>Waits until the element ``locator`` is visible.</doc>
<status status="PASS" starttime="20240208 11:19:49.903" endtime="20240208 11:19:49.917"/>
</kw>
<kw name="Click Element" library="SeleniumLibrary">
<arg>${Retail_AccountpageVehicleListingMenu}</arg>
<doc>Click the element identified by ``locator``.</doc>
<msg timestamp="20240208 11:19:49.917" level="INFO">Clicking element '//div[@class='ml-3']//a[contains(text(),'Vehicle Listing')]'.</msg>
<status status="PASS" starttime="20240208 11:19:49.917" endtime="20240208 11:19:49.970"/>
</kw>
<kw name="Sleep" library="BuiltIn">
<arg>5</arg>
<doc>Pauses the test executed for the given time.</doc>
<msg timestamp="20240208 11:19:54.970" level="INFO">Slept 5 seconds</msg>
<status status="PASS" starttime="20240208 11:19:49.970" endtime="20240208 11:19:54.970"/>
</kw>
<kw name="Capture Page Screenshot" library="SeleniumLibrary">
<doc>Takes a screenshot of the current page and embeds it into a log file.</doc>
<msg timestamp="20240208 11:19:55.082" level="INFO" html="true">&lt;/td&gt;&lt;/tr&gt;&lt;tr&gt;&lt;td colspan="3"&gt;&lt;a href="Screenshots/02-08-24%2011-18/selenium-screenshot-12.png"&gt;&lt;img src="Screenshots/02-08-24%2011-18/selenium-screenshot-12.png" width="800px"&gt;&lt;/a&gt;</msg>
<status status="PASS" starttime="20240208 11:19:54.970" endtime="20240208 11:19:55.082"/>
</kw>
<kw name="Sleep" library="BuiltIn">
<arg>2</arg>
<doc>Pauses the test executed for the given time.</doc>
<msg timestamp="20240208 11:19:57.083" level="INFO">Slept 2 seconds</msg>
<status status="PASS" starttime="20240208 11:19:55.082" endtime="20240208 11:19:57.083"/>
</kw>
<status status="PASS" starttime="20240208 11:19:49.903" endtime="20240208 11:19:57.083"/>
</kw>
<status status="PASS" starttime="20240208 11:19:49.903" endtime="20240208 11:19:57.083"/>
</kw>
<kw name="Run Keyword And Continue On Failure" library="BuiltIn">
<arg>User should be able to view HK vehicle listing Panel</arg>
<doc>Runs the keyword and continues execution even if a failure occurs.</doc>
<kw name="User should be able to view HK vehicle listing Panel" library="Account_Vehicle_Listing_Page_Keywords">
<kw name="Wait Until Element Is Visible" library="SeleniumLibrary">
<arg>${Retail_HK_AccountVehicleListingPage_Container}</arg>
<arg>10</arg>
<doc>Waits until the element ``locator`` is visible.</doc>
<status status="PASS" starttime="20240208 11:19:57.083" endtime="20240208 11:19:57.113"/>
</kw>
<kw name="Capture Element Screenshot" library="SeleniumLibrary">
<arg>${Retail_HK_AccountVehicleListingPage_Container}</arg>
<doc>Captures a screenshot from the element identified by ``locator`` and embeds it into log file.</doc>
<msg timestamp="20240208 11:19:57.232" level="INFO" html="true">&lt;/td&gt;&lt;/tr&gt;&lt;tr&gt;&lt;td colspan="3"&gt;&lt;a href="Screenshots/02-08-24%2011-18/selenium-element-screenshot-33.png"&gt;&lt;img src="Screenshots/02-08-24%2011-18/selenium-element-screenshot-33.png" width="400px"&gt;&lt;/a&gt;</msg>
<status status="PASS" starttime="20240208 11:19:57.113" endtime="20240208 11:19:57.232"/>
</kw>
<kw name="Sleep" library="BuiltIn">
<arg>2</arg>
<doc>Pauses the test executed for the given time.</doc>
<msg timestamp="20240208 11:19:59.233" level="INFO">Slept 2 seconds</msg>
<status status="PASS" starttime="20240208 11:19:57.233" endtime="20240208 11:19:59.233"/>
</kw>
<status status="PASS" starttime="20240208 11:19:57.083" endtime="20240208 11:19:59.233"/>
</kw>
<status status="PASS" starttime="20240208 11:19:57.083" endtime="20240208 11:19:59.233"/>
</kw>
<tag>Vehicle Listing Page</tag>
<status status="PASS" starttime="20240208 11:19:45.175" endtime="20240208 11:19:59.233"/>
</test>
<test id="s1-t13" name="TC-084 - User should be able to view message page" line="74">
<kw name="Run Keyword And Continue On Failure" library="BuiltIn">
<arg>User should be able to access account from top navigaton</arg>
<doc>Runs the keyword and continues execution even if a failure occurs.</doc>
<kw name="User should be able to access account from top navigaton" library="Home_Page_Keywords">
<kw name="Wait Until Element Is Visible" library="SeleniumLibrary">
<arg>${HomePageProfileIcon}</arg>
<arg>10</arg>
<doc>Waits until the element ``locator`` is visible.</doc>
<status status="PASS" starttime="20240208 11:19:59.235" endtime="20240208 11:19:59.235"/>
</kw>
<kw name="Mouse Over" library="SeleniumLibrary">
<arg>${HomePageProfileIcon}</arg>
<doc>Simulates hovering the mouse over the element ``locator``.</doc>
<msg timestamp="20240208 11:19:59.235" level="INFO">Simulating Mouse Over on element '//dpp-navigation//cx-icon[@class='cx-icon fas fa-angle-down']'.</msg>
<status status="PASS" starttime="20240208 11:19:59.235" endtime="20240208 11:19:59.522"/>
</kw>
<kw name="Wait Until Element Is Visible" library="SeleniumLibrary">
<arg>${HomePageProfileAccount}</arg>
<arg>10</arg>
<doc>Waits until the element ``locator`` is visible.</doc>
<status status="PASS" starttime="20240208 11:19:59.522" endtime="20240208 11:19:59.541"/>
</kw>
<kw name="Click Element" library="SeleniumLibrary">
<arg>${HomePageProfileAccount}</arg>
<doc>Click the element identified by ``locator``.</doc>
<msg timestamp="20240208 11:19:59.542" level="INFO">Clicking element '(//li//a[@href='/dppretail/my-account/orders']|//dpp-navigation-ui[@class='accNavComponent flyout']//div[@class='wrapper']//a[contains(text(),'My Account') or contains(text(),'我的帳戶')])[1]'.</msg>
<status status="PASS" starttime="20240208 11:19:59.541" endtime="20240208 11:19:59.583"/>
</kw>
<kw name="Sleep" library="BuiltIn">
<arg>2</arg>
<doc>Pauses the test executed for the given time.</doc>
<msg timestamp="20240208 11:20:01.583" level="INFO">Slept 2 seconds</msg>
<status status="PASS" starttime="20240208 11:19:59.583" endtime="20240208 11:20:01.583"/>
</kw>
<kw name="Capture Page Screenshot" library="SeleniumLibrary">
<doc>Takes a screenshot of the current page and embeds it into a log file.</doc>
[...]
<status status="PASS" starttime="20240208 11:27:23.522" endtime="20240208 11:27:23.606"/>
</kw>
<kw name="Capture Element Screenshot" library="SeleniumLibrary">
<arg>${Retail_HK_HomePage_SearchVIN_TextBox}</arg>
<doc>Captures a screenshot from the element identified by ``locator`` and embeds it into log file.</doc>
<msg timestamp="20240208 11:27:23.721" level="INFO" html="true">&lt;/td&gt;&lt;/tr&gt;&lt;tr&gt;&lt;td colspan="3"&gt;&lt;a href="Screenshots/02-08-24%2011-18/selenium-element-screenshot-191.png"&gt;&lt;img src="Screenshots/02-08-24%2011-18/selenium-element-screenshot-191.png" width="400px"&gt;&lt;/a&gt;</msg>
<status status="PASS" starttime="20240208 11:27:23.607" endtime="20240208 11:27:23.722"/>
</kw>
<kw name="Sleep" library="BuiltIn">
<arg>2</arg>
<doc>Pauses the test executed for the given time.</doc>
<msg timestamp="20240208 11:27:25.723" level="INFO">Slept 2 seconds</msg>
<status status="PASS" starttime="20240208 11:27:23.722" endtime="20240208 11:27:25.723"/>
</kw>
<status status="PASS" starttime="20240208 11:27:23.477" endtime="20240208 11:27:25.723"/>
</kw>
<status status="PASS" starttime="20240208 11:27:23.477" endtime="20240208 11:27:25.723"/>
</kw>
<kw name="Run Keyword And Continue On Failure" library="BuiltIn">
<arg>User should be albe to Click Search VIN in HK Retail Home Page</arg>
<doc>Runs the keyword and continues execution even if a failure occurs.</doc>
<kw name="User should be albe to Click Search VIN in HK Retail Home Page" library="Home_Page_Keywords">
<kw name="Wait Until Element Is Visible" library="SeleniumLibrary">
<arg>${Retail_HK_HomePage_SearchVIN_Button}</arg>
<arg>10</arg>
<doc>Waits until the element ``locator`` is visible.</doc>
<status status="PASS" starttime="20240208 11:27:25.723" endtime="20240208 11:27:25.739"/>
</kw>
<kw name="Capture Element Screenshot" library="SeleniumLibrary">
<arg>${Retail_HK_HomePage_SearchVIN_Button}</arg>
<doc>Captures a screenshot from the element identified by ``locator`` and embeds it into log file.</doc>
<msg timestamp="20240208 11:27:25.854" level="INFO" html="true">&lt;/td&gt;&lt;/tr&gt;&lt;tr&gt;&lt;td colspan="3"&gt;&lt;a href="Screenshots/02-08-24%2011-18/selenium-element-screenshot-192.png"&gt;&lt;img src="Screenshots/02-08-24%2011-18/selenium-element-screenshot-192.png" width="400px"&gt;&lt;/a&gt;</msg>
<status status="PASS" starttime="20240208 11:27:25.739" endtime="20240208 11:27:25.854"/>
</kw>
<kw name="Click Element" library="SeleniumLibrary">
<arg>${Retail_HK_HomePage_SearchVIN_Button}</arg>
<doc>Click the element identified by ``locator``.</doc>
<msg timestamp="20240208 11:27:25.855" level="INFO">Clicking element '//dpp-hk-search-by-vin//div[@class='main-box main-box--padding']//button'.</msg>
<msg timestamp="20240208 11:27:27.158" level="INFO" html="true">&lt;/td&gt;&lt;/tr&gt;&lt;tr&gt;&lt;td colspan="3"&gt;&lt;a href="Screenshots/02-08-24%2011-18/selenium-screenshot-45.png"&gt;&lt;img src="Screenshots/02-08-24%2011-18/selenium-screenshot-45.png" width="800px"&gt;&lt;/a&gt;</msg>
<msg timestamp="20240208 11:27:27.158" level="FAIL">ElementClickInterceptedException: Message: element click intercepted: Element &lt;button type="button" class="btn btn-secondary"&gt;...&lt;/button&gt; is not clickable at point (936, 361). Other element would receive the click: &lt;div class="vehicle-detail-body"&gt;...&lt;/div&gt;
  (Session info: chrome=121.0.6167.141)
Stacktrace:
	GetHandleVerifier [0x00007FF7FD435E42+3538674]
	(No symbol) [0x00007FF7FD054C02]
	(No symbol) [0x00007FF7FCF05AEB]
	(No symbol) [0x00007FF7FCF533E4]
	(No symbol) [0x00007FF7FCF51122]
	(No symbol) [0x00007FF7FCF4E884]
	(No symbol) [0x00007FF7FCF4D5A9]
	(No symbol) [0x00007FF7FCF41950]
	(No symbol) [0x00007FF7FCF6F0AA]
	(No symbol) [0x00007FF7FCF4124A]
	(No symbol) [0x00007FF7FCF6F2C0]
	(No symbol) [0x00007FF7FCF8BDE3]
	(No symbol) [0x00007FF7FCF6EE53]
	(No symbol) [0x00007FF7FCF3F514]
	(No symbol) [0x00007FF7FCF40631]
	GetHandleVerifier [0x00007FF7FD466CAD+3738973]
	GetHandleVerifier [0x00007FF7FD4BC506+4089270]
	GetHandleVerifier [0x00007FF7FD4B4823+4057299]
	GetHandleVerifier [0x00007FF7FD185C49+720121]
	(No symbol) [0x00007FF7FD06126F]
	(No symbol) [0x00007FF7FD05C304]
	(No symbol) [0x00007FF7FD05C432]
	(No symbol) [0x00007FF7FD04BD04]
	(No symbol) [0x00007FFAD861257D]
	RtlUserThreadStart [0x00007FFADA10AA58+40]
</msg>
<status status="FAIL" starttime="20240208 11:27:25.855" endtime="20240208 11:27:27.158"/>
</kw>
<kw name="Sleep" library="BuiltIn">
<arg>10</arg>
<doc>Pauses the test executed for the given time.</doc>
<status status="NOT RUN" starttime="20240208 11:27:27.158" endtime="20240208 11:27:27.158"/>
</kw>
<status status="FAIL" starttime="20240208 11:27:25.723" endtime="20240208 11:27:27.158"/>
</kw>
<status status="FAIL" starttime="20240208 11:27:25.723" endtime="20240208 11:27:27.158"/>
</kw>
<kw name="Run Keyword And Continue On Failure" library="BuiltIn">
<arg>User should be able to click shop this vehicle in Pop up Vehicle Search in HK Retail Home Page</arg>
<doc>Runs the keyword and continues execution even if a failure occurs.</doc>
<kw name="User should be able to click shop this vehicle in Pop up Vehicle Search in HK Retail Home Page" library="Home_Page_Keywords">
<kw name="Wait Until Element Is Visible" library="SeleniumLibrary">
<arg>${Retail_HK_HomePage_SearchVIN_PopUp_Container}</arg>
<arg>10</arg>
<doc>Waits until the element ``locator`` is visible.</doc>
<status status="PASS" starttime="20240208 11:27:27.158" endtime="20240208 11:27:27.173"/>
</kw>
<kw name="Wait Until Element Is Visible" library="SeleniumLibrary">
<arg>${Retail_HK_HomePage_SearchVIN_PopUp_ShopVehicle_Button}</arg>
<arg>10</arg>
<doc>Waits until the element ``locator`` is visible.</doc>
<msg timestamp="20240208 11:27:37.377" level="INFO" html="true">&lt;/td&gt;&lt;/tr&gt;&lt;tr&gt;&lt;td colspan="3"&gt;&lt;a href="Screenshots/02-08-24%2011-18/selenium-screenshot-46.png"&gt;&lt;img src="Screenshots/02-08-24%2011-18/selenium-screenshot-46.png" width="800px"&gt;&lt;/a&gt;</msg>
<msg timestamp="20240208 11:27:37.377" level="FAIL">Element '//dpp-hk-vehicle-results//div/button[@class='btn btn-sm btn-block btn-default mt-2 p-1 select-this-vehicle-btn']' not visible after 10 seconds.</msg>
<status status="FAIL" starttime="20240208 11:27:27.173" endtime="20240208 11:27:37.377"/>
</kw>
<kw name="Capture Element Screenshot" library="SeleniumLibrary">
<arg>${Retail_HK_HomePage_SearchVIN_PopUp_ShopVehicle_Button}</arg>
<doc>Captures a screenshot from the element identified by ``locator`` and embeds it into log file.</doc>
<status status="NOT RUN" starttime="20240208 11:27:37.377" endtime="20240208 11:27:37.383"/>
</kw>
<kw name="Click Element" library="SeleniumLibrary">
<arg>${Retail_HK_HomePage_SearchVIN_PopUp_ShopVehicle_Button}</arg>
<doc>Click the element identified by ``locator``.</doc>
<status status="NOT RUN" starttime="20240208 11:27:37.383" endtime="20240208 11:27:37.383"/>
</kw>
<kw name="Sleep" library="BuiltIn">
<arg>2</arg>
<doc>Pauses the test executed for the given time.</doc>
<status status="NOT RUN" starttime="20240208 11:27:37.383" endtime="20240208 11:27:37.383"/>
</kw>
<status status="FAIL" starttime="20240208 11:27:27.158" endtime="20240208 11:27:37.383"/>
</kw>
<status status="FAIL" starttime="20240208 11:27:27.158" endtime="20240208 11:27:37.383"/>
</kw>
<kw name="Run Keyword And Continue On Failure" library="BuiltIn">
<arg>TC Sleep</arg>
<doc>Runs the keyword and continues execution even if a failure occurs.</doc>
<kw name="TC Sleep" library="config">
<kw name="Sleep" library="BuiltIn">
<arg>10</arg>
<doc>Pauses the test executed for the given time.</doc>
<msg timestamp="20240208 11:27:47.385" level="INFO">Slept 10 seconds</msg>
<status status="PASS" starttime="20240208 11:27:37.383" endtime="20240208 11:27:47.385"/>
</kw>
<status status="PASS" starttime="20240208 11:27:37.383" endtime="20240208 11:27:47.385"/>
</kw>
<status status="PASS" starttime="20240208 11:27:37.383" endtime="20240208 11:27:47.385"/>
</kw>
<kw name="Run Keyword And Continue On Failure" library="BuiltIn">
<arg>User should be able to view All Parts Page</arg>
<doc>Runs the keyword and continues execution even if a failure occurs.</doc>
<kw name="User should be able to view All Parts Page" library="All_Parts_Page_Keywords">
<kw name="Wait Until Element Is Visible" library="SeleniumLibrary">
<arg>${HomePageAllCategory}</arg>
<arg>10</arg>
<doc>Waits until the element ``locator`` is visible.</doc>
<status status="PASS" starttime="20240208 11:27:47.385" endtime="20240208 11:27:47.400"/>
</kw>
<kw name="Click Element" library="SeleniumLibrary">
<arg>${HomePageAllCategory}</arg>
<doc>Click the element identified by ``locator``.</doc>
<msg timestamp="20240208 11:27:47.400" level="INFO">Clicking element '//dpp-category-navigation//a[@href='/dppretail/c/0']|//dpp-category-navigation//a[contains(text(),'All') or contains(text(),'Other')]'.</msg>
<msg timestamp="20240208 11:27:48.692" level="INFO" html="true">&lt;/td&gt;&lt;/tr&gt;&lt;tr&gt;&lt;td colspan="3"&gt;&lt;a href="Screenshots/02-08-24%2011-18/selenium-screenshot-47.png"&gt;&lt;img src="Screenshots/02-08-24%2011-18/selenium-screenshot-47.png" width="800px"&gt;&lt;/a&gt;</msg>
<msg timestamp="20240208 11:27:48.692" level="FAIL">ElementClickInterceptedException: Message: element click intercepted: Element &lt;a href="/hkretail/c/0"&gt;...&lt;/a&gt; is not clickable at point (1149, 109). Other element would receive the click: &lt;dpp-vehicle-results-dialog class="d-block fade modal show"&gt;...&lt;/dpp-vehicle-results-dialog&gt;
  (Session info: chrome=121.0.6167.141)
Stacktrace:
	GetHandleVerifier [0x00007FF7FD435E42+3538674]
	(No symbol) [0x00007FF7FD054C02]
	(No symbol) [0x00007FF7FCF05AEB]
	(No symbol) [0x00007FF7FCF533E4]
	(No symbol) [0x00007FF7FCF51122]
	(No symbol) [0x00007FF7FCF4E884]
	(No symbol) [0x00007FF7FCF4D5A9]
	(No symbol) [0x00007FF7FCF41950]
	(No symbol) [0x00007FF7FCF6F0AA]
	(No symbol) [0x00007FF7FCF4124A]
	(No symbol) [0x00007FF7FCF6F2C0]
	(No symbol) [0x00007FF7FCF8BDE3]
	(No symbol) [0x00007FF7FCF6EE53]
	(No symbol) [0x00007FF7FCF3F514]
	(No symbol) [0x00007FF7FCF40631]
	GetHandleVerifier [0x00007FF7FD466CAD+3738973]
	GetHandleVerifier [0x00007FF7FD4BC506+4089270]
	GetHandleVerifier [0x00007FF7FD4B4823+4057299]
	GetHandleVerifier [0x00007FF7FD185C49+720121]
	(No symbol) [0x00007FF7FD06126F]
	(No symbol) [0x00007FF7FD05C304]
	(No symbol) [0x00007FF7FD05C432]
	(No symbol) [0x00007FF7FD04BD04]
	(No symbol) [0x00007FFAD861257D]
	RtlUserThreadStart [0x00007FFADA10AA58+40]
</msg>
<status status="FAIL" starttime="20240208 11:27:47.400" endtime="20240208 11:27:48.692"/>
</kw>
<kw name="Wait Until Element Is Visible" library="SeleniumLibrary">
<arg>${AllProdPageLabelFilter}</arg>
<arg>10</arg>
<doc>Waits until the element ``locator`` is visible.</doc>
<status status="NOT RUN" starttime="20240208 11:27:48.692" endtime="20240208 11:27:48.692"/>
</kw>
<kw name="Wait Until Element Is Visible" library="SeleniumLibrary">
<arg>${AllProdPagePanelHeader}</arg>
<arg>10</arg>
<doc>Waits until the element ``locator`` is visible.</doc>
<status status="NOT RUN" starttime="20240208 11:27:48.692" endtime="20240208 11:27:48.692"/>
</kw>
<kw name="Capture Page Screenshot" library="SeleniumLibrary">
<doc>Takes a screenshot of the current page and embeds it into a log file.</doc>
<status status="NOT RUN" starttime="20240208 11:27:48.692" endtime="20240208 11:27:48.692"/>
</kw>
<kw name="Sleep" library="BuiltIn">
<arg>2</arg>
<doc>Pauses the test executed for the given time.</doc>
<status status="NOT RUN" starttime="20240208 11:27:48.692" endtime="20240208 11:27:48.692"/>
</kw>
<status status="FAIL" starttime="20240208 11:27:47.385" endtime="20240208 11:27:48.692"/>
</kw>
<status status="FAIL" starttime="20240208 11:27:47.385" endtime="20240208 11:27:48.692"/>
</kw>
<kw name="Run Keyword And Continue On Failure" library="BuiltIn">
<arg>User should be able to Go to Home page</arg>
<doc>Runs the keyword and continues execution even if a failure occurs.</doc>
<kw name="User should be able to Go to Home page" library="Home_Page_Keywords">
<kw name="Wait Until Element Is Visible" library="SeleniumLibrary">
<arg>${HomePageLogo}</arg>
<arg>10</arg>
<doc>Waits until the element ``locator`` is visible.</doc>
<status status="PASS" starttime="20240208 11:27:48.692" endtime="20240208 11:27:48.708"/>
</kw>
<kw name="Click Element" library="SeleniumLibrary">
<arg>${HomePageLogo}</arg>
<doc>Click the element identified by ``locator``.</doc>
<msg timestamp="20240208 11:27:48.708" level="INFO">Clicking element '//cx-page-slot[@position='SiteLogo']'.</msg>
<msg timestamp="20240208 11:27:49.942" level="INFO" html="true">&lt;/td&gt;&lt;/tr&gt;&lt;tr&gt;&lt;td colspan="3"&gt;&lt;a href="Screenshots/02-08-24%2011-18/selenium-screenshot-48.png"&gt;&lt;img src="Screenshots/02-08-24%2011-18/selenium-screenshot-48.png" width="800px"&gt;&lt;/a&gt;</msg>
<msg timestamp="20240208 11:27:49.942" level="FAIL">ElementClickInterceptedException: Message: element click intercepted: Element &lt;cx-page-slot position="SiteLogo" class="SiteLogo has-components"&gt;...&lt;/cx-page-slot&gt; is not clickable at point (262, 39). Other element would receive the click: &lt;dpp-vehicle-results-dialog class="d-block fade modal show"&gt;...&lt;/dpp-vehicle-results-dialog&gt;
  (Session info: chrome=121.0.6167.141)
Stacktrace:
	GetHandleVerifier [0x00007FF7FD435E42+3538674]
	(No symbol) [0x00007FF7FD054C02]
	(No symbol) [0x00007FF7FCF05AEB]
	(No symbol) [0x00007FF7FCF533E4]
	(No symbol) [0x00007FF7FCF51122]
	(No symbol) [0x00007FF7FCF4E884]
	(No symbol) [0x00007FF7FCF4D5A9]
	(No symbol) [0x00007FF7FCF41950]
	(No symbol) [0x00007FF7FCF6F0AA]
	(No symbol) [0x00007FF7FCF4124A]
	(No symbol) [0x00007FF7FCF6F2C0]
	(No symbol) [0x00007FF7FCF8BDE3]
	(No symbol) [0x00007FF7FCF6EE53]
	(No symbol) [0x00007FF7FCF3F514]
	(No symbol) [0x00007FF7FCF40631]
	GetHandleVerifier [0x00007FF7FD466CAD+3738973]
	GetHandleVerifier [0x00007FF7FD4BC506+4089270]
	GetHandleVerifier [0x00007FF7FD4B4823+4057299]
	GetHandleVerifier [0x00007FF7FD185C49+720121]
	(No symbol) [0x00007FF7FD06126F]
	(No symbol) [0x00007FF7FD05C304]
	(No symbol) [0x00007FF7FD05C432]
	(No symbol) [0x00007FF7FD04BD04]
	(No symbol) [0x00007FFAD861257D]
	RtlUserThreadStart [0x00007FFADA10AA58+40]
</msg>
<status status="FAIL" starttime="20240208 11:27:48.708" endtime="20240208 11:27:49.942"/>
</kw>
<kw name="Scroll Element Into View" library="SeleniumLibrary">
<arg>${HomePageLogo}</arg>
<doc>Scrolls the element identified by ``locator`` into view.</doc>
<status status="NOT RUN" starttime="20240208 11:27:49.942" endtime="20240208 11:27:49.942"/>
</kw>
<kw name="Sleep" library="BuiltIn">
<arg>2</arg>
<doc>Pauses the test executed for the given time.</doc>
<status status="NOT RUN" starttime="20240208 11:27:49.942" endtime="20240208 11:27:49.942"/>
</kw>
<status status="FAIL" starttime="20240208 11:27:48.692" endtime="20240208 11:27:49.942"/>
</kw>
<status status="FAIL" starttime="20240208 11:27:48.692" endtime="20240208 11:27:49.942"/>
</kw>
<kw name="Run Keyword And Continue On Failure" library="BuiltIn">
<arg>TC Sleep</arg>
<doc>Runs the keyword and continues execution even if a failure occurs.</doc>
<kw name="TC Sleep" library="config">
<kw name="Sleep" library="BuiltIn">
<arg>10</arg>
<doc>Pauses the test executed for the given time.</doc>
<msg timestamp="20240208 11:27:59.942" level="INFO">Slept 10 seconds</msg>
<status status="PASS" starttime="20240208 11:27:49.942" endtime="20240208 11:27:59.942"/>
</kw>
<status status="PASS" starttime="20240208 11:27:49.942" endtime="20240208 11:27:59.942"/>
</kw>
<status status="PASS" starttime="20240208 11:27:49.942" endtime="20240208 11:27:59.942"/>
</kw>
<tag>Home Page</tag>
<status status="FAIL" starttime="20240208 11:27:21.327" endtime="20240208 11:27:59.942">Several failures occurred:

1) ElementClickInterceptedException: Message: element click intercepted: Element &lt;button type="button" class="btn btn-secondary"&gt;...&lt;/button&gt; is not clickable at point (936, 361). Other element would receive the click: &lt;div class="vehicle-detail-body"&gt;...&lt;/div&gt;
  (Session info: chrome=121.0.6167.141)
Stacktrace:
	GetHandleVerifier [0x00007FF7FD435E42+3538674]
	(No symbol) [0x00007FF7FD054C02]
	(No symbol) [0x00007FF7FCF05AEB]
	(No symbol) [0x00007FF7FCF533E4]
	(No symbol) [0x00007FF7FCF51122]
	(No symbol) [0x00007FF7FCF4E884]
	(No symbol) [0x00007FF7FCF4D5A9]
	(No symbol) [0x00007FF7FCF41950]
	(No symbol) [0x00007FF7FCF6F0AA]
	(No symbol) [0x00007FF7FCF4124A]
	(No symbol) [0x00007FF7FCF6F2C0]
	(No symbol) [0x00007FF7FCF8BDE3]
    [ Message content over the limit has been removed. ]
	(No symbol) [0x00007FF7FCF4E884]
	(No symbol) [0x00007FF7FCF4D5A9]
	(No symbol) [0x00007FF7FCF41950]
	(No symbol) [0x00007FF7FCF6F0AA]
	(No symbol) [0x00007FF7FCF4124A]
	(No symbol) [0x00007FF7FCF6F2C0]
	(No symbol) [0x00007FF7FCF8BDE3]
	(No symbol) [0x00007FF7FCF6EE53]
	(No symbol) [0x00007FF7FCF3F514]
	(No symbol) [0x00007FF7FCF40631]
	GetHandleVerifier [0x00007FF7FD466CAD+3738973]
	GetHandleVerifier [0x00007FF7FD4BC506+4089270]
	GetHandleVerifier [0x00007FF7FD4B4823+4057299]
	GetHandleVerifier [0x00007FF7FD185C49+720121]
	(No symbol) [0x00007FF7FD06126F]
	(No symbol) [0x00007FF7FD05C304]
	(No symbol) [0x00007FF7FD05C432]
	(No symbol) [0x00007FF7FD04BD04]
	(No symbol) [0x00007FFAD861257D]
	RtlUserThreadStart [0x00007FFADA10AA58+40]</status>
</test>
<doc>Suite description</doc>
<status status="FAIL" starttime="20240208 11:18:14.053" endtime="20240208 11:27:59.942"/>
</suite>
<statistics>
<total>
<stat pass="29" fail="7" skip="0">All Tests</stat>
</total>
<tag>
<stat pass="1" fail="0" skip="0">Account Details Page</stat>
<stat pass="4" fail="1" skip="0">All Products Page</stat>
<stat pass="1" fail="0" skip="0">Change Password Page</stat>
<stat pass="3" fail="0" skip="0">Checkout Page</stat>
<stat pass="1" fail="0" skip="0">Company Details Page</stat>
<stat pass="4" fail="5" skip="0">Home Page</stat>
<stat pass="4" fail="0" skip="0">Login Page</stat>
<stat pass="1" fail="0" skip="0">Message Page</stat>
<stat pass="2" fail="0" skip="0">Order Page</stat>
<stat pass="1" fail="0" skip="0">Return Page</stat>
<stat pass="1" fail="0" skip="0">Saved Carts Page</stat>
<stat pass="3" fail="0" skip="0">Shopping Cart Page</stat>
<stat pass="1" fail="0" skip="0">TC001</stat>
<stat pass="1" fail="0" skip="0">Vehicle Listing Page</stat>
<stat pass="0" fail="1" skip="0">Vehicle Search</stat>
</tag>
<suite>
<stat pass="29" fail="7" skip="0" id="s1" name="HK Retail Check Bronze">HK Retail Check Bronze</stat>
</suite>
</statistics>
<errors>
<msg timestamp="20240208 11:18:14.334" level="ERROR">Error in file 'C:\Users\Danielouie.Estopace\PycharmProjects\pythonProject2\Resource\testdata\Retail\Retail_Variable.robot' on line 2145: Setting variable '//tbody//tbody//tr//td//a//font[contains(text(),'Contact Us')]' failed: Invalid variable name '//tbody//tbody//tr//td//a//font[contains(text(),'Contact Us')]'.</msg>
<msg timestamp="20240208 11:18:14.413" level="ERROR">Error in file 'C:\Users\Danielouie.Estopace\PycharmProjects\pythonProject2\Resource\Keyword\Retail\Account_Orders_Page_Keywords.robot' on line 543: Creating keyword 'User should be able to click orders with $129.0 spent in HK Retail Account Order Details Page' failed: Keyword with same name defined multiple times.</msg>
<msg timestamp="20240208 11:18:14.820" level="ERROR">Error in file 'C:\Users\Danielouie.Estopace\PycharmProjects\pythonProject2\Resource\testdata\Retail\Retail_Variable.robot' on line 407: Setting variable '${Retail_FilterListSubElements}' failed: Variable '${RandomFilterIndex}' not found.</msg>
<msg timestamp="20240208 11:24:24.883" level="WARN">Multiple tests with name 'TC-053 - User should be able to Go to Home Page in HK Retail' executed in suite 'HK Retail Check Bronze'.</msg>
</errors>
</robot>
